12:43:48|Infos|Rebirth.Auth|Init()|Starter|Line:44|Starting Auth !
12:43:49|Infos|Rebirth.Auth|Init()|Starter|Line:57|Throw in 938ms !
12:43:49|Infos|Rebirth.World|Init()|Starter|Line:42|Starting World !
12:43:49|Send|Rebirth.World|Send()|Client|Line:115|UpdateStatuServerMessage
12:43:49|Receive|Rebirth.Auth|ReceiveEvent_Completed()|WorldClient|Line:53|UpdateStatuServerMessage
12:43:50|Infos|Rebirth.World|Init()|InteractiveManager|Line:26|Interactives load = 277
12:43:50|Infos|Rebirth.World|Init()|InteractiveManager|Line:27|Interactives Datas load = 559
12:43:50|Infos|Rebirth.World|Init()|InteractiveManager|Line:28|Waypoints load = 43
12:43:50|Infos|Rebirth.World|Init()|InteractiveManager|Line:30|Interactive construtors load = 27
12:43:50|Send|Rebirth.World|Send()|Client|Line:115|UpdateStatuServerMessage
12:43:50|Infos|Rebirth.World|Init()|Starter|Line:64|Throw in 1672ms !
12:43:50|Receive|Rebirth.Auth|ReceiveEvent_Completed()|WorldClient|Line:53|UpdateStatuServerMessage
12:44:02|Send|Rebirth.Auth|Send()|Client|Line:90|ProtocolRequired
12:44:02|Send|Rebirth.Auth|Send()|Client|Line:90|RawDataMessage
12:44:02|Receive|Rebirth.Auth|ReceiveEvent_Completed()|Client|Line:60|IdentificationMessage
12:44:12|Send|Rebirth.Auth|Send()|Client|Line:90|LoginQueueStatusMessage
12:44:12|Send|Rebirth.Auth|Send()|Client|Line:90|LoginQueueStatusMessage
12:45:36|Send|Rebirth.Auth|Send()|Client|Line:90|ProtocolRequired
12:45:36|Send|Rebirth.Auth|Send()|Client|Line:90|RawDataMessage
12:45:36|Receive|Rebirth.Auth|ReceiveEvent_Completed()|Client|Line:60|IdentificationMessage
12:45:36|Send|Rebirth.Auth|Send()|Client|Line:90|LoginQueueStatusMessage
12:45:36|Send|Rebirth.Auth|Send()|Client|Line:90|LoginQueueStatusMessage
12:45:36|Send|Rebirth.Auth|Send()|Client|Line:90|IdentificationSuccessMessage
12:45:37|Send|Rebirth.Auth|Send()|Client|Line:90|ServersListMessage
12:46:31|Infos|Rebirth.Auth|Init()|Starter|Line:44|Starting Auth !
12:46:32|Infos|Rebirth.Auth|Init()|Starter|Line:57|Throw in 562ms !
12:46:32|Infos|Rebirth.World|Init()|Starter|Line:42|Starting World !
12:46:32|Send|Rebirth.World|Send()|Client|Line:115|UpdateStatuServerMessage
12:46:32|Receive|Rebirth.Auth|ReceiveEvent_Completed()|WorldClient|Line:53|UpdateStatuServerMessage
12:46:32|Infos|Rebirth.World|Init()|InteractiveManager|Line:26|Interactives load = 277
12:46:32|Infos|Rebirth.World|Init()|InteractiveManager|Line:27|Interactives Datas load = 559
12:46:32|Infos|Rebirth.World|Init()|InteractiveManager|Line:28|Waypoints load = 43
12:46:32|Infos|Rebirth.World|Init()|InteractiveManager|Line:30|Interactive construtors load = 27
12:46:32|Send|Rebirth.World|Send()|Client|Line:115|UpdateStatuServerMessage
12:46:32|Infos|Rebirth.World|Init()|Starter|Line:64|Throw in 672ms !
12:46:32|Receive|Rebirth.Auth|ReceiveEvent_Completed()|WorldClient|Line:53|UpdateStatuServerMessage
12:46:36|Send|Rebirth.Auth|Send()|Client|Line:90|ProtocolRequired
12:46:36|Send|Rebirth.Auth|Send()|Client|Line:90|RawDataMessage
12:46:36|Receive|Rebirth.Auth|ReceiveEvent_Completed()|Client|Line:60|IdentificationMessage
12:46:36|Send|Rebirth.Auth|Send()|Client|Line:90|LoginQueueStatusMessage
12:46:36|Send|Rebirth.Auth|Send()|Client|Line:90|LoginQueueStatusMessage
12:46:36|Send|Rebirth.Auth|Send()|Client|Line:90|IdentificationSuccessMessage
12:46:36|Send|Rebirth.Auth|Send()|Client|Line:90|ServersListMessage
12:46:38|Receive|Rebirth.Auth|ReceiveEvent_Completed()|Client|Line:60|ServerSelectionMessage
12:46:38|Send|Rebirth.Auth|Send()|WorldClient|Line:76|AccountInformationsMessage
12:46:38|Receive|Rebirth.World|ReceiveEvent_Completed()|Client|Line:76|AccountInformationsMessage
12:46:38|Send|Rebirth.Auth|Send()|Client|Line:90|SelectedServerDataMessage
12:46:38|Send|Rebirth.World|Send()|Client|Line:115|HelloGameMessage
12:46:38|Receive|Rebirth.World|ReceiveEvent_Completed()|Client|Line:76|AuthenticationTicketMessage
12:46:38|Send|Rebirth.World|Send()|Client|Line:115|AuthenticationTicketAcceptedMessage
12:46:39|Receive|Rebirth.World|ReceiveEvent_Completed()|Client|Line:76|CharactersListRequestMessage
12:46:39|Send|Rebirth.World|Send()|Client|Line:115|AccountCapabilitiesMessage
12:46:39|Send|Rebirth.World|Send()|Client|Line:115|CharactersListMessage
12:47:02|Receive|Rebirth.World|ReceiveEvent_Completed()|Client|Line:76|CharacterNameSuggestionRequestMessage
12:47:02|Send|Rebirth.World|Send()|Client|Line:115|CharacterNameSuggestionSuccessMessage
12:47:03|Receive|Rebirth.World|ReceiveEvent_Completed()|Client|Line:76|BasicStatWithDataMessage
12:47:03|Receive|Rebirth.World|ReceiveEvent_Completed()|Client|Line:76|CharacterCreationRequestMessage
12:47:04|Error|Rebirth.Common|Execute()|DispatcherCore|Line:53|Unknow treatment for : BasicStatWithDataMessage
12:47:57|Infos|Rebirth.Auth|Init()|Starter|Line:44|Starting Auth !
12:47:58|Infos|Rebirth.Auth|Init()|Starter|Line:57|Throw in 547ms !
12:47:58|Infos|Rebirth.World|Init()|Starter|Line:42|Starting World !
12:47:58|Send|Rebirth.World|Send()|Client|Line:115|UpdateStatuServerMessage
12:47:58|Receive|Rebirth.Auth|ReceiveEvent_Completed()|WorldClient|Line:53|UpdateStatuServerMessage
12:47:58|Infos|Rebirth.World|Init()|InteractiveManager|Line:26|Interactives load = 277
12:47:58|Infos|Rebirth.World|Init()|InteractiveManager|Line:27|Interactives Datas load = 559
12:47:59|Infos|Rebirth.World|Init()|InteractiveManager|Line:28|Waypoints load = 43
12:47:59|Infos|Rebirth.World|Init()|InteractiveManager|Line:30|Interactive construtors load = 27
12:47:59|Send|Rebirth.World|Send()|Client|Line:115|UpdateStatuServerMessage
12:47:59|Infos|Rebirth.World|Init()|Starter|Line:64|Throw in 656ms !
12:47:59|Receive|Rebirth.Auth|ReceiveEvent_Completed()|WorldClient|Line:53|UpdateStatuServerMessage
12:47:59|Send|Rebirth.Auth|Send()|Client|Line:90|ProtocolRequired
12:47:59|Send|Rebirth.Auth|Send()|Client|Line:90|RawDataMessage
12:47:59|Receive|Rebirth.Auth|ReceiveEvent_Completed()|Client|Line:60|IdentificationMessage
12:47:59|Send|Rebirth.Auth|Send()|Client|Line:90|LoginQueueStatusMessage
12:48:00|Send|Rebirth.Auth|Send()|Client|Line:90|LoginQueueStatusMessage
12:48:00|Send|Rebirth.Auth|Send()|Client|Line:90|IdentificationSuccessMessage
12:48:00|Send|Rebirth.Auth|Send()|Client|Line:90|ServersListMessage
12:48:01|Receive|Rebirth.Auth|ReceiveEvent_Completed()|Client|Line:60|ServerSelectionMessage
12:48:01|Send|Rebirth.Auth|Send()|WorldClient|Line:76|AccountInformationsMessage
12:48:01|Receive|Rebirth.World|ReceiveEvent_Completed()|Client|Line:76|AccountInformationsMessage
12:48:01|Send|Rebirth.Auth|Send()|Client|Line:90|SelectedServerDataMessage
12:48:01|Send|Rebirth.World|Send()|Client|Line:115|HelloGameMessage
12:48:01|Receive|Rebirth.World|ReceiveEvent_Completed()|Client|Line:76|AuthenticationTicketMessage
12:48:01|Send|Rebirth.World|Send()|Client|Line:115|AuthenticationTicketAcceptedMessage
12:48:02|Receive|Rebirth.World|ReceiveEvent_Completed()|Client|Line:76|CharactersListRequestMessage
12:48:02|Send|Rebirth.World|Send()|Client|Line:115|AccountCapabilitiesMessage
12:48:02|Send|Rebirth.World|Send()|Client|Line:115|CharactersListMessage
12:48:11|Receive|Rebirth.World|ReceiveEvent_Completed()|Client|Line:76|CharacterNameSuggestionRequestMessage
12:48:11|Send|Rebirth.World|Send()|Client|Line:115|CharacterNameSuggestionSuccessMessage
12:48:12|Receive|Rebirth.World|ReceiveEvent_Completed()|Client|Line:76|BasicStatWithDataMessage
12:48:12|Receive|Rebirth.World|ReceiveEvent_Completed()|Client|Line:76|CharacterCreationRequestMessage
12:48:12|Error|Rebirth.Common|Execute()|DispatcherCore|Line:53|Unknow treatment for : BasicStatWithDataMessage
12:48:12|Send|Rebirth.World|Send()|Client|Line:115|CreateCharacterMessage
12:48:12|Receive|Rebirth.Auth|ReceiveEvent_Completed()|WorldClient|Line:53|CreateCharacterMessage
12:48:12|Send|Rebirth.World|Send()|Client|Line:115|CharacterCreationResultMessage
12:48:12|Send|Rebirth.World|Send()|Client|Line:115|BasicNoOperationMessage
12:48:12|Send|Rebirth.World|Send()|Client|Line:115|CharactersListMessage
12:48:12|Receive|Rebirth.World|ReceiveEvent_Completed()|Client|Line:76|CharacterSelectionMessage
12:48:12|Send|Rebirth.World|Send()|Client|Line:115|NotificationListMessage
12:48:12|Send|Rebirth.World|Send()|Client|Line:115|CharacterSelectedSuccessMessage
12:48:12|Send|Rebirth.World|Send()|Client|Line:115|InventoryContentMessage
12:48:12|Send|Rebirth.World|Send()|Client|Line:115|ShortcutBarContentMessage
12:48:13|Send|Rebirth.World|Send()|Client|Line:115|ShortcutBarContentMessage
12:48:13|Send|Rebirth.World|Send()|Client|Line:115|RoomAvailableUpdateMessage
12:48:13|Send|Rebirth.World|Send()|Client|Line:115|HavenBagPackListMessage
12:48:13|Send|Rebirth.World|Send()|Client|Line:115|EmoteListMessage
12:48:13|Send|Rebirth.World|Send()|Client|Line:115|JobDescriptionMessage
12:48:13|Send|Rebirth.World|Send()|Client|Line:115|JobExperienceMultiUpdateMessage
12:48:13|Send|Rebirth.World|Send()|Client|Line:115|JobCrafterDirectorySettingsMessage
12:48:13|Send|Rebirth.World|Send()|Client|Line:115|AlignmentRankUpdateMessage
12:48:13|Send|Rebirth.World|Send()|Client|Line:115|DareCreatedListMessage
12:48:13|Send|Rebirth.World|Send()|Client|Line:115|DareSubscribedListMessage
12:48:13|Send|Rebirth.World|Send()|Client|Line:115|DareWonListMessage
12:48:13|Send|Rebirth.World|Send()|Client|Line:115|DareRewardsListMessage
12:48:13|Send|Rebirth.World|Send()|Client|Line:115|PrismsListMessage
12:48:13|Send|Rebirth.World|Send()|Client|Line:115|EnabledChannelsMessage
12:48:13|Send|Rebirth.World|Send()|Client|Line:115|SpellListMessage
12:48:13|Send|Rebirth.World|Send()|Client|Line:115|ShortcutBarContentMessage
12:48:14|Send|Rebirth.World|Send()|Client|Line:115|InventoryWeightMessage
12:48:14|Send|Rebirth.World|Send()|Client|Line:115|FriendWarnOnConnectionStateMessage
12:48:14|Send|Rebirth.World|Send()|Client|Line:115|FriendWarnOnLevelGainStateMessage
12:48:14|Send|Rebirth.World|Send()|Client|Line:115|FriendGuildWarnOnAchievementCompleteStateMessage
12:48:14|Send|Rebirth.World|Send()|Client|Line:115|WarnOnPermaDeathStateMessage
12:48:14|Send|Rebirth.World|Send()|Client|Line:115|GuildMemberWarnOnConnectionStateMessage
12:48:14|Send|Rebirth.World|Send()|Client|Line:115|ServerExperienceModificatorMessage
12:48:14|Send|Rebirth.World|Send()|Client|Line:115|SpouseStatusMessage
12:48:14|Send|Rebirth.World|Send()|Client|Line:115|AchievementListMessage
12:48:14|Send|Rebirth.World|Send()|Client|Line:115|GameRolePlayArenaUpdatePlayerInfosMessage
12:48:14|Send|Rebirth.World|Send()|Client|Line:115|CharacterCapabilitiesMessage
12:48:14|Send|Rebirth.World|Send()|Client|Line:115|AlmanachCalendarDateMessage
12:48:14|Send|Rebirth.World|Send()|Client|Line:115|IdolListMessage
12:48:14|Send|Rebirth.World|Send()|Client|Line:115|MailStatusMessage
12:48:14|Send|Rebirth.World|Send()|Client|Line:115|StartupActionsListMessage
12:48:14|Send|Rebirth.World|Send()|Client|Line:115|CharacterLoadingCompleteMessage
12:48:15|Receive|Rebirth.World|ReceiveEvent_Completed()|Client|Line:76|FriendsGetListMessage
12:48:15|Receive|Rebirth.World|ReceiveEvent_Completed()|Client|Line:76|IgnoredGetListMessage
12:48:15|Receive|Rebirth.World|ReceiveEvent_Completed()|Client|Line:76|SpouseGetInformationsMessage
12:48:15|Error|Rebirth.Common|Execute()|DispatcherCore|Line:53|Unknow treatment for : FriendsGetListMessage
12:48:15|Error|Rebirth.Common|Execute()|DispatcherCore|Line:53|Unknow treatment for : IgnoredGetListMessage
12:48:15|Error|Rebirth.Common|Execute()|DispatcherCore|Line:53|Unknow treatment for : SpouseGetInformationsMessage
12:48:17|Receive|Rebirth.World|ReceiveEvent_Completed()|Client|Line:76|ClientKeyMessage
12:48:17|Error|Rebirth.Common|Execute()|DispatcherCore|Line:53|Unknow treatment for : ClientKeyMessage
12:48:17|Receive|Rebirth.World|ReceiveEvent_Completed()|Client|Line:76|GameContextCreateRequestMessage
12:48:17|Send|Rebirth.World|Send()|Client|Line:115|GameContextDestroyMessage
12:48:17|Send|Rebirth.World|Send()|Client|Line:115|GameContextCreateMessage
12:48:17|Send|Rebirth.World|Send()|Client|Line:115|CurrentMapMessage
12:48:17|Send|Rebirth.World|Send()|Client|Line:115|BasicTimeMessage
12:48:17|Send|Rebirth.World|Send()|Client|Line:115|CharacterStatsListMessage
12:48:27|Receive|Rebirth.World|ReceiveEvent_Completed()|Client|Line:76|QuestListRequestMessage
12:48:27|Send|Rebirth.World|Send()|Client|Line:115|QuestListMessage
12:48:27|Receive|Rebirth.World|ReceiveEvent_Completed()|Client|Line:76|QuestListRequestMessage
12:48:27|Send|Rebirth.World|Send()|Client|Line:115|QuestListMessage
12:48:29|Receive|Rebirth.World|ReceiveEvent_Completed()|Client|Line:76|MapInformationsRequestMessage
12:48:29|Send|Rebirth.World|Send()|Client|Line:115|MapComplementaryInformationsDataMessage
12:48:29|Receive|Rebirth.World|ReceiveEvent_Completed()|Client|Line:76|HaapiApiKeyRequestMessage
12:48:29|Error|Rebirth.Common|Execute()|DispatcherCore|Line:53|Unknow treatment for : HaapiApiKeyRequestMessage
12:48:31|Receive|Rebirth.World|ReceiveEvent_Completed()|Client|Line:76|GameMapMovementRequestMessage
12:48:31|Send|Rebirth.World|Send()|Client|Line:115|GameMapMovementMessage
12:48:32|Receive|Rebirth.World|ReceiveEvent_Completed()|Client|Line:76|GameMapMovementConfirmMessage
12:48:33|Receive|Rebirth.World|ReceiveEvent_Completed()|Client|Line:76|GameMapMovementRequestMessage
12:48:33|Send|Rebirth.World|Send()|Client|Line:115|GameMapMovementMessage
12:48:35|Receive|Rebirth.World|ReceiveEvent_Completed()|Client|Line:76|GameMapMovementConfirmMessage
12:48:35|Receive|Rebirth.World|ReceiveEvent_Completed()|Client|Line:76|ChangeMapMessage
12:48:35|Send|Rebirth.World|Send()|Client|Line:115|CurrentMapMessage
12:48:35|Send|Rebirth.World|Send()|Client|Line:115|BasicTimeMessage
12:48:35|Receive|Rebirth.World|ReceiveEvent_Completed()|Client|Line:76|MapInformationsRequestMessage
12:48:36|Send|Rebirth.World|Send()|Client|Line:115|MapComplementaryInformationsDataMessage
12:48:37|Receive|Rebirth.World|ReceiveEvent_Completed()|Client|Line:76|GameMapMovementRequestMessage
12:48:37|Send|Rebirth.World|Send()|Client|Line:115|GameMapMovementMessage
12:48:38|Receive|Rebirth.World|ReceiveEvent_Completed()|Client|Line:76|GameMapMovementConfirmMessage
12:48:38|Receive|Rebirth.World|ReceiveEvent_Completed()|Client|Line:76|InteractiveUseRequestMessage
12:48:38|Error|Rebirth.World|GetDatasById()|InteractiveManager|Line:49|Interactive '489331' don't work !
12:48:39|Send|Rebirth.World|Send()|Client|Line:115|ChatServerMessage
12:48:39|Send|Rebirth.World|Send()|Client|Line:115|InteractiveUseErrorMessage
12:48:39|Receive|Rebirth.World|ReceiveEvent_Completed()|Client|Line:76|GameMapMovementRequestMessage
12:48:40|Send|Rebirth.World|Send()|Client|Line:115|GameMapMovementMessage
12:48:41|Receive|Rebirth.World|ReceiveEvent_Completed()|Client|Line:76|GameMapMovementConfirmMessage
12:48:42|Receive|Rebirth.World|ReceiveEvent_Completed()|Client|Line:76|GameMapMovementRequestMessage
12:48:42|Send|Rebirth.World|Send()|Client|Line:115|GameMapMovementMessage
12:48:43|Receive|Rebirth.World|ReceiveEvent_Completed()|Client|Line:76|GameMapMovementConfirmMessage
12:48:43|Receive|Rebirth.World|ReceiveEvent_Completed()|Client|Line:76|InteractiveUseRequestMessage
12:48:43|Send|Rebirth.World|Send()|Client|Line:115|InteractiveUsedMessage
12:48:43|Send|Rebirth.World|Send()|Client|Line:115|ZaapListMessage
12:48:45|Receive|Rebirth.World|ReceiveEvent_Completed()|Client|Line:76|TeleportRequestMessage
12:48:45|Send|Rebirth.World|Send()|Client|Line:115|LeaveDialogMessage
12:48:45|Send|Rebirth.World|Send()|Client|Line:115|CurrentMapMessage
12:48:45|Send|Rebirth.World|Send()|Client|Line:115|BasicTimeMessage
12:48:47|Receive|Rebirth.World|ReceiveEvent_Completed()|Client|Line:76|MapInformationsRequestMessage
12:48:47|Send|Rebirth.World|Send()|Client|Line:115|MapComplementaryInformationsDataMessage
12:48:48|Receive|Rebirth.World|ReceiveEvent_Completed()|Client|Line:76|GameMapMovementRequestMessage
12:48:48|Send|Rebirth.World|Send()|Client|Line:115|GameMapMovementMessage
12:48:50|Receive|Rebirth.World|ReceiveEvent_Completed()|Client|Line:76|GameMapMovementConfirmMessage
12:48:50|Receive|Rebirth.World|ReceiveEvent_Completed()|Client|Line:76|GameMapMovementRequestMessage
12:48:50|Send|Rebirth.World|Send()|Client|Line:115|GameMapMovementMessage
12:48:51|Receive|Rebirth.World|ReceiveEvent_Completed()|Client|Line:76|GameMapMovementConfirmMessage
12:48:51|Receive|Rebirth.World|ReceiveEvent_Completed()|Client|Line:76|InteractiveUseRequestMessage
12:48:51|Send|Rebirth.World|Send()|Client|Line:115|CurrentMapMessage
12:48:51|Send|Rebirth.World|Send()|Client|Line:115|BasicTimeMessage
12:48:51|Send|Rebirth.World|Send()|Client|Line:115|InteractiveUsedMessage
12:48:51|Receive|Rebirth.World|ReceiveEvent_Completed()|Client|Line:76|MapInformationsRequestMessage
12:48:51|Send|Rebirth.World|Send()|Client|Line:115|MapComplementaryInformationsDataMessage
12:51:13|Infos|Rebirth.Auth|Init()|Starter|Line:44|Starting Auth !
12:51:14|Infos|Rebirth.Auth|Init()|Starter|Line:57|Throw in 578ms !
12:51:14|Infos|Rebirth.World|Init()|Starter|Line:42|Starting World !
12:51:14|Send|Rebirth.World|Send()|Client|Line:115|UpdateStatuServerMessage
12:51:14|Receive|Rebirth.Auth|ReceiveEvent_Completed()|WorldClient|Line:53|UpdateStatuServerMessage
12:51:14|Infos|Rebirth.World|Init()|InteractiveManager|Line:26|Interactives load = 277
12:51:14|Infos|Rebirth.World|Init()|InteractiveManager|Line:27|Interactives Datas load = 559
12:51:14|Infos|Rebirth.World|Init()|InteractiveManager|Line:28|Waypoints load = 43
12:51:14|Infos|Rebirth.World|Init()|InteractiveManager|Line:30|Interactive construtors load = 27
12:51:14|Send|Rebirth.World|Send()|Client|Line:115|UpdateStatuServerMessage
12:51:15|Infos|Rebirth.World|Init()|Starter|Line:64|Throw in 672ms !
12:51:15|Receive|Rebirth.Auth|ReceiveEvent_Completed()|WorldClient|Line:53|UpdateStatuServerMessage
12:51:17|Send|Rebirth.Auth|Send()|Client|Line:90|ProtocolRequired
12:51:17|Send|Rebirth.Auth|Send()|Client|Line:90|RawDataMessage
12:51:17|Receive|Rebirth.Auth|ReceiveEvent_Completed()|Client|Line:60|IdentificationMessage
12:51:17|Send|Rebirth.Auth|Send()|Client|Line:90|LoginQueueStatusMessage
12:51:17|Send|Rebirth.Auth|Send()|Client|Line:90|LoginQueueStatusMessage
12:51:17|Send|Rebirth.Auth|Send()|Client|Line:90|IdentificationSuccessMessage
12:51:17|Send|Rebirth.Auth|Send()|Client|Line:90|ServersListMessage
12:51:18|Receive|Rebirth.Auth|ReceiveEvent_Completed()|Client|Line:60|ServerSelectionMessage
12:51:18|Send|Rebirth.Auth|Send()|WorldClient|Line:76|AccountInformationsMessage
12:51:19|Receive|Rebirth.World|ReceiveEvent_Completed()|Client|Line:76|AccountInformationsMessage
12:51:19|Send|Rebirth.Auth|Send()|Client|Line:90|SelectedServerDataMessage
12:51:19|Send|Rebirth.World|Send()|Client|Line:115|HelloGameMessage
12:51:19|Receive|Rebirth.World|ReceiveEvent_Completed()|Client|Line:76|AuthenticationTicketMessage
12:51:19|Send|Rebirth.World|Send()|Client|Line:115|AuthenticationTicketAcceptedMessage
12:51:20|Receive|Rebirth.World|ReceiveEvent_Completed()|Client|Line:76|CharactersListRequestMessage
12:51:20|Send|Rebirth.World|Send()|Client|Line:115|AccountCapabilitiesMessage
12:51:20|Send|Rebirth.World|Send()|Client|Line:115|CharactersListMessage
12:51:21|Receive|Rebirth.World|ReceiveEvent_Completed()|Client|Line:76|CharacterSelectionMessage
12:51:21|Send|Rebirth.World|Send()|Client|Line:115|NotificationListMessage
12:51:21|Send|Rebirth.World|Send()|Client|Line:115|CharacterSelectedSuccessMessage
12:51:21|Send|Rebirth.World|Send()|Client|Line:115|InventoryContentMessage
12:51:21|Send|Rebirth.World|Send()|Client|Line:115|ShortcutBarContentMessage
12:51:21|Send|Rebirth.World|Send()|Client|Line:115|ShortcutBarContentMessage
12:51:21|Send|Rebirth.World|Send()|Client|Line:115|RoomAvailableUpdateMessage
12:51:21|Send|Rebirth.World|Send()|Client|Line:115|HavenBagPackListMessage
12:51:21|Send|Rebirth.World|Send()|Client|Line:115|EmoteListMessage
12:51:21|Send|Rebirth.World|Send()|Client|Line:115|JobDescriptionMessage
12:51:22|Send|Rebirth.World|Send()|Client|Line:115|JobExperienceMultiUpdateMessage
12:51:22|Send|Rebirth.World|Send()|Client|Line:115|JobCrafterDirectorySettingsMessage
12:51:22|Send|Rebirth.World|Send()|Client|Line:115|AlignmentRankUpdateMessage
12:51:22|Send|Rebirth.World|Send()|Client|Line:115|DareCreatedListMessage
12:51:22|Send|Rebirth.World|Send()|Client|Line:115|DareSubscribedListMessage
12:51:22|Send|Rebirth.World|Send()|Client|Line:115|DareWonListMessage
12:51:22|Send|Rebirth.World|Send()|Client|Line:115|DareRewardsListMessage
12:51:22|Send|Rebirth.World|Send()|Client|Line:115|PrismsListMessage
12:51:22|Send|Rebirth.World|Send()|Client|Line:115|EnabledChannelsMessage
12:51:22|Send|Rebirth.World|Send()|Client|Line:115|SpellListMessage
12:51:22|Send|Rebirth.World|Send()|Client|Line:115|ShortcutBarContentMessage
12:51:22|Send|Rebirth.World|Send()|Client|Line:115|InventoryWeightMessage
12:51:22|Send|Rebirth.World|Send()|Client|Line:115|FriendWarnOnConnectionStateMessage
12:51:22|Send|Rebirth.World|Send()|Client|Line:115|FriendWarnOnLevelGainStateMessage
12:51:22|Send|Rebirth.World|Send()|Client|Line:115|FriendGuildWarnOnAchievementCompleteStateMessage
12:51:22|Send|Rebirth.World|Send()|Client|Line:115|WarnOnPermaDeathStateMessage
12:51:23|Send|Rebirth.World|Send()|Client|Line:115|GuildMemberWarnOnConnectionStateMessage
12:51:23|Send|Rebirth.World|Send()|Client|Line:115|ServerExperienceModificatorMessage
12:51:23|Send|Rebirth.World|Send()|Client|Line:115|SpouseStatusMessage
12:51:23|Send|Rebirth.World|Send()|Client|Line:115|AchievementListMessage
12:51:23|Send|Rebirth.World|Send()|Client|Line:115|GameRolePlayArenaUpdatePlayerInfosMessage
12:51:23|Send|Rebirth.World|Send()|Client|Line:115|CharacterCapabilitiesMessage
12:51:23|Send|Rebirth.World|Send()|Client|Line:115|AlmanachCalendarDateMessage
12:51:23|Send|Rebirth.World|Send()|Client|Line:115|IdolListMessage
12:51:23|Send|Rebirth.World|Send()|Client|Line:115|MailStatusMessage
12:51:23|Send|Rebirth.World|Send()|Client|Line:115|StartupActionsListMessage
12:51:23|Send|Rebirth.World|Send()|Client|Line:115|CharacterLoadingCompleteMessage
12:51:23|Receive|Rebirth.World|ReceiveEvent_Completed()|Client|Line:76|FriendsGetListMessage
12:51:23|Receive|Rebirth.World|ReceiveEvent_Completed()|Client|Line:76|IgnoredGetListMessage
12:51:23|Error|Rebirth.Common|Execute()|DispatcherCore|Line:53|Unknow treatment for : FriendsGetListMessage
12:51:23|Error|Rebirth.Common|Execute()|DispatcherCore|Line:53|Unknow treatment for : IgnoredGetListMessage
12:51:26|Receive|Rebirth.World|ReceiveEvent_Completed()|Client|Line:76|ClientKeyMessage
12:51:26|Error|Rebirth.Common|Execute()|DispatcherCore|Line:53|Unknow treatment for : ClientKeyMessage
12:51:26|Receive|Rebirth.World|ReceiveEvent_Completed()|Client|Line:76|GameContextCreateRequestMessage
12:51:26|Send|Rebirth.World|Send()|Client|Line:115|GameContextDestroyMessage
12:51:26|Send|Rebirth.World|Send()|Client|Line:115|GameContextCreateMessage
12:51:26|Send|Rebirth.World|Send()|Client|Line:115|CurrentMapMessage
12:51:26|Send|Rebirth.World|Send()|Client|Line:115|BasicTimeMessage
12:51:26|Send|Rebirth.World|Send()|Client|Line:115|CharacterStatsListMessage
12:51:26|Receive|Rebirth.World|ReceiveEvent_Completed()|Client|Line:76|QuestListRequestMessage
12:51:26|Send|Rebirth.World|Send()|Client|Line:115|QuestListMessage
12:51:26|Receive|Rebirth.World|ReceiveEvent_Completed()|Client|Line:76|QuestListRequestMessage
12:51:26|Send|Rebirth.World|Send()|Client|Line:115|QuestListMessage
12:51:28|Receive|Rebirth.World|ReceiveEvent_Completed()|Client|Line:76|MapInformationsRequestMessage
12:51:28|Send|Rebirth.World|Send()|Client|Line:115|MapComplementaryInformationsWithCoordsMessage
12:51:28|Receive|Rebirth.World|ReceiveEvent_Completed()|Client|Line:76|HaapiApiKeyRequestMessage
12:51:28|Error|Rebirth.Common|Execute()|DispatcherCore|Line:53|Unknow treatment for : HaapiApiKeyRequestMessage
12:51:30|Receive|Rebirth.World|ReceiveEvent_Completed()|Client|Line:76|GameMapMovementRequestMessage
12:51:30|Send|Rebirth.World|Send()|Client|Line:115|GameMapMovementMessage
12:51:30|Receive|Rebirth.World|ReceiveEvent_Completed()|Client|Line:76|GameMapMovementConfirmMessage
12:51:32|Receive|Rebirth.World|ReceiveEvent_Completed()|Client|Line:76|GameMapMovementRequestMessage
12:51:32|Send|Rebirth.World|Send()|Client|Line:115|GameMapMovementMessage
12:51:34|Receive|Rebirth.World|ReceiveEvent_Completed()|Client|Line:76|GameMapMovementConfirmMessage
12:51:34|Receive|Rebirth.World|ReceiveEvent_Completed()|Client|Line:76|ChangeMapMessage
12:51:34|Send|Rebirth.World|Send()|Client|Line:115|CurrentMapMessage
12:51:34|Send|Rebirth.World|Send()|Client|Line:115|BasicTimeMessage
12:51:35|Receive|Rebirth.World|ReceiveEvent_Completed()|Client|Line:76|MapInformationsRequestMessage
12:51:35|Send|Rebirth.World|Send()|Client|Line:115|MapComplementaryInformationsWithCoordsMessage
12:51:36|Receive|Rebirth.World|ReceiveEvent_Completed()|Client|Line:76|GameMapMovementRequestMessage
12:51:36|Send|Rebirth.World|Send()|Client|Line:115|GameMapMovementMessage
12:51:39|Receive|Rebirth.World|ReceiveEvent_Completed()|Client|Line:76|GameMapMovementConfirmMessage
12:51:39|Receive|Rebirth.World|ReceiveEvent_Completed()|Client|Line:76|InteractiveUseRequestMessage
12:51:39|Send|Rebirth.World|Send()|Client|Line:115|InteractiveUsedMessage
12:51:39|Send|Rebirth.World|Send()|Client|Line:115|ZaapListMessage
12:51:43|Receive|Rebirth.World|ReceiveEvent_Completed()|Client|Line:76|TeleportRequestMessage
12:51:43|Send|Rebirth.World|Send()|Client|Line:115|LeaveDialogMessage
12:51:43|Send|Rebirth.World|Send()|Client|Line:115|CurrentMapMessage
12:51:43|Send|Rebirth.World|Send()|Client|Line:115|BasicTimeMessage
12:51:44|Receive|Rebirth.World|ReceiveEvent_Completed()|Client|Line:76|MapInformationsRequestMessage
12:51:44|Send|Rebirth.World|Send()|Client|Line:115|MapComplementaryInformationsWithCoordsMessage
12:51:45|Receive|Rebirth.World|ReceiveEvent_Completed()|Client|Line:76|GameMapMovementRequestMessage
12:51:45|Send|Rebirth.World|Send()|Client|Line:115|GameMapMovementMessage
12:51:46|Receive|Rebirth.World|ReceiveEvent_Completed()|Client|Line:76|GameMapMovementConfirmMessage
12:51:47|Receive|Rebirth.World|ReceiveEvent_Completed()|Client|Line:76|GameMapMovementRequestMessage
12:51:47|Send|Rebirth.World|Send()|Client|Line:115|GameMapMovementMessage
12:51:48|Receive|Rebirth.World|ReceiveEvent_Completed()|Client|Line:76|GameMapMovementConfirmMessage
12:51:48|Receive|Rebirth.World|ReceiveEvent_Completed()|Client|Line:76|InteractiveUseRequestMessage
12:51:48|Send|Rebirth.World|Send()|Client|Line:115|CurrentMapMessage
12:51:48|Send|Rebirth.World|Send()|Client|Line:115|BasicTimeMessage
12:51:48|Send|Rebirth.World|Send()|Client|Line:115|InteractiveUsedMessage
12:51:49|Receive|Rebirth.World|ReceiveEvent_Completed()|Client|Line:76|MapInformationsRequestMessage
12:51:49|Send|Rebirth.World|Send()|Client|Line:115|MapComplementaryInformationsWithCoordsMessage
12:53:38|Infos|Rebirth.Auth|Init()|Starter|Line:44|Starting Auth !
12:53:38|Infos|Rebirth.Auth|Init()|Starter|Line:57|Throw in 562ms !
12:53:38|Infos|Rebirth.World|Init()|Starter|Line:42|Starting World !
12:53:38|Send|Rebirth.World|Send()|Client|Line:115|UpdateStatuServerMessage
12:53:39|Receive|Rebirth.Auth|ReceiveEvent_Completed()|WorldClient|Line:53|UpdateStatuServerMessage
12:53:39|Infos|Rebirth.World|Init()|InteractiveManager|Line:26|Interactives load = 277
12:53:39|Infos|Rebirth.World|Init()|InteractiveManager|Line:27|Interactives Datas load = 559
12:53:39|Infos|Rebirth.World|Init()|InteractiveManager|Line:28|Waypoints load = 43
12:53:39|Infos|Rebirth.World|Init()|InteractiveManager|Line:30|Interactive construtors load = 27
12:53:39|Send|Rebirth.World|Send()|Client|Line:115|UpdateStatuServerMessage
12:53:39|Infos|Rebirth.World|Init()|Starter|Line:64|Throw in 703ms !
12:53:39|Receive|Rebirth.Auth|ReceiveEvent_Completed()|WorldClient|Line:53|UpdateStatuServerMessage
12:53:42|Send|Rebirth.Auth|Send()|Client|Line:90|ProtocolRequired
12:53:43|Send|Rebirth.Auth|Send()|Client|Line:90|RawDataMessage
12:53:43|Receive|Rebirth.Auth|ReceiveEvent_Completed()|Client|Line:60|IdentificationMessage
12:53:43|Send|Rebirth.Auth|Send()|Client|Line:90|LoginQueueStatusMessage
12:53:43|Send|Rebirth.Auth|Send()|Client|Line:90|LoginQueueStatusMessage
12:53:43|Send|Rebirth.Auth|Send()|Client|Line:90|IdentificationSuccessMessage
12:53:43|Send|Rebirth.Auth|Send()|Client|Line:90|ServersListMessage
12:53:44|Receive|Rebirth.Auth|ReceiveEvent_Completed()|Client|Line:60|ServerSelectionMessage
12:53:44|Send|Rebirth.Auth|Send()|WorldClient|Line:76|AccountInformationsMessage
12:53:44|Receive|Rebirth.World|ReceiveEvent_Completed()|Client|Line:76|AccountInformationsMessage
12:53:44|Send|Rebirth.Auth|Send()|Client|Line:90|SelectedServerDataMessage
12:53:45|Send|Rebirth.World|Send()|Client|Line:115|HelloGameMessage
12:53:45|Receive|Rebirth.World|ReceiveEvent_Completed()|Client|Line:76|AuthenticationTicketMessage
12:53:45|Send|Rebirth.World|Send()|Client|Line:115|AuthenticationTicketAcceptedMessage
12:53:45|Receive|Rebirth.World|ReceiveEvent_Completed()|Client|Line:76|CharactersListRequestMessage
12:53:45|Send|Rebirth.World|Send()|Client|Line:115|AccountCapabilitiesMessage
12:53:45|Send|Rebirth.World|Send()|Client|Line:115|CharactersListMessage
12:53:50|Receive|Rebirth.World|ReceiveEvent_Completed()|Client|Line:76|CharacterSelectionMessage
12:53:50|Send|Rebirth.World|Send()|Client|Line:115|NotificationListMessage
12:53:50|Send|Rebirth.World|Send()|Client|Line:115|CharacterSelectedSuccessMessage
12:53:50|Send|Rebirth.World|Send()|Client|Line:115|InventoryContentMessage
12:53:50|Send|Rebirth.World|Send()|Client|Line:115|ShortcutBarContentMessage
12:53:50|Send|Rebirth.World|Send()|Client|Line:115|ShortcutBarContentMessage
12:53:50|Send|Rebirth.World|Send()|Client|Line:115|RoomAvailableUpdateMessage
12:53:50|Send|Rebirth.World|Send()|Client|Line:115|HavenBagPackListMessage
12:53:50|Send|Rebirth.World|Send()|Client|Line:115|EmoteListMessage
12:53:50|Send|Rebirth.World|Send()|Client|Line:115|JobDescriptionMessage
12:53:50|Send|Rebirth.World|Send()|Client|Line:115|JobExperienceMultiUpdateMessage
12:53:50|Send|Rebirth.World|Send()|Client|Line:115|JobCrafterDirectorySettingsMessage
12:53:50|Send|Rebirth.World|Send()|Client|Line:115|AlignmentRankUpdateMessage
12:53:50|Send|Rebirth.World|Send()|Client|Line:115|DareCreatedListMessage
12:53:50|Send|Rebirth.World|Send()|Client|Line:115|DareSubscribedListMessage
12:53:51|Send|Rebirth.World|Send()|Client|Line:115|DareWonListMessage
12:53:51|Send|Rebirth.World|Send()|Client|Line:115|DareRewardsListMessage
12:53:51|Send|Rebirth.World|Send()|Client|Line:115|PrismsListMessage
12:53:51|Send|Rebirth.World|Send()|Client|Line:115|EnabledChannelsMessage
12:53:51|Send|Rebirth.World|Send()|Client|Line:115|SpellListMessage
12:53:51|Send|Rebirth.World|Send()|Client|Line:115|ShortcutBarContentMessage
12:53:51|Send|Rebirth.World|Send()|Client|Line:115|InventoryWeightMessage
12:53:51|Send|Rebirth.World|Send()|Client|Line:115|FriendWarnOnConnectionStateMessage
12:53:51|Send|Rebirth.World|Send()|Client|Line:115|FriendWarnOnLevelGainStateMessage
12:53:51|Send|Rebirth.World|Send()|Client|Line:115|FriendGuildWarnOnAchievementCompleteStateMessage
12:53:51|Send|Rebirth.World|Send()|Client|Line:115|WarnOnPermaDeathStateMessage
12:53:51|Send|Rebirth.World|Send()|Client|Line:115|GuildMemberWarnOnConnectionStateMessage
12:53:51|Send|Rebirth.World|Send()|Client|Line:115|ServerExperienceModificatorMessage
12:53:51|Send|Rebirth.World|Send()|Client|Line:115|SpouseStatusMessage
12:53:51|Send|Rebirth.World|Send()|Client|Line:115|AchievementListMessage
12:53:51|Send|Rebirth.World|Send()|Client|Line:115|GameRolePlayArenaUpdatePlayerInfosMessage
12:53:52|Send|Rebirth.World|Send()|Client|Line:115|CharacterCapabilitiesMessage
12:53:52|Send|Rebirth.World|Send()|Client|Line:115|AlmanachCalendarDateMessage
12:53:52|Send|Rebirth.World|Send()|Client|Line:115|IdolListMessage
12:53:52|Send|Rebirth.World|Send()|Client|Line:115|MailStatusMessage
12:53:52|Send|Rebirth.World|Send()|Client|Line:115|StartupActionsListMessage
12:53:52|Send|Rebirth.World|Send()|Client|Line:115|CharacterLoadingCompleteMessage
12:53:52|Receive|Rebirth.World|ReceiveEvent_Completed()|Client|Line:76|FriendsGetListMessage
12:53:52|Receive|Rebirth.World|ReceiveEvent_Completed()|Client|Line:76|IgnoredGetListMessage
12:53:52|Error|Rebirth.Common|Execute()|DispatcherCore|Line:53|Unknow treatment for : FriendsGetListMessage
12:53:52|Error|Rebirth.Common|Execute()|DispatcherCore|Line:53|Unknow treatment for : IgnoredGetListMessage
12:53:53|Receive|Rebirth.World|ReceiveEvent_Completed()|Client|Line:76|ClientKeyMessage
12:53:53|Error|Rebirth.Common|Execute()|DispatcherCore|Line:53|Unknow treatment for : ClientKeyMessage
12:53:53|Receive|Rebirth.World|ReceiveEvent_Completed()|Client|Line:76|GameContextCreateRequestMessage
12:53:53|Send|Rebirth.World|Send()|Client|Line:115|GameContextDestroyMessage
12:53:53|Send|Rebirth.World|Send()|Client|Line:115|GameContextCreateMessage
12:53:53|Send|Rebirth.World|Send()|Client|Line:115|CurrentMapMessage
12:53:53|Send|Rebirth.World|Send()|Client|Line:115|BasicTimeMessage
12:53:53|Send|Rebirth.World|Send()|Client|Line:115|CharacterStatsListMessage
12:53:53|Receive|Rebirth.World|ReceiveEvent_Completed()|Client|Line:76|QuestListRequestMessage
12:53:54|Send|Rebirth.World|Send()|Client|Line:115|QuestListMessage
12:53:54|Receive|Rebirth.World|ReceiveEvent_Completed()|Client|Line:76|QuestListRequestMessage
12:53:54|Send|Rebirth.World|Send()|Client|Line:115|QuestListMessage
12:53:55|Receive|Rebirth.World|ReceiveEvent_Completed()|Client|Line:76|MapInformationsRequestMessage
12:53:55|Send|Rebirth.World|Send()|Client|Line:115|MapComplementaryInformationsWithCoordsMessage
12:53:55|Receive|Rebirth.World|ReceiveEvent_Completed()|Client|Line:76|HaapiApiKeyRequestMessage
12:53:55|Error|Rebirth.Common|Execute()|DispatcherCore|Line:53|Unknow treatment for : HaapiApiKeyRequestMessage
12:53:57|Receive|Rebirth.World|ReceiveEvent_Completed()|Client|Line:76|GameMapMovementRequestMessage
12:53:57|Send|Rebirth.World|Send()|Client|Line:115|GameMapMovementMessage
12:53:59|Receive|Rebirth.World|ReceiveEvent_Completed()|Client|Line:76|GameMapMovementCancelMessage
12:53:59|Receive|Rebirth.World|ReceiveEvent_Completed()|Client|Line:76|GameMapMovementRequestMessage
12:53:59|Error|Rebirth.Common|Execute()|DispatcherCore|Line:53|Unknow treatment for : GameMapMovementCancelMessage
12:53:59|Send|Rebirth.World|Send()|Client|Line:115|GameMapNoMovementMessage
12:54:01|Receive|Rebirth.World|ReceiveEvent_Completed()|Client|Line:76|GameMapMovementRequestMessage
12:54:01|Send|Rebirth.World|Send()|Client|Line:115|GameMapMovementMessage
12:54:02|Receive|Rebirth.World|ReceiveEvent_Completed()|Client|Line:76|GameMapMovementConfirmMessage
12:54:02|Receive|Rebirth.World|ReceiveEvent_Completed()|Client|Line:76|ChangeMapMessage
12:54:02|Send|Rebirth.World|Send()|Client|Line:115|CurrentMapMessage
12:54:02|Send|Rebirth.World|Send()|Client|Line:115|BasicTimeMessage
12:54:03|Receive|Rebirth.World|ReceiveEvent_Completed()|Client|Line:76|MapInformationsRequestMessage
12:54:03|Send|Rebirth.World|Send()|Client|Line:115|MapComplementaryInformationsWithCoordsMessage
12:54:04|Receive|Rebirth.World|ReceiveEvent_Completed()|Client|Line:76|GameMapMovementRequestMessage
12:54:04|Send|Rebirth.World|Send()|Client|Line:115|GameMapMovementMessage
12:54:07|Receive|Rebirth.World|ReceiveEvent_Completed()|Client|Line:76|GameMapMovementConfirmMessage
12:54:07|Receive|Rebirth.World|ReceiveEvent_Completed()|Client|Line:76|InteractiveUseRequestMessage
12:54:07|Send|Rebirth.World|Send()|Client|Line:115|InteractiveUsedMessage
12:54:07|Send|Rebirth.World|Send()|Client|Line:115|ZaapListMessage
12:54:13|Receive|Rebirth.World|ReceiveEvent_Completed()|Client|Line:76|TeleportRequestMessage
12:54:13|Send|Rebirth.World|Send()|Client|Line:115|LeaveDialogMessage
12:54:14|Send|Rebirth.World|Send()|Client|Line:115|CurrentMapMessage
12:54:14|Send|Rebirth.World|Send()|Client|Line:115|BasicTimeMessage
12:54:14|Receive|Rebirth.World|ReceiveEvent_Completed()|Client|Line:76|MapInformationsRequestMessage
12:54:15|Send|Rebirth.World|Send()|Client|Line:115|MapComplementaryInformationsWithCoordsMessage
12:54:15|Receive|Rebirth.World|ReceiveEvent_Completed()|Client|Line:76|GameMapMovementRequestMessage
12:54:16|Send|Rebirth.World|Send()|Client|Line:115|GameMapMovementMessage
12:54:17|Receive|Rebirth.World|ReceiveEvent_Completed()|Client|Line:76|GameMapMovementConfirmMessage
12:54:17|Receive|Rebirth.World|ReceiveEvent_Completed()|Client|Line:76|InteractiveUseRequestMessage
12:54:18|Send|Rebirth.World|Send()|Client|Line:115|InteractiveUsedMessage
12:54:18|Send|Rebirth.World|Send()|Client|Line:115|CurrentMapMessage
12:54:18|Send|Rebirth.World|Send()|Client|Line:115|BasicTimeMessage
12:54:18|Receive|Rebirth.World|ReceiveEvent_Completed()|Client|Line:76|MapInformationsRequestMessage
12:54:18|Send|Rebirth.World|Send()|Client|Line:115|MapComplementaryInformationsWithCoordsMessage
12:56:50|Infos|Rebirth.Auth|Init()|Starter|Line:44|Starting Auth !
12:56:51|Infos|Rebirth.Auth|Init()|Starter|Line:57|Throw in 562ms !
12:56:51|Infos|Rebirth.World|Init()|Starter|Line:42|Starting World !
12:56:51|Send|Rebirth.World|Send()|Client|Line:115|UpdateStatuServerMessage
12:56:51|Receive|Rebirth.Auth|ReceiveEvent_Completed()|WorldClient|Line:53|UpdateStatuServerMessage
12:56:51|Infos|Rebirth.World|Init()|InteractiveManager|Line:26|Interactives load = 277
12:56:51|Infos|Rebirth.World|Init()|InteractiveManager|Line:27|Interactives Datas load = 559
12:56:51|Infos|Rebirth.World|Init()|InteractiveManager|Line:28|Waypoints load = 43
12:56:51|Infos|Rebirth.World|Init()|InteractiveManager|Line:30|Interactive construtors load = 27
12:56:52|Send|Rebirth.World|Send()|Client|Line:115|UpdateStatuServerMessage
12:56:52|Infos|Rebirth.World|Init()|Starter|Line:64|Throw in 687ms !
12:56:52|Receive|Rebirth.Auth|ReceiveEvent_Completed()|WorldClient|Line:53|UpdateStatuServerMessage
12:56:54|Send|Rebirth.Auth|Send()|Client|Line:90|ProtocolRequired
12:56:54|Send|Rebirth.Auth|Send()|Client|Line:90|RawDataMessage
12:56:54|Receive|Rebirth.Auth|ReceiveEvent_Completed()|Client|Line:60|IdentificationMessage
12:56:54|Send|Rebirth.Auth|Send()|Client|Line:90|LoginQueueStatusMessage
12:56:54|Send|Rebirth.Auth|Send()|Client|Line:90|LoginQueueStatusMessage
12:56:54|Send|Rebirth.Auth|Send()|Client|Line:90|IdentificationSuccessMessage
12:56:54|Send|Rebirth.Auth|Send()|Client|Line:90|ServersListMessage
12:56:56|Receive|Rebirth.Auth|ReceiveEvent_Completed()|Client|Line:60|ServerSelectionMessage
12:56:56|Send|Rebirth.Auth|Send()|WorldClient|Line:76|AccountInformationsMessage
12:56:56|Receive|Rebirth.World|ReceiveEvent_Completed()|Client|Line:76|AccountInformationsMessage
12:56:56|Send|Rebirth.Auth|Send()|Client|Line:90|SelectedServerDataMessage
12:56:56|Send|Rebirth.World|Send()|Client|Line:115|HelloGameMessage
12:56:56|Receive|Rebirth.World|ReceiveEvent_Completed()|Client|Line:76|AuthenticationTicketMessage
12:56:56|Send|Rebirth.World|Send()|Client|Line:115|AuthenticationTicketAcceptedMessage
12:56:57|Receive|Rebirth.World|ReceiveEvent_Completed()|Client|Line:76|CharactersListRequestMessage
12:56:57|Send|Rebirth.World|Send()|Client|Line:115|AccountCapabilitiesMessage
12:56:57|Send|Rebirth.World|Send()|Client|Line:115|CharactersListMessage
12:56:58|Receive|Rebirth.World|ReceiveEvent_Completed()|Client|Line:76|CharacterSelectionMessage
12:56:58|Send|Rebirth.World|Send()|Client|Line:115|NotificationListMessage
12:56:58|Send|Rebirth.World|Send()|Client|Line:115|CharacterSelectedSuccessMessage
12:56:59|Send|Rebirth.World|Send()|Client|Line:115|InventoryContentMessage
12:56:59|Send|Rebirth.World|Send()|Client|Line:115|ShortcutBarContentMessage
12:56:59|Send|Rebirth.World|Send()|Client|Line:115|ShortcutBarContentMessage
12:56:59|Send|Rebirth.World|Send()|Client|Line:115|RoomAvailableUpdateMessage
12:56:59|Send|Rebirth.World|Send()|Client|Line:115|HavenBagPackListMessage
12:56:59|Send|Rebirth.World|Send()|Client|Line:115|EmoteListMessage
12:56:59|Send|Rebirth.World|Send()|Client|Line:115|JobDescriptionMessage
12:56:59|Send|Rebirth.World|Send()|Client|Line:115|JobExperienceMultiUpdateMessage
12:56:59|Send|Rebirth.World|Send()|Client|Line:115|JobCrafterDirectorySettingsMessage
12:56:59|Send|Rebirth.World|Send()|Client|Line:115|AlignmentRankUpdateMessage
12:56:59|Send|Rebirth.World|Send()|Client|Line:115|DareCreatedListMessage
12:56:59|Send|Rebirth.World|Send()|Client|Line:115|DareSubscribedListMessage
12:56:59|Send|Rebirth.World|Send()|Client|Line:115|DareWonListMessage
12:56:59|Send|Rebirth.World|Send()|Client|Line:115|DareRewardsListMessage
12:56:59|Send|Rebirth.World|Send()|Client|Line:115|PrismsListMessage
12:56:59|Send|Rebirth.World|Send()|Client|Line:115|EnabledChannelsMessage
12:57:00|Send|Rebirth.World|Send()|Client|Line:115|SpellListMessage
12:57:00|Send|Rebirth.World|Send()|Client|Line:115|ShortcutBarContentMessage
12:57:00|Send|Rebirth.World|Send()|Client|Line:115|InventoryWeightMessage
12:57:00|Send|Rebirth.World|Send()|Client|Line:115|FriendWarnOnConnectionStateMessage
12:57:00|Send|Rebirth.World|Send()|Client|Line:115|FriendWarnOnLevelGainStateMessage
12:57:00|Send|Rebirth.World|Send()|Client|Line:115|FriendGuildWarnOnAchievementCompleteStateMessage
12:57:00|Send|Rebirth.World|Send()|Client|Line:115|WarnOnPermaDeathStateMessage
12:57:00|Send|Rebirth.World|Send()|Client|Line:115|GuildMemberWarnOnConnectionStateMessage
12:57:00|Send|Rebirth.World|Send()|Client|Line:115|ServerExperienceModificatorMessage
12:57:00|Send|Rebirth.World|Send()|Client|Line:115|SpouseStatusMessage
12:57:00|Send|Rebirth.World|Send()|Client|Line:115|AchievementListMessage
12:57:00|Send|Rebirth.World|Send()|Client|Line:115|GameRolePlayArenaUpdatePlayerInfosMessage
12:57:00|Send|Rebirth.World|Send()|Client|Line:115|CharacterCapabilitiesMessage
12:57:00|Send|Rebirth.World|Send()|Client|Line:115|AlmanachCalendarDateMessage
12:57:00|Send|Rebirth.World|Send()|Client|Line:115|IdolListMessage
12:57:00|Send|Rebirth.World|Send()|Client|Line:115|MailStatusMessage
12:57:01|Send|Rebirth.World|Send()|Client|Line:115|StartupActionsListMessage
12:57:01|Send|Rebirth.World|Send()|Client|Line:115|CharacterLoadingCompleteMessage
12:57:01|Receive|Rebirth.World|ReceiveEvent_Completed()|Client|Line:76|FriendsGetListMessage
12:57:01|Receive|Rebirth.World|ReceiveEvent_Completed()|Client|Line:76|IgnoredGetListMessage
12:57:01|Error|Rebirth.Common|Execute()|DispatcherCore|Line:53|Unknow treatment for : FriendsGetListMessage
12:57:01|Error|Rebirth.Common|Execute()|DispatcherCore|Line:53|Unknow treatment for : IgnoredGetListMessage
12:57:02|Receive|Rebirth.World|ReceiveEvent_Completed()|Client|Line:76|ClientKeyMessage
12:57:02|Error|Rebirth.Common|Execute()|DispatcherCore|Line:53|Unknow treatment for : ClientKeyMessage
12:57:02|Receive|Rebirth.World|ReceiveEvent_Completed()|Client|Line:76|GameContextCreateRequestMessage
12:57:02|Send|Rebirth.World|Send()|Client|Line:115|GameContextDestroyMessage
12:57:02|Send|Rebirth.World|Send()|Client|Line:115|GameContextCreateMessage
12:57:02|Send|Rebirth.World|Send()|Client|Line:115|CurrentMapMessage
12:57:02|Send|Rebirth.World|Send()|Client|Line:115|BasicTimeMessage
12:57:02|Send|Rebirth.World|Send()|Client|Line:115|CharacterStatsListMessage
12:57:02|Receive|Rebirth.World|ReceiveEvent_Completed()|Client|Line:76|QuestListRequestMessage
12:57:02|Send|Rebirth.World|Send()|Client|Line:115|QuestListMessage
12:57:02|Receive|Rebirth.World|ReceiveEvent_Completed()|Client|Line:76|QuestListRequestMessage
12:57:02|Send|Rebirth.World|Send()|Client|Line:115|QuestListMessage
12:57:04|Receive|Rebirth.World|ReceiveEvent_Completed()|Client|Line:76|MapInformationsRequestMessage
12:57:04|Send|Rebirth.World|Send()|Client|Line:115|MapComplementaryInformationsDataMessage
12:57:04|Receive|Rebirth.World|ReceiveEvent_Completed()|Client|Line:76|HaapiApiKeyRequestMessage
12:57:04|Error|Rebirth.Common|Execute()|DispatcherCore|Line:53|Unknow treatment for : HaapiApiKeyRequestMessage
12:57:06|Receive|Rebirth.World|ReceiveEvent_Completed()|Client|Line:76|GameMapMovementRequestMessage
12:57:06|Send|Rebirth.World|Send()|Client|Line:115|GameMapMovementMessage
12:57:06|Receive|Rebirth.World|ReceiveEvent_Completed()|Client|Line:76|GameMapMovementConfirmMessage
12:57:06|Receive|Rebirth.World|ReceiveEvent_Completed()|Client|Line:76|InteractiveUseRequestMessage
12:57:06|Error|Rebirth.World|GetDatasById()|InteractiveManager|Line:49|Interactive '489503' don't work !
12:57:06|Send|Rebirth.World|Send()|Client|Line:115|ChatServerMessage
12:57:06|Send|Rebirth.World|Send()|Client|Line:115|InteractiveUseErrorMessage
12:57:08|Receive|Rebirth.World|ReceiveEvent_Completed()|Client|Line:76|GameMapMovementRequestMessage
12:57:08|Send|Rebirth.World|Send()|Client|Line:115|GameMapMovementMessage
12:57:10|Receive|Rebirth.World|ReceiveEvent_Completed()|Client|Line:76|GameMapMovementConfirmMessage
12:57:10|Receive|Rebirth.World|ReceiveEvent_Completed()|Client|Line:76|ChangeMapMessage
12:57:10|Send|Rebirth.World|Send()|Client|Line:115|CurrentMapMessage
12:57:10|Send|Rebirth.World|Send()|Client|Line:115|BasicTimeMessage
12:57:11|Receive|Rebirth.World|ReceiveEvent_Completed()|Client|Line:76|MapInformationsRequestMessage
12:57:11|Send|Rebirth.World|Send()|Client|Line:115|MapComplementaryInformationsDataMessage
12:57:12|Receive|Rebirth.World|ReceiveEvent_Completed()|Client|Line:76|GameMapMovementRequestMessage
12:57:12|Send|Rebirth.World|Send()|Client|Line:115|GameMapMovementMessage
12:57:14|Receive|Rebirth.World|ReceiveEvent_Completed()|Client|Line:76|GameMapMovementCancelMessage
12:57:14|Receive|Rebirth.World|ReceiveEvent_Completed()|Client|Line:76|GameMapMovementRequestMessage
12:57:14|Error|Rebirth.Common|Execute()|DispatcherCore|Line:53|Unknow treatment for : GameMapMovementCancelMessage
12:57:14|Send|Rebirth.World|Send()|Client|Line:115|GameMapMovementMessage
12:57:15|Receive|Rebirth.World|ReceiveEvent_Completed()|Client|Line:76|GameMapMovementConfirmMessage
12:57:15|Receive|Rebirth.World|ReceiveEvent_Completed()|Client|Line:76|InteractiveUseRequestMessage
12:57:15|Send|Rebirth.World|Send()|Client|Line:115|InteractiveUsedMessage
12:57:15|Send|Rebirth.World|Send()|Client|Line:115|ZaapListMessage
12:57:17|Receive|Rebirth.World|ReceiveEvent_Completed()|Client|Line:76|TeleportRequestMessage
12:57:17|Send|Rebirth.World|Send()|Client|Line:115|LeaveDialogMessage
12:57:17|Send|Rebirth.World|Send()|Client|Line:115|CurrentMapMessage
12:57:17|Send|Rebirth.World|Send()|Client|Line:115|BasicTimeMessage
12:57:18|Receive|Rebirth.World|ReceiveEvent_Completed()|Client|Line:76|MapInformationsRequestMessage
12:57:18|Send|Rebirth.World|Send()|Client|Line:115|MapComplementaryInformationsDataMessage
12:57:21|Receive|Rebirth.World|ReceiveEvent_Completed()|Client|Line:76|InteractiveUseRequestMessage
12:57:21|Send|Rebirth.World|Send()|Client|Line:115|InteractiveUsedMessage
12:57:21|Send|Rebirth.World|Send()|Client|Line:115|ZaapListMessage
12:57:25|Receive|Rebirth.World|ReceiveEvent_Completed()|Client|Line:76|LeaveDialogRequestMessage
12:57:25|Send|Rebirth.World|Send()|Client|Line:115|LeaveDialogMessage
12:57:26|Receive|Rebirth.World|ReceiveEvent_Completed()|Client|Line:76|GameMapMovementRequestMessage
12:57:26|Send|Rebirth.World|Send()|Client|Line:115|GameMapMovementMessage
12:57:27|Receive|Rebirth.World|ReceiveEvent_Completed()|Client|Line:76|GameMapMovementConfirmMessage
12:57:28|Receive|Rebirth.World|ReceiveEvent_Completed()|Client|Line:76|GameMapMovementRequestMessage
12:57:28|Send|Rebirth.World|Send()|Client|Line:115|GameMapMovementMessage
12:57:29|Receive|Rebirth.World|ReceiveEvent_Completed()|Client|Line:76|GameMapMovementConfirmMessage
12:57:29|Receive|Rebirth.World|ReceiveEvent_Completed()|Client|Line:76|InteractiveUseRequestMessage
12:57:29|Send|Rebirth.World|Send()|Client|Line:115|InteractiveUsedMessage
12:57:29|Send|Rebirth.World|Send()|Client|Line:115|ZaapListMessage
12:57:30|Receive|Rebirth.World|ReceiveEvent_Completed()|Client|Line:76|LeaveDialogRequestMessage
12:57:30|Send|Rebirth.World|Send()|Client|Line:115|LeaveDialogMessage
12:57:31|Receive|Rebirth.World|ReceiveEvent_Completed()|Client|Line:76|GameMapMovementRequestMessage
12:57:31|Send|Rebirth.World|Send()|Client|Line:115|GameMapMovementMessage
12:57:32|Receive|Rebirth.World|ReceiveEvent_Completed()|Client|Line:76|GameMapMovementConfirmMessage
12:57:32|Receive|Rebirth.World|ReceiveEvent_Completed()|Client|Line:76|GameMapMovementRequestMessage
12:57:32|Send|Rebirth.World|Send()|Client|Line:115|GameMapMovementMessage
12:57:32|Receive|Rebirth.World|ReceiveEvent_Completed()|Client|Line:76|GameMapMovementConfirmMessage
12:57:32|Receive|Rebirth.World|ReceiveEvent_Completed()|Client|Line:76|InteractiveUseRequestMessage
12:57:32|Send|Rebirth.World|Send()|Client|Line:115|InteractiveUsedMessage
12:57:32|Send|Rebirth.World|Send()|Client|Line:115|ZaapListMessage
12:57:34|Receive|Rebirth.World|ReceiveEvent_Completed()|Client|Line:76|LeaveDialogRequestMessage
12:57:34|Send|Rebirth.World|Send()|Client|Line:115|LeaveDialogMessage
12:57:36|Receive|Rebirth.World|ReceiveEvent_Completed()|Client|Line:76|GameMapMovementRequestMessage
12:57:36|Send|Rebirth.World|Send()|Client|Line:115|GameMapMovementMessage
12:57:37|Receive|Rebirth.World|ReceiveEvent_Completed()|Client|Line:76|GameMapMovementCancelMessage
12:57:38|Error|Rebirth.Common|Execute()|DispatcherCore|Line:53|Unknow treatment for : GameMapMovementCancelMessage
12:57:38|Receive|Rebirth.World|ReceiveEvent_Completed()|Client|Line:76|GameMapMovementRequestMessage
12:57:38|Send|Rebirth.World|Send()|Client|Line:115|GameMapMovementMessage
12:57:38|Receive|Rebirth.World|ReceiveEvent_Completed()|Client|Line:76|GameMapMovementConfirmMessage
12:57:38|Receive|Rebirth.World|ReceiveEvent_Completed()|Client|Line:76|ChangeMapMessage
12:57:39|Send|Rebirth.World|Send()|Client|Line:115|CurrentMapMessage
12:57:39|Send|Rebirth.World|Send()|Client|Line:115|BasicTimeMessage
12:57:40|Receive|Rebirth.World|ReceiveEvent_Completed()|Client|Line:76|MapInformationsRequestMessage
12:57:40|Send|Rebirth.World|Send()|Client|Line:115|MapComplementaryInformationsDataMessage
12:57:42|Receive|Rebirth.World|ReceiveEvent_Completed()|Client|Line:76|GameMapMovementRequestMessage
12:57:43|Send|Rebirth.World|Send()|Client|Line:115|GameMapMovementMessage
12:57:44|Receive|Rebirth.World|ReceiveEvent_Completed()|Client|Line:76|GameMapMovementConfirmMessage
12:57:44|Receive|Rebirth.World|ReceiveEvent_Completed()|Client|Line:76|InteractiveUseRequestMessage
12:57:44|Send|Rebirth.World|Send()|Client|Line:115|DocumentReadingBeginMessage
12:57:44|Send|Rebirth.World|Send()|Client|Line:115|InteractiveUsedMessage
12:57:46|Receive|Rebirth.World|ReceiveEvent_Completed()|Client|Line:76|LeaveDialogRequestMessage
12:57:46|Send|Rebirth.World|Send()|Client|Line:115|LeaveDialogMessage
12:57:47|Receive|Rebirth.World|ReceiveEvent_Completed()|Client|Line:76|GameMapMovementRequestMessage
12:57:47|Send|Rebirth.World|Send()|Client|Line:115|GameMapMovementMessage
12:57:49|Receive|Rebirth.World|ReceiveEvent_Completed()|Client|Line:76|GameMapMovementCancelMessage
12:57:49|Receive|Rebirth.World|ReceiveEvent_Completed()|Client|Line:76|GameMapMovementRequestMessage
12:57:49|Error|Rebirth.Common|Execute()|DispatcherCore|Line:53|Unknow treatment for : GameMapMovementCancelMessage
12:57:49|Send|Rebirth.World|Send()|Client|Line:115|GameMapMovementMessage
12:57:50|Receive|Rebirth.World|ReceiveEvent_Completed()|Client|Line:76|GameMapMovementConfirmMessage
12:57:50|Receive|Rebirth.World|ReceiveEvent_Completed()|Client|Line:76|InteractiveUseRequestMessage
12:57:50|Error|Rebirth.World|GetDatasById()|InteractiveManager|Line:49|Interactive '466191' don't work !
12:57:50|Send|Rebirth.World|Send()|Client|Line:115|ChatServerMessage
12:57:50|Send|Rebirth.World|Send()|Client|Line:115|InteractiveUseErrorMessage
12:57:52|Receive|Rebirth.World|ReceiveEvent_Completed()|Client|Line:76|GameMapMovementRequestMessage
12:57:52|Send|Rebirth.World|Send()|Client|Line:115|GameMapMovementMessage
12:57:54|Receive|Rebirth.World|ReceiveEvent_Completed()|Client|Line:76|GameMapMovementConfirmMessage
12:57:54|Receive|Rebirth.World|ReceiveEvent_Completed()|Client|Line:76|ChangeMapMessage
12:57:55|Send|Rebirth.World|Send()|Client|Line:115|CurrentMapMessage
12:57:55|Send|Rebirth.World|Send()|Client|Line:115|BasicTimeMessage
12:57:56|Receive|Rebirth.World|ReceiveEvent_Completed()|Client|Line:76|MapInformationsRequestMessage
12:57:56|Send|Rebirth.World|Send()|Client|Line:115|MapComplementaryInformationsDataMessage
12:57:57|Receive|Rebirth.World|ReceiveEvent_Completed()|Client|Line:76|GameMapMovementRequestMessage
12:57:57|Send|Rebirth.World|Send()|Client|Line:115|GameMapMovementMessage
12:57:59|Receive|Rebirth.World|ReceiveEvent_Completed()|Client|Line:76|GameMapMovementConfirmMessage
12:57:59|Receive|Rebirth.World|ReceiveEvent_Completed()|Client|Line:76|InteractiveUseRequestMessage
12:57:59|Send|Rebirth.World|Send()|Client|Line:115|CurrentMapMessage
12:57:59|Send|Rebirth.World|Send()|Client|Line:115|BasicTimeMessage
12:57:59|Send|Rebirth.World|Send()|Client|Line:115|InteractiveUsedMessage
12:57:59|Receive|Rebirth.World|ReceiveEvent_Completed()|Client|Line:76|MapInformationsRequestMessage
12:57:59|Send|Rebirth.World|Send()|Client|Line:115|MapComplementaryInformationsDataMessage
01:01:15|Infos|Rebirth.Auth|Init()|Starter|Line:44|Starting Auth !
01:01:15|Infos|Rebirth.Auth|Init()|Starter|Line:57|Throw in 578ms !
01:01:15|Infos|Rebirth.World|Init()|Starter|Line:42|Starting World !
01:01:15|Send|Rebirth.World|Send()|Client|Line:115|UpdateStatuServerMessage
01:01:15|Receive|Rebirth.Auth|ReceiveEvent_Completed()|WorldClient|Line:53|UpdateStatuServerMessage
01:01:16|Infos|Rebirth.World|Init()|InteractiveManager|Line:26|Interactives load = 277
01:01:16|Infos|Rebirth.World|Init()|InteractiveManager|Line:27|Interactives Datas load = 559
01:01:16|Infos|Rebirth.World|Init()|InteractiveManager|Line:28|Waypoints load = 43
01:01:16|Infos|Rebirth.World|Init()|InteractiveManager|Line:30|Interactive construtors load = 27
01:01:16|Send|Rebirth.World|Send()|Client|Line:115|UpdateStatuServerMessage
01:01:16|Infos|Rebirth.World|Init()|Starter|Line:64|Throw in 718ms !
01:01:16|Receive|Rebirth.Auth|ReceiveEvent_Completed()|WorldClient|Line:53|UpdateStatuServerMessage
01:01:18|Send|Rebirth.Auth|Send()|Client|Line:90|ProtocolRequired
01:01:18|Send|Rebirth.Auth|Send()|Client|Line:90|RawDataMessage
01:01:19|Receive|Rebirth.Auth|ReceiveEvent_Completed()|Client|Line:60|IdentificationMessage
01:01:19|Send|Rebirth.Auth|Send()|Client|Line:90|LoginQueueStatusMessage
01:01:19|Send|Rebirth.Auth|Send()|Client|Line:90|LoginQueueStatusMessage
01:01:19|Send|Rebirth.Auth|Send()|Client|Line:90|IdentificationSuccessMessage
01:01:19|Send|Rebirth.Auth|Send()|Client|Line:90|ServersListMessage
01:01:20|Receive|Rebirth.Auth|ReceiveEvent_Completed()|Client|Line:60|ServerSelectionMessage
01:01:20|Send|Rebirth.Auth|Send()|WorldClient|Line:76|AccountInformationsMessage
01:01:20|Receive|Rebirth.World|ReceiveEvent_Completed()|Client|Line:76|AccountInformationsMessage
01:01:20|Send|Rebirth.Auth|Send()|Client|Line:90|SelectedServerDataMessage
01:01:21|Send|Rebirth.World|Send()|Client|Line:115|HelloGameMessage
01:01:21|Receive|Rebirth.World|ReceiveEvent_Completed()|Client|Line:76|AuthenticationTicketMessage
01:01:21|Send|Rebirth.World|Send()|Client|Line:115|AuthenticationTicketAcceptedMessage
01:01:21|Receive|Rebirth.World|ReceiveEvent_Completed()|Client|Line:76|CharactersListRequestMessage
01:01:21|Send|Rebirth.World|Send()|Client|Line:115|AccountCapabilitiesMessage
01:01:21|Send|Rebirth.World|Send()|Client|Line:115|CharactersListMessage
01:01:23|Receive|Rebirth.World|ReceiveEvent_Completed()|Client|Line:76|CharacterSelectionMessage
01:01:23|Send|Rebirth.World|Send()|Client|Line:115|NotificationListMessage
01:01:23|Send|Rebirth.World|Send()|Client|Line:115|CharacterSelectedSuccessMessage
01:01:23|Send|Rebirth.World|Send()|Client|Line:115|InventoryContentMessage
01:01:23|Send|Rebirth.World|Send()|Client|Line:115|ShortcutBarContentMessage
01:01:23|Send|Rebirth.World|Send()|Client|Line:115|ShortcutBarContentMessage
01:01:24|Send|Rebirth.World|Send()|Client|Line:115|RoomAvailableUpdateMessage
01:01:24|Send|Rebirth.World|Send()|Client|Line:115|HavenBagPackListMessage
01:01:24|Send|Rebirth.World|Send()|Client|Line:115|EmoteListMessage
01:01:24|Send|Rebirth.World|Send()|Client|Line:115|JobDescriptionMessage
01:01:24|Send|Rebirth.World|Send()|Client|Line:115|JobExperienceMultiUpdateMessage
01:01:24|Send|Rebirth.World|Send()|Client|Line:115|JobCrafterDirectorySettingsMessage
01:01:24|Send|Rebirth.World|Send()|Client|Line:115|AlignmentRankUpdateMessage
01:01:24|Send|Rebirth.World|Send()|Client|Line:115|DareCreatedListMessage
01:01:24|Send|Rebirth.World|Send()|Client|Line:115|DareSubscribedListMessage
01:01:24|Send|Rebirth.World|Send()|Client|Line:115|DareWonListMessage
01:01:24|Send|Rebirth.World|Send()|Client|Line:115|DareRewardsListMessage
01:01:24|Send|Rebirth.World|Send()|Client|Line:115|PrismsListMessage
01:01:24|Send|Rebirth.World|Send()|Client|Line:115|EnabledChannelsMessage
01:01:24|Send|Rebirth.World|Send()|Client|Line:115|SpellListMessage
01:01:24|Send|Rebirth.World|Send()|Client|Line:115|ShortcutBarContentMessage
01:01:24|Send|Rebirth.World|Send()|Client|Line:115|InventoryWeightMessage
01:01:25|Send|Rebirth.World|Send()|Client|Line:115|FriendWarnOnConnectionStateMessage
01:01:25|Send|Rebirth.World|Send()|Client|Line:115|FriendWarnOnLevelGainStateMessage
01:01:25|Send|Rebirth.World|Send()|Client|Line:115|FriendGuildWarnOnAchievementCompleteStateMessage
01:01:25|Send|Rebirth.World|Send()|Client|Line:115|WarnOnPermaDeathStateMessage
01:01:25|Send|Rebirth.World|Send()|Client|Line:115|GuildMemberWarnOnConnectionStateMessage
01:01:25|Send|Rebirth.World|Send()|Client|Line:115|ServerExperienceModificatorMessage
01:01:25|Send|Rebirth.World|Send()|Client|Line:115|SpouseStatusMessage
01:01:25|Send|Rebirth.World|Send()|Client|Line:115|AchievementListMessage
01:01:25|Send|Rebirth.World|Send()|Client|Line:115|GameRolePlayArenaUpdatePlayerInfosMessage
01:01:25|Send|Rebirth.World|Send()|Client|Line:115|CharacterCapabilitiesMessage
01:01:25|Send|Rebirth.World|Send()|Client|Line:115|AlmanachCalendarDateMessage
01:01:25|Send|Rebirth.World|Send()|Client|Line:115|IdolListMessage
01:01:25|Send|Rebirth.World|Send()|Client|Line:115|MailStatusMessage
01:01:25|Send|Rebirth.World|Send()|Client|Line:115|StartupActionsListMessage
01:01:25|Send|Rebirth.World|Send()|Client|Line:115|CharacterLoadingCompleteMessage
01:01:25|Receive|Rebirth.World|ReceiveEvent_Completed()|Client|Line:76|FriendsGetListMessage
01:01:26|Receive|Rebirth.World|ReceiveEvent_Completed()|Client|Line:76|IgnoredGetListMessage
01:01:26|Error|Rebirth.Common|Execute()|DispatcherCore|Line:53|Unknow treatment for : FriendsGetListMessage
01:01:26|Error|Rebirth.Common|Execute()|DispatcherCore|Line:53|Unknow treatment for : IgnoredGetListMessage
01:01:27|Receive|Rebirth.World|ReceiveEvent_Completed()|Client|Line:76|ClientKeyMessage
01:01:27|Error|Rebirth.Common|Execute()|DispatcherCore|Line:53|Unknow treatment for : ClientKeyMessage
01:01:27|Receive|Rebirth.World|ReceiveEvent_Completed()|Client|Line:76|GameContextCreateRequestMessage
01:01:27|Send|Rebirth.World|Send()|Client|Line:115|GameContextDestroyMessage
01:01:27|Send|Rebirth.World|Send()|Client|Line:115|GameContextCreateMessage
01:01:27|Send|Rebirth.World|Send()|Client|Line:115|CurrentMapMessage
01:01:27|Send|Rebirth.World|Send()|Client|Line:115|BasicTimeMessage
01:01:27|Send|Rebirth.World|Send()|Client|Line:115|CharacterStatsListMessage
01:01:27|Receive|Rebirth.World|ReceiveEvent_Completed()|Client|Line:76|QuestListRequestMessage
01:01:27|Send|Rebirth.World|Send()|Client|Line:115|QuestListMessage
01:01:28|Receive|Rebirth.World|ReceiveEvent_Completed()|Client|Line:76|QuestListRequestMessage
01:01:28|Send|Rebirth.World|Send()|Client|Line:115|QuestListMessage
01:01:29|Receive|Rebirth.World|ReceiveEvent_Completed()|Client|Line:76|MapInformationsRequestMessage
01:01:29|Send|Rebirth.World|Send()|Client|Line:115|MapComplementaryInformationsDataMessage
01:01:29|Send|Rebirth.World|Send()|Client|Line:115|BasicTimeMessage
01:01:29|Send|Rebirth.World|Send()|Client|Line:115|SetCharacterRestrictionsMessage
01:01:29|Receive|Rebirth.World|ReceiveEvent_Completed()|Client|Line:76|HaapiApiKeyRequestMessage
01:01:29|Error|Rebirth.Common|Execute()|DispatcherCore|Line:53|Unknow treatment for : HaapiApiKeyRequestMessage
01:01:31|Receive|Rebirth.World|ReceiveEvent_Completed()|Client|Line:76|GameMapMovementRequestMessage
01:01:31|Send|Rebirth.World|Send()|Client|Line:115|GameMapMovementMessage
01:01:33|Receive|Rebirth.World|ReceiveEvent_Completed()|Client|Line:76|GameMapMovementConfirmMessage
01:01:33|Receive|Rebirth.World|ReceiveEvent_Completed()|Client|Line:76|ChangeMapMessage
01:01:34|Send|Rebirth.World|Send()|Client|Line:115|CurrentMapMessage
01:01:34|Send|Rebirth.World|Send()|Client|Line:115|BasicTimeMessage
01:01:35|Receive|Rebirth.World|ReceiveEvent_Completed()|Client|Line:76|MapInformationsRequestMessage
01:01:35|Send|Rebirth.World|Send()|Client|Line:115|MapComplementaryInformationsDataMessage
01:01:35|Send|Rebirth.World|Send()|Client|Line:115|BasicTimeMessage
01:01:35|Send|Rebirth.World|Send()|Client|Line:115|SetCharacterRestrictionsMessage
01:01:37|Receive|Rebirth.World|ReceiveEvent_Completed()|Client|Line:76|GameMapMovementRequestMessage
01:01:37|Send|Rebirth.World|Send()|Client|Line:115|GameMapMovementMessage
01:01:39|Receive|Rebirth.World|ReceiveEvent_Completed()|Client|Line:76|GameMapMovementConfirmMessage
01:01:39|Receive|Rebirth.World|ReceiveEvent_Completed()|Client|Line:76|InteractiveUseRequestMessage
01:01:39|Send|Rebirth.World|Send()|Client|Line:115|InteractiveUsedMessage
01:01:39|Send|Rebirth.World|Send()|Client|Line:115|ZaapListMessage
01:01:41|Receive|Rebirth.World|ReceiveEvent_Completed()|Client|Line:76|TeleportRequestMessage
01:01:41|Send|Rebirth.World|Send()|Client|Line:115|LeaveDialogMessage
01:01:42|Send|Rebirth.World|Send()|Client|Line:115|CurrentMapMessage
01:01:42|Send|Rebirth.World|Send()|Client|Line:115|BasicTimeMessage
01:01:43|Receive|Rebirth.World|ReceiveEvent_Completed()|Client|Line:76|MapInformationsRequestMessage
01:01:43|Send|Rebirth.World|Send()|Client|Line:115|MapComplementaryInformationsDataMessage
01:01:43|Send|Rebirth.World|Send()|Client|Line:115|BasicTimeMessage
01:01:43|Send|Rebirth.World|Send()|Client|Line:115|SetCharacterRestrictionsMessage
01:01:44|Receive|Rebirth.World|ReceiveEvent_Completed()|Client|Line:76|GameMapMovementRequestMessage
01:01:44|Send|Rebirth.World|Send()|Client|Line:115|GameMapMovementMessage
01:01:45|Receive|Rebirth.World|ReceiveEvent_Completed()|Client|Line:76|GameMapMovementCancelMessage
01:01:45|Receive|Rebirth.World|ReceiveEvent_Completed()|Client|Line:76|GameMapMovementRequestMessage
01:01:45|Error|Rebirth.Common|Execute()|DispatcherCore|Line:53|Unknow treatment for : GameMapMovementCancelMessage
01:01:46|Send|Rebirth.World|Send()|Client|Line:115|GameMapMovementMessage
01:01:46|Receive|Rebirth.World|ReceiveEvent_Completed()|Client|Line:76|GameMapMovementConfirmMessage
01:01:46|Receive|Rebirth.World|ReceiveEvent_Completed()|Client|Line:76|InteractiveUseRequestMessage
01:01:47|Send|Rebirth.World|Send()|Client|Line:115|CurrentMapMessage
01:01:47|Send|Rebirth.World|Send()|Client|Line:115|BasicTimeMessage
01:01:47|Send|Rebirth.World|Send()|Client|Line:115|InteractiveUsedMessage
01:01:47|Receive|Rebirth.World|ReceiveEvent_Completed()|Client|Line:76|MapInformationsRequestMessage
01:01:47|Send|Rebirth.World|Send()|Client|Line:115|MapComplementaryInformationsDataMessage
01:01:47|Send|Rebirth.World|Send()|Client|Line:115|BasicTimeMessage
01:01:47|Send|Rebirth.World|Send()|Client|Line:115|SetCharacterRestrictionsMessage
