10:09:15|Infos|Rebirth.Auth|Init()|Starter|Line:44|Starting Auth !
10:09:16|Infos|Rebirth.Auth|Init()|Starter|Line:57|Throw in 579ms !
10:09:16|Infos|Rebirth.World|Init()|Starter|Line:42|Starting World !
10:09:16|Send|Rebirth.World|Send()|Client|Line:115|UpdateStatuServerMessage
10:09:16|Receive|Rebirth.Auth|ReceiveEvent_Completed()|WorldClient|Line:53|UpdateStatuServerMessage
10:09:17|Infos|Rebirth.World|Init()|InteractiveManager|Line:26|Interactives load = 277
10:09:17|Infos|Rebirth.World|Init()|InteractiveManager|Line:27|Interactives Datas load = 559
10:09:17|Infos|Rebirth.World|Init()|InteractiveManager|Line:28|Waypoints load = 43
10:09:17|Infos|Rebirth.World|Init()|InteractiveManager|Line:30|Interactive construtors load = 27
10:09:17|Send|Rebirth.World|Send()|Client|Line:115|UpdateStatuServerMessage
10:09:17|Infos|Rebirth.World|Init()|Starter|Line:64|Throw in 1484ms !
10:09:17|Receive|Rebirth.Auth|ReceiveEvent_Completed()|WorldClient|Line:53|UpdateStatuServerMessage
10:12:41|Send|Rebirth.Auth|Send()|Client|Line:90|ProtocolRequired
10:12:41|Send|Rebirth.Auth|Send()|Client|Line:90|RawDataMessage
10:23:09|Send|Rebirth.Auth|Send()|Client|Line:90|ProtocolRequired
10:23:09|Send|Rebirth.Auth|Send()|Client|Line:90|RawDataMessage
10:24:17|Send|Rebirth.Auth|Send()|Client|Line:90|ProtocolRequired
10:24:17|Send|Rebirth.Auth|Send()|Client|Line:90|RawDataMessage
10:24:55|Send|Rebirth.Auth|Send()|Client|Line:90|ProtocolRequired
10:24:55|Send|Rebirth.Auth|Send()|Client|Line:90|RawDataMessage
10:35:55|Send|Rebirth.Auth|Send()|Client|Line:90|ProtocolRequired
10:35:55|Send|Rebirth.Auth|Send()|Client|Line:90|RawDataMessage
10:39:20|Send|Rebirth.Auth|Send()|Client|Line:90|ProtocolRequired
10:39:20|Send|Rebirth.Auth|Send()|Client|Line:90|RawDataMessage
10:41:34|Send|Rebirth.Auth|Send()|Client|Line:90|ProtocolRequired
10:41:34|Send|Rebirth.Auth|Send()|Client|Line:90|RawDataMessage
10:46:49|Send|Rebirth.Auth|Send()|Client|Line:90|ProtocolRequired
10:46:50|Send|Rebirth.Auth|Send()|Client|Line:90|RawDataMessage
10:55:10|Send|Rebirth.Auth|Send()|Client|Line:90|ProtocolRequired
10:55:10|Send|Rebirth.Auth|Send()|Client|Line:90|RawDataMessage
10:55:10|Receive|Rebirth.Auth|ReceiveEvent_Completed()|Client|Line:60|IdentificationMessage
10:55:10|Send|Rebirth.Auth|Send()|Client|Line:90|LoginQueueStatusMessage
10:55:10|Send|Rebirth.Auth|Send()|Client|Line:90|LoginQueueStatusMessage
10:55:37|Send|Rebirth.Auth|Send()|Client|Line:90|ProtocolRequired
10:55:37|Send|Rebirth.Auth|Send()|Client|Line:90|RawDataMessage
10:55:37|Receive|Rebirth.Auth|ReceiveEvent_Completed()|Client|Line:60|IdentificationMessage
10:55:38|Send|Rebirth.Auth|Send()|Client|Line:90|LoginQueueStatusMessage
10:55:38|Send|Rebirth.Auth|Send()|Client|Line:90|LoginQueueStatusMessage
10:58:28|Infos|Rebirth.Auth|Init()|Starter|Line:44|Starting Auth !
10:58:29|Infos|Rebirth.Auth|Init()|Starter|Line:57|Throw in 531ms !
10:58:29|Infos|Rebirth.World|Init()|Starter|Line:42|Starting World !
10:58:29|Send|Rebirth.World|Send()|Client|Line:115|UpdateStatuServerMessage
10:58:29|Receive|Rebirth.Auth|ReceiveEvent_Completed()|WorldClient|Line:53|UpdateStatuServerMessage
10:58:30|Infos|Rebirth.World|Init()|InteractiveManager|Line:26|Interactives load = 277
10:58:30|Infos|Rebirth.World|Init()|InteractiveManager|Line:27|Interactives Datas load = 559
10:58:30|Infos|Rebirth.World|Init()|InteractiveManager|Line:28|Waypoints load = 43
10:58:30|Infos|Rebirth.World|Init()|InteractiveManager|Line:30|Interactive construtors load = 27
10:58:30|Send|Rebirth.World|Send()|Client|Line:115|UpdateStatuServerMessage
10:58:30|Infos|Rebirth.World|Init()|Starter|Line:64|Throw in 1328ms !
10:58:30|Receive|Rebirth.Auth|ReceiveEvent_Completed()|WorldClient|Line:53|UpdateStatuServerMessage
10:59:13|Infos|Rebirth.Auth|Init()|Starter|Line:44|Starting Auth !
10:59:14|Infos|Rebirth.Auth|Init()|Starter|Line:57|Throw in 531ms !
10:59:14|Infos|Rebirth.World|Init()|Starter|Line:42|Starting World !
10:59:14|Send|Rebirth.World|Send()|Client|Line:115|UpdateStatuServerMessage
10:59:14|Receive|Rebirth.Auth|ReceiveEvent_Completed()|WorldClient|Line:53|UpdateStatuServerMessage
10:59:14|Infos|Rebirth.World|Init()|InteractiveManager|Line:26|Interactives load = 277
10:59:14|Infos|Rebirth.World|Init()|InteractiveManager|Line:27|Interactives Datas load = 559
10:59:14|Infos|Rebirth.World|Init()|InteractiveManager|Line:28|Waypoints load = 43
10:59:14|Infos|Rebirth.World|Init()|InteractiveManager|Line:30|Interactive construtors load = 27
10:59:14|Send|Rebirth.World|Send()|Client|Line:115|UpdateStatuServerMessage
10:59:14|Infos|Rebirth.World|Init()|Starter|Line:64|Throw in 625ms !
10:59:15|Receive|Rebirth.Auth|ReceiveEvent_Completed()|WorldClient|Line:53|UpdateStatuServerMessage
10:59:19|Send|Rebirth.Auth|Send()|Client|Line:90|ProtocolRequired
10:59:19|Send|Rebirth.Auth|Send()|Client|Line:90|RawDataMessage
10:59:22|Receive|Rebirth.Auth|ReceiveEvent_Completed()|Client|Line:60|IdentificationMessage
10:59:24|Send|Rebirth.Auth|Send()|Client|Line:90|LoginQueueStatusMessage
10:59:26|Send|Rebirth.Auth|Send()|Client|Line:90|LoginQueueStatusMessage
11:01:11|Infos|Rebirth.Auth|Init()|Starter|Line:44|Starting Auth !
11:01:12|Infos|Rebirth.Auth|Init()|Starter|Line:57|Throw in 516ms !
11:01:12|Infos|Rebirth.World|Init()|Starter|Line:42|Starting World !
11:01:12|Send|Rebirth.World|Send()|Client|Line:115|UpdateStatuServerMessage
11:01:12|Receive|Rebirth.Auth|ReceiveEvent_Completed()|WorldClient|Line:53|UpdateStatuServerMessage
11:01:12|Infos|Rebirth.World|Init()|InteractiveManager|Line:26|Interactives load = 277
11:01:12|Infos|Rebirth.World|Init()|InteractiveManager|Line:27|Interactives Datas load = 559
11:01:12|Infos|Rebirth.World|Init()|InteractiveManager|Line:28|Waypoints load = 43
11:01:12|Infos|Rebirth.World|Init()|InteractiveManager|Line:30|Interactive construtors load = 27
11:01:12|Send|Rebirth.World|Send()|Client|Line:115|UpdateStatuServerMessage
11:01:12|Infos|Rebirth.World|Init()|Starter|Line:64|Throw in 672ms !
11:01:12|Receive|Rebirth.Auth|ReceiveEvent_Completed()|WorldClient|Line:53|UpdateStatuServerMessage
11:01:16|Send|Rebirth.Auth|Send()|Client|Line:90|ProtocolRequired
11:01:17|Send|Rebirth.Auth|Send()|Client|Line:90|RawDataMessage
11:01:17|Receive|Rebirth.Auth|ReceiveEvent_Completed()|Client|Line:60|IdentificationMessage
11:01:17|Send|Rebirth.Auth|Send()|Client|Line:90|LoginQueueStatusMessage
11:01:17|Send|Rebirth.Auth|Send()|Client|Line:90|LoginQueueStatusMessage
11:01:17|Send|Rebirth.Auth|Send()|Client|Line:90|IdentificationFailedMessage
11:01:25|Send|Rebirth.Auth|Send()|Client|Line:90|ProtocolRequired
11:01:25|Send|Rebirth.Auth|Send()|Client|Line:90|RawDataMessage
11:01:32|Receive|Rebirth.Auth|ReceiveEvent_Completed()|Client|Line:60|IdentificationMessage
11:01:33|Send|Rebirth.Auth|Send()|Client|Line:90|LoginQueueStatusMessage
11:03:56|Infos|Rebirth.Auth|Init()|Starter|Line:44|Starting Auth !
11:03:56|Infos|Rebirth.Auth|Init()|Starter|Line:57|Throw in 515ms !
11:03:57|Infos|Rebirth.World|Init()|Starter|Line:42|Starting World !
11:03:57|Send|Rebirth.World|Send()|Client|Line:115|UpdateStatuServerMessage
11:03:57|Receive|Rebirth.Auth|ReceiveEvent_Completed()|WorldClient|Line:53|UpdateStatuServerMessage
11:03:57|Infos|Rebirth.World|Init()|InteractiveManager|Line:26|Interactives load = 277
11:03:57|Infos|Rebirth.World|Init()|InteractiveManager|Line:27|Interactives Datas load = 559
11:03:57|Infos|Rebirth.World|Init()|InteractiveManager|Line:28|Waypoints load = 43
11:03:57|Infos|Rebirth.World|Init()|InteractiveManager|Line:30|Interactive construtors load = 27
11:03:57|Send|Rebirth.World|Send()|Client|Line:115|UpdateStatuServerMessage
11:03:57|Infos|Rebirth.World|Init()|Starter|Line:64|Throw in 656ms !
11:03:57|Receive|Rebirth.Auth|ReceiveEvent_Completed()|WorldClient|Line:53|UpdateStatuServerMessage
11:04:00|Send|Rebirth.Auth|Send()|Client|Line:90|ProtocolRequired
11:04:01|Send|Rebirth.Auth|Send()|Client|Line:90|RawDataMessage
11:04:01|Receive|Rebirth.Auth|ReceiveEvent_Completed()|Client|Line:60|IdentificationMessage
11:04:01|Send|Rebirth.Auth|Send()|Client|Line:90|LoginQueueStatusMessage
11:04:01|Send|Rebirth.Auth|Send()|Client|Line:90|LoginQueueStatusMessage
11:04:01|Send|Rebirth.Auth|Send()|Client|Line:90|IdentificationSuccessMessage
11:04:01|Send|Rebirth.Auth|Send()|Client|Line:90|ServersListMessage
11:08:07|Infos|Rebirth.Auth|Init()|Starter|Line:44|Starting Auth !
11:08:08|Infos|Rebirth.Auth|Init()|Starter|Line:57|Throw in 563ms !
11:08:08|Infos|Rebirth.World|Init()|Starter|Line:42|Starting World !
11:08:08|Send|Rebirth.World|Send()|Client|Line:115|UpdateStatuServerMessage
11:08:08|Receive|Rebirth.Auth|ReceiveEvent_Completed()|WorldClient|Line:53|UpdateStatuServerMessage
11:08:08|Infos|Rebirth.World|Init()|InteractiveManager|Line:26|Interactives load = 277
11:08:08|Infos|Rebirth.World|Init()|InteractiveManager|Line:27|Interactives Datas load = 559
11:08:08|Infos|Rebirth.World|Init()|InteractiveManager|Line:28|Waypoints load = 43
11:08:09|Infos|Rebirth.World|Init()|InteractiveManager|Line:30|Interactive construtors load = 27
11:08:09|Send|Rebirth.World|Send()|Client|Line:115|UpdateStatuServerMessage
11:08:09|Infos|Rebirth.World|Init()|Starter|Line:64|Throw in 672ms !
11:08:09|Receive|Rebirth.Auth|ReceiveEvent_Completed()|WorldClient|Line:53|UpdateStatuServerMessage
11:08:27|Send|Rebirth.Auth|Send()|Client|Line:90|ProtocolRequired
11:08:27|Send|Rebirth.Auth|Send()|Client|Line:90|RawDataMessage
11:08:50|Send|Rebirth.Auth|Send()|Client|Line:90|ProtocolRequired
11:08:50|Send|Rebirth.Auth|Send()|Client|Line:90|RawDataMessage
11:08:50|Receive|Rebirth.Auth|ReceiveEvent_Completed()|Client|Line:60|IdentificationMessage
11:08:50|Send|Rebirth.Auth|Send()|Client|Line:90|LoginQueueStatusMessage
11:08:50|Send|Rebirth.Auth|Send()|Client|Line:90|LoginQueueStatusMessage
11:08:50|Send|Rebirth.Auth|Send()|Client|Line:90|IdentificationSuccessMessage
11:08:50|Send|Rebirth.Auth|Send()|Client|Line:90|ServersListMessage
11:08:56|Receive|Rebirth.Auth|ReceiveEvent_Completed()|Client|Line:60|ServerSelectionMessage
11:08:56|Send|Rebirth.Auth|Send()|WorldClient|Line:76|AccountInformationsMessage
11:08:56|Receive|Rebirth.World|ReceiveEvent_Completed()|Client|Line:76|AccountInformationsMessage
11:08:56|Send|Rebirth.Auth|Send()|Client|Line:90|SelectedServerDataMessage
11:08:57|Send|Rebirth.World|Send()|Client|Line:115|HelloGameMessage
11:08:57|Receive|Rebirth.World|ReceiveEvent_Completed()|Client|Line:76|AuthenticationTicketMessage
11:08:57|Send|Rebirth.World|Send()|Client|Line:115|AuthenticationTicketAcceptedMessage
11:08:57|Receive|Rebirth.World|ReceiveEvent_Completed()|Client|Line:76|CharactersListRequestMessage
11:08:57|Send|Rebirth.World|Send()|Client|Line:115|AccountCapabilitiesMessage
11:08:57|Send|Rebirth.World|Send()|Client|Line:115|CharactersListMessage
11:09:14|Receive|Rebirth.World|ReceiveEvent_Completed()|Client|Line:76|CharacterNameSuggestionRequestMessage
11:09:14|Send|Rebirth.World|Send()|Client|Line:115|CharacterNameSuggestionSuccessMessage
11:09:15|Receive|Rebirth.World|ReceiveEvent_Completed()|Client|Line:76|BasicStatWithDataMessage
11:09:15|Receive|Rebirth.World|ReceiveEvent_Completed()|Client|Line:76|CharacterCreationRequestMessage
11:09:15|Error|Rebirth.Common|Execute()|DispatcherCore|Line:53|Unknow treatment for : BasicStatWithDataMessage
11:09:15|Send|Rebirth.World|Send()|Client|Line:115|CreateCharacterMessage
11:09:15|Send|Rebirth.World|Send()|Client|Line:115|CharacterCreationResultMessage
11:09:15|Receive|Rebirth.Auth|ReceiveEvent_Completed()|WorldClient|Line:53|CreateCharacterMessage
11:09:15|Send|Rebirth.World|Send()|Client|Line:115|BasicNoOperationMessage
11:09:15|Send|Rebirth.World|Send()|Client|Line:115|CharactersListMessage
11:09:15|Receive|Rebirth.World|ReceiveEvent_Completed()|Client|Line:76|CharacterSelectionMessage
11:09:16|Send|Rebirth.World|Send()|Client|Line:115|NotificationListMessage
11:09:16|Send|Rebirth.World|Send()|Client|Line:115|CharacterSelectedSuccessMessage
11:09:16|Send|Rebirth.World|Send()|Client|Line:115|InventoryContentMessage
11:09:16|Send|Rebirth.World|Send()|Client|Line:115|ShortcutBarContentMessage
11:09:16|Send|Rebirth.World|Send()|Client|Line:115|ShortcutBarContentMessage
11:09:16|Send|Rebirth.World|Send()|Client|Line:115|RoomAvailableUpdateMessage
11:09:16|Send|Rebirth.World|Send()|Client|Line:115|HavenBagPackListMessage
11:09:16|Send|Rebirth.World|Send()|Client|Line:115|EmoteListMessage
11:09:16|Send|Rebirth.World|Send()|Client|Line:115|JobDescriptionMessage
11:09:16|Send|Rebirth.World|Send()|Client|Line:115|JobExperienceMultiUpdateMessage
11:09:16|Send|Rebirth.World|Send()|Client|Line:115|JobCrafterDirectorySettingsMessage
11:09:16|Send|Rebirth.World|Send()|Client|Line:115|AlignmentRankUpdateMessage
11:09:16|Send|Rebirth.World|Send()|Client|Line:115|DareCreatedListMessage
11:09:16|Send|Rebirth.World|Send()|Client|Line:115|DareSubscribedListMessage
11:09:16|Send|Rebirth.World|Send()|Client|Line:115|DareWonListMessage
11:09:16|Send|Rebirth.World|Send()|Client|Line:115|DareRewardsListMessage
11:09:17|Send|Rebirth.World|Send()|Client|Line:115|PrismsListMessage
11:09:17|Send|Rebirth.World|Send()|Client|Line:115|EnabledChannelsMessage
11:09:17|Send|Rebirth.World|Send()|Client|Line:115|SpellListMessage
11:09:17|Send|Rebirth.World|Send()|Client|Line:115|ShortcutBarContentMessage
11:09:17|Send|Rebirth.World|Send()|Client|Line:115|InventoryWeightMessage
11:09:17|Send|Rebirth.World|Send()|Client|Line:115|FriendWarnOnConnectionStateMessage
11:09:17|Send|Rebirth.World|Send()|Client|Line:115|FriendWarnOnLevelGainStateMessage
11:09:17|Send|Rebirth.World|Send()|Client|Line:115|FriendGuildWarnOnAchievementCompleteStateMessage
11:09:17|Send|Rebirth.World|Send()|Client|Line:115|WarnOnPermaDeathStateMessage
11:09:17|Send|Rebirth.World|Send()|Client|Line:115|GuildMemberWarnOnConnectionStateMessage
11:09:17|Send|Rebirth.World|Send()|Client|Line:115|ServerExperienceModificatorMessage
11:09:17|Send|Rebirth.World|Send()|Client|Line:115|SpouseStatusMessage
11:09:17|Send|Rebirth.World|Send()|Client|Line:115|AchievementListMessage
11:09:17|Send|Rebirth.World|Send()|Client|Line:115|GameRolePlayArenaUpdatePlayerInfosMessage
11:09:17|Send|Rebirth.World|Send()|Client|Line:115|CharacterCapabilitiesMessage
11:09:17|Send|Rebirth.World|Send()|Client|Line:115|AlmanachCalendarDateMessage
11:09:18|Send|Rebirth.World|Send()|Client|Line:115|IdolListMessage
11:09:18|Send|Rebirth.World|Send()|Client|Line:115|MailStatusMessage
11:09:18|Send|Rebirth.World|Send()|Client|Line:115|StartupActionsListMessage
11:09:18|Send|Rebirth.World|Send()|Client|Line:115|CharacterLoadingCompleteMessage
11:09:18|Receive|Rebirth.World|ReceiveEvent_Completed()|Client|Line:76|FriendsGetListMessage
11:09:18|Receive|Rebirth.World|ReceiveEvent_Completed()|Client|Line:76|IgnoredGetListMessage
11:09:18|Receive|Rebirth.World|ReceiveEvent_Completed()|Client|Line:76|SpouseGetInformationsMessage
11:09:18|Error|Rebirth.Common|Execute()|DispatcherCore|Line:53|Unknow treatment for : FriendsGetListMessage
11:09:18|Error|Rebirth.Common|Execute()|DispatcherCore|Line:53|Unknow treatment for : IgnoredGetListMessage
11:09:18|Error|Rebirth.Common|Execute()|DispatcherCore|Line:53|Unknow treatment for : SpouseGetInformationsMessage
11:09:18|Receive|Rebirth.World|ReceiveEvent_Completed()|Client|Line:76|ClientKeyMessage
11:09:18|Error|Rebirth.Common|Execute()|DispatcherCore|Line:53|Unknow treatment for : ClientKeyMessage
11:09:19|Receive|Rebirth.World|ReceiveEvent_Completed()|Client|Line:76|GameContextCreateRequestMessage
11:09:19|Send|Rebirth.World|Send()|Client|Line:115|GameContextDestroyMessage
11:09:19|Send|Rebirth.World|Send()|Client|Line:115|GameContextCreateMessage
11:09:19|Send|Rebirth.World|Send()|Client|Line:115|CurrentMapMessage
11:09:19|Send|Rebirth.World|Send()|Client|Line:115|BasicTimeMessage
11:09:19|Send|Rebirth.World|Send()|Client|Line:115|CharacterStatsListMessage
11:09:21|Infos|Rebirth.World|Disconnect()|Client|Line:88|Name : 'Zaabax' disconnected !
11:13:53|Infos|Rebirth.Auth|Init()|Starter|Line:44|Starting Auth !
11:13:54|Infos|Rebirth.Auth|Init()|Starter|Line:57|Throw in 515ms !
11:13:54|Infos|Rebirth.World|Init()|Starter|Line:42|Starting World !
11:13:54|Send|Rebirth.World|Send()|Client|Line:116|UpdateStatuServerMessage
11:13:54|Receive|Rebirth.Auth|ReceiveEvent_Completed()|WorldClient|Line:53|UpdateStatuServerMessage
11:13:54|Infos|Rebirth.World|Init()|InteractiveManager|Line:26|Interactives load = 277
11:13:54|Infos|Rebirth.World|Init()|InteractiveManager|Line:27|Interactives Datas load = 559
11:13:54|Infos|Rebirth.World|Init()|InteractiveManager|Line:28|Waypoints load = 43
11:13:54|Infos|Rebirth.World|Init()|InteractiveManager|Line:30|Interactive construtors load = 27
11:13:54|Send|Rebirth.World|Send()|Client|Line:116|UpdateStatuServerMessage
11:13:54|Infos|Rebirth.World|Init()|Starter|Line:64|Throw in 625ms !
11:13:54|Receive|Rebirth.Auth|ReceiveEvent_Completed()|WorldClient|Line:53|UpdateStatuServerMessage
11:14:04|Send|Rebirth.Auth|Send()|Client|Line:93|ProtocolRequired
11:14:04|Send|Rebirth.Auth|Send()|Client|Line:93|RawDataMessage
11:14:04|Receive|Rebirth.Auth|ReceiveEvent_Completed()|Client|Line:62|IdentificationMessage
11:14:04|Send|Rebirth.Auth|Send()|Client|Line:93|LoginQueueStatusMessage
11:14:04|Send|Rebirth.Auth|Send()|Client|Line:93|LoginQueueStatusMessage
11:14:04|Send|Rebirth.Auth|Send()|Client|Line:93|IdentificationSuccessMessage
11:14:04|Send|Rebirth.Auth|Send()|Client|Line:93|ServersListMessage
11:14:05|Receive|Rebirth.Auth|ReceiveEvent_Completed()|Client|Line:62|ServerSelectionMessage
11:14:05|Send|Rebirth.Auth|Send()|WorldClient|Line:76|AccountInformationsMessage
11:14:05|Receive|Rebirth.World|ReceiveEvent_Completed()|Client|Line:76|AccountInformationsMessage
11:14:05|Send|Rebirth.Auth|Send()|Client|Line:93|SelectedServerDataMessage
11:14:06|Send|Rebirth.World|Send()|Client|Line:116|HelloGameMessage
11:14:06|Receive|Rebirth.World|ReceiveEvent_Completed()|Client|Line:76|AuthenticationTicketMessage
11:14:06|Send|Rebirth.World|Send()|Client|Line:116|AuthenticationTicketAcceptedMessage
11:14:06|Receive|Rebirth.World|ReceiveEvent_Completed()|Client|Line:76|CharactersListRequestMessage
11:14:07|Send|Rebirth.World|Send()|Client|Line:116|AccountCapabilitiesMessage
11:14:07|Send|Rebirth.World|Send()|Client|Line:116|CharactersListMessage
11:14:11|Receive|Rebirth.World|ReceiveEvent_Completed()|Client|Line:76|CharacterSelectionMessage
11:14:11|Send|Rebirth.World|Send()|Client|Line:116|NotificationListMessage
11:14:11|Send|Rebirth.World|Send()|Client|Line:116|CharacterSelectedSuccessMessage
11:14:11|Send|Rebirth.World|Send()|Client|Line:116|InventoryContentMessage
11:14:11|Send|Rebirth.World|Send()|Client|Line:116|ShortcutBarContentMessage
11:14:11|Send|Rebirth.World|Send()|Client|Line:116|ShortcutBarContentMessage
11:14:12|Send|Rebirth.World|Send()|Client|Line:116|RoomAvailableUpdateMessage
11:14:12|Send|Rebirth.World|Send()|Client|Line:116|HavenBagPackListMessage
11:14:12|Send|Rebirth.World|Send()|Client|Line:116|EmoteListMessage
11:14:12|Send|Rebirth.World|Send()|Client|Line:116|JobDescriptionMessage
11:14:12|Send|Rebirth.World|Send()|Client|Line:116|JobExperienceMultiUpdateMessage
11:14:12|Send|Rebirth.World|Send()|Client|Line:116|JobCrafterDirectorySettingsMessage
11:14:12|Send|Rebirth.World|Send()|Client|Line:116|AlignmentRankUpdateMessage
11:14:12|Send|Rebirth.World|Send()|Client|Line:116|DareCreatedListMessage
11:14:12|Send|Rebirth.World|Send()|Client|Line:116|DareSubscribedListMessage
11:14:12|Send|Rebirth.World|Send()|Client|Line:116|DareWonListMessage
11:14:12|Send|Rebirth.World|Send()|Client|Line:116|DareRewardsListMessage
11:14:12|Send|Rebirth.World|Send()|Client|Line:116|PrismsListMessage
11:14:12|Send|Rebirth.World|Send()|Client|Line:116|EnabledChannelsMessage
11:14:12|Send|Rebirth.World|Send()|Client|Line:116|SpellListMessage
11:14:12|Send|Rebirth.World|Send()|Client|Line:116|ShortcutBarContentMessage
11:14:12|Send|Rebirth.World|Send()|Client|Line:116|InventoryWeightMessage
11:14:13|Send|Rebirth.World|Send()|Client|Line:116|FriendWarnOnConnectionStateMessage
11:14:13|Send|Rebirth.World|Send()|Client|Line:116|FriendWarnOnLevelGainStateMessage
11:14:13|Send|Rebirth.World|Send()|Client|Line:116|FriendGuildWarnOnAchievementCompleteStateMessage
11:14:13|Send|Rebirth.World|Send()|Client|Line:116|WarnOnPermaDeathStateMessage
11:14:13|Send|Rebirth.World|Send()|Client|Line:116|GuildMemberWarnOnConnectionStateMessage
11:14:13|Send|Rebirth.World|Send()|Client|Line:116|ServerExperienceModificatorMessage
11:14:13|Send|Rebirth.World|Send()|Client|Line:116|SpouseStatusMessage
11:14:13|Send|Rebirth.World|Send()|Client|Line:116|AchievementListMessage
11:14:13|Send|Rebirth.World|Send()|Client|Line:116|GameRolePlayArenaUpdatePlayerInfosMessage
11:14:13|Send|Rebirth.World|Send()|Client|Line:116|CharacterCapabilitiesMessage
11:14:13|Send|Rebirth.World|Send()|Client|Line:116|AlmanachCalendarDateMessage
11:14:13|Send|Rebirth.World|Send()|Client|Line:116|IdolListMessage
11:14:13|Send|Rebirth.World|Send()|Client|Line:116|MailStatusMessage
11:14:13|Send|Rebirth.World|Send()|Client|Line:116|StartupActionsListMessage
11:14:13|Send|Rebirth.World|Send()|Client|Line:116|CharacterLoadingCompleteMessage
11:14:13|Receive|Rebirth.World|ReceiveEvent_Completed()|Client|Line:76|FriendsGetListMessage
11:14:14|Receive|Rebirth.World|ReceiveEvent_Completed()|Client|Line:76|IgnoredGetListMessage
11:14:14|Receive|Rebirth.World|ReceiveEvent_Completed()|Client|Line:76|SpouseGetInformationsMessage
11:14:14|Error|Rebirth.Common|Execute()|DispatcherCore|Line:53|Unknow treatment for : FriendsGetListMessage
11:14:14|Receive|Rebirth.World|ReceiveEvent_Completed()|Client|Line:76|ClientKeyMessage
11:14:14|Error|Rebirth.Common|Execute()|DispatcherCore|Line:53|Unknow treatment for : IgnoredGetListMessage
11:14:14|Error|Rebirth.Common|Execute()|DispatcherCore|Line:53|Unknow treatment for : SpouseGetInformationsMessage
11:14:14|Receive|Rebirth.World|ReceiveEvent_Completed()|Client|Line:76|GameContextCreateRequestMessage
11:14:14|Error|Rebirth.Common|Execute()|DispatcherCore|Line:53|Unknow treatment for : ClientKeyMessage
11:14:14|Send|Rebirth.World|Send()|Client|Line:116|GameContextDestroyMessage
11:14:14|Send|Rebirth.World|Send()|Client|Line:116|GameContextCreateMessage
11:14:14|Send|Rebirth.World|Send()|Client|Line:116|CurrentMapMessage
11:14:14|Send|Rebirth.World|Send()|Client|Line:116|BasicTimeMessage
11:14:14|Send|Rebirth.World|Send()|Client|Line:116|CharacterStatsListMessage
11:14:14|Receive|Rebirth.World|ReceiveEvent_Completed()|Client|Line:76|GameContextCreateRequestMessage
11:14:14|Error|Rebirth.Common|Execute()|DispatcherCore|Line:53|Unknow treatment for : GameContextCreateRequestMessage
11:14:14|Infos|Rebirth.World|Disconnect()|Client|Line:89|Name : 'Zaabax' disconnected !
11:15:09|Send|Rebirth.Auth|Send()|Client|Line:93|ProtocolRequired
11:15:09|Send|Rebirth.Auth|Send()|Client|Line:93|RawDataMessage
11:15:09|Receive|Rebirth.Auth|ReceiveEvent_Completed()|Client|Line:62|IdentificationMessage
11:15:09|Send|Rebirth.Auth|Send()|Client|Line:93|LoginQueueStatusMessage
11:15:09|Send|Rebirth.Auth|Send()|Client|Line:93|LoginQueueStatusMessage
11:15:09|Send|Rebirth.Auth|Send()|Client|Line:93|LoginQueueStatusMessage
11:15:09|Send|Rebirth.Auth|Send()|Client|Line:93|IdentificationSuccessMessage
11:15:09|Send|Rebirth.Auth|Send()|Client|Line:93|ServersListMessage
11:15:10|Receive|Rebirth.Auth|ReceiveEvent_Completed()|Client|Line:62|ServerSelectionMessage
11:15:10|Send|Rebirth.Auth|Send()|WorldClient|Line:76|AccountInformationsMessage
11:15:10|Receive|Rebirth.World|ReceiveEvent_Completed()|Client|Line:76|AccountInformationsMessage
11:15:10|Send|Rebirth.Auth|Send()|Client|Line:93|SelectedServerDataMessage
11:15:11|Send|Rebirth.World|Send()|Client|Line:116|HelloGameMessage
11:15:11|Receive|Rebirth.World|ReceiveEvent_Completed()|Client|Line:76|AuthenticationTicketMessage
11:15:11|Send|Rebirth.World|Send()|Client|Line:116|AuthenticationTicketAcceptedMessage
11:15:11|Receive|Rebirth.World|ReceiveEvent_Completed()|Client|Line:76|CharactersListRequestMessage
11:15:11|Send|Rebirth.World|Send()|Client|Line:116|AccountCapabilitiesMessage
11:15:11|Send|Rebirth.World|Send()|Client|Line:116|CharactersListMessage
11:15:17|Receive|Rebirth.World|ReceiveEvent_Completed()|Client|Line:76|CharacterSelectionMessage
11:15:17|Send|Rebirth.World|Send()|Client|Line:116|NotificationListMessage
11:15:17|Send|Rebirth.World|Send()|Client|Line:116|CharacterSelectedSuccessMessage
11:15:17|Send|Rebirth.World|Send()|Client|Line:116|InventoryContentMessage
11:15:17|Send|Rebirth.World|Send()|Client|Line:116|ShortcutBarContentMessage
11:15:17|Send|Rebirth.World|Send()|Client|Line:116|ShortcutBarContentMessage
11:15:17|Send|Rebirth.World|Send()|Client|Line:116|RoomAvailableUpdateMessage
11:15:17|Send|Rebirth.World|Send()|Client|Line:116|HavenBagPackListMessage
11:15:17|Send|Rebirth.World|Send()|Client|Line:116|EmoteListMessage
11:15:17|Send|Rebirth.World|Send()|Client|Line:116|JobDescriptionMessage
11:15:17|Send|Rebirth.World|Send()|Client|Line:116|JobExperienceMultiUpdateMessage
11:15:17|Send|Rebirth.World|Send()|Client|Line:116|JobCrafterDirectorySettingsMessage
11:15:18|Send|Rebirth.World|Send()|Client|Line:116|AlignmentRankUpdateMessage
11:15:18|Send|Rebirth.World|Send()|Client|Line:116|DareCreatedListMessage
11:15:18|Send|Rebirth.World|Send()|Client|Line:116|DareSubscribedListMessage
11:15:18|Send|Rebirth.World|Send()|Client|Line:116|DareWonListMessage
11:15:18|Send|Rebirth.World|Send()|Client|Line:116|DareRewardsListMessage
11:15:18|Send|Rebirth.World|Send()|Client|Line:116|PrismsListMessage
11:15:18|Send|Rebirth.World|Send()|Client|Line:116|EnabledChannelsMessage
11:15:18|Send|Rebirth.World|Send()|Client|Line:116|SpellListMessage
11:15:18|Send|Rebirth.World|Send()|Client|Line:116|ShortcutBarContentMessage
11:15:18|Send|Rebirth.World|Send()|Client|Line:116|InventoryWeightMessage
11:15:18|Send|Rebirth.World|Send()|Client|Line:116|FriendWarnOnConnectionStateMessage
11:15:18|Send|Rebirth.World|Send()|Client|Line:116|FriendWarnOnLevelGainStateMessage
11:15:18|Send|Rebirth.World|Send()|Client|Line:116|FriendGuildWarnOnAchievementCompleteStateMessage
11:15:18|Send|Rebirth.World|Send()|Client|Line:116|WarnOnPermaDeathStateMessage
11:15:18|Send|Rebirth.World|Send()|Client|Line:116|GuildMemberWarnOnConnectionStateMessage
11:15:18|Send|Rebirth.World|Send()|Client|Line:116|ServerExperienceModificatorMessage
11:15:19|Send|Rebirth.World|Send()|Client|Line:116|SpouseStatusMessage
11:15:19|Send|Rebirth.World|Send()|Client|Line:116|AchievementListMessage
11:15:19|Send|Rebirth.World|Send()|Client|Line:116|GameRolePlayArenaUpdatePlayerInfosMessage
11:15:19|Send|Rebirth.World|Send()|Client|Line:116|CharacterCapabilitiesMessage
11:15:19|Send|Rebirth.World|Send()|Client|Line:116|AlmanachCalendarDateMessage
11:15:19|Send|Rebirth.World|Send()|Client|Line:116|IdolListMessage
11:15:19|Send|Rebirth.World|Send()|Client|Line:116|MailStatusMessage
11:15:19|Send|Rebirth.World|Send()|Client|Line:116|StartupActionsListMessage
11:15:19|Send|Rebirth.World|Send()|Client|Line:116|CharacterLoadingCompleteMessage
11:15:19|Receive|Rebirth.World|ReceiveEvent_Completed()|Client|Line:76|FriendsGetListMessage
11:15:19|Receive|Rebirth.World|ReceiveEvent_Completed()|Client|Line:76|IgnoredGetListMessage
11:15:19|Receive|Rebirth.World|ReceiveEvent_Completed()|Client|Line:76|SpouseGetInformationsMessage
11:15:19|Error|Rebirth.Common|Execute()|DispatcherCore|Line:53|Unknow treatment for : FriendsGetListMessage
11:15:19|Error|Rebirth.Common|Execute()|DispatcherCore|Line:53|Unknow treatment for : IgnoredGetListMessage
11:15:19|Error|Rebirth.Common|Execute()|DispatcherCore|Line:53|Unknow treatment for : SpouseGetInformationsMessage
11:15:19|Receive|Rebirth.World|ReceiveEvent_Completed()|Client|Line:76|ClientKeyMessage
11:15:20|Error|Rebirth.Common|Execute()|DispatcherCore|Line:53|Unknow treatment for : ClientKeyMessage
11:15:20|Receive|Rebirth.World|ReceiveEvent_Completed()|Client|Line:76|GameContextCreateRequestMessage
11:15:20|Send|Rebirth.World|Send()|Client|Line:116|GameContextDestroyMessage
11:15:20|Send|Rebirth.World|Send()|Client|Line:116|GameContextCreateMessage
11:15:20|Send|Rebirth.World|Send()|Client|Line:116|CurrentMapMessage
11:15:20|Send|Rebirth.World|Send()|Client|Line:116|BasicTimeMessage
11:15:20|Send|Rebirth.World|Send()|Client|Line:116|CharacterStatsListMessage
11:15:20|Receive|Rebirth.World|ReceiveEvent_Completed()|Client|Line:76|GameContextCreateRequestMessage
11:15:20|Error|Rebirth.Common|Execute()|DispatcherCore|Line:53|Unknow treatment for : GameContextCreateRequestMessage
11:15:20|Infos|Rebirth.World|Disconnect()|Client|Line:89|Name : 'Zaabax' disconnected !
11:16:54|Infos|Rebirth.Auth|Init()|Starter|Line:44|Starting Auth !
11:16:54|Infos|Rebirth.Auth|Init()|Starter|Line:57|Throw in 547ms !
11:16:54|Infos|Rebirth.World|Init()|Starter|Line:42|Starting World !
11:16:54|Send|Rebirth.World|Send()|Client|Line:116|UpdateStatuServerMessage
11:16:54|Receive|Rebirth.Auth|ReceiveEvent_Completed()|WorldClient|Line:53|UpdateStatuServerMessage
11:16:55|Infos|Rebirth.World|Init()|InteractiveManager|Line:26|Interactives load = 277
11:16:55|Infos|Rebirth.World|Init()|InteractiveManager|Line:27|Interactives Datas load = 559
11:16:55|Infos|Rebirth.World|Init()|InteractiveManager|Line:28|Waypoints load = 43
11:16:55|Infos|Rebirth.World|Init()|InteractiveManager|Line:30|Interactive construtors load = 27
11:16:55|Send|Rebirth.World|Send()|Client|Line:116|UpdateStatuServerMessage
11:16:55|Infos|Rebirth.World|Init()|Starter|Line:64|Throw in 625ms !
11:16:55|Receive|Rebirth.Auth|ReceiveEvent_Completed()|WorldClient|Line:53|UpdateStatuServerMessage
11:17:07|Send|Rebirth.Auth|Send()|Client|Line:93|ProtocolRequired
11:17:07|Send|Rebirth.Auth|Send()|Client|Line:93|RawDataMessage
11:17:07|Receive|Rebirth.Auth|ReceiveEvent_Completed()|Client|Line:62|IdentificationMessage
11:17:07|Send|Rebirth.Auth|Send()|Client|Line:93|LoginQueueStatusMessage
11:17:07|Send|Rebirth.Auth|Send()|Client|Line:93|LoginQueueStatusMessage
11:17:07|Send|Rebirth.Auth|Send()|Client|Line:93|IdentificationSuccessMessage
11:17:07|Send|Rebirth.Auth|Send()|Client|Line:93|ServersListMessage
11:17:08|Receive|Rebirth.Auth|ReceiveEvent_Completed()|Client|Line:62|ServerSelectionMessage
11:17:08|Send|Rebirth.Auth|Send()|WorldClient|Line:76|AccountInformationsMessage
11:17:08|Receive|Rebirth.World|ReceiveEvent_Completed()|Client|Line:76|AccountInformationsMessage
11:17:08|Send|Rebirth.Auth|Send()|Client|Line:93|SelectedServerDataMessage
11:17:09|Send|Rebirth.World|Send()|Client|Line:116|HelloGameMessage
11:17:09|Receive|Rebirth.World|ReceiveEvent_Completed()|Client|Line:76|AuthenticationTicketMessage
11:17:09|Send|Rebirth.World|Send()|Client|Line:116|AuthenticationTicketAcceptedMessage
11:17:09|Receive|Rebirth.World|ReceiveEvent_Completed()|Client|Line:76|CharactersListRequestMessage
11:17:09|Send|Rebirth.World|Send()|Client|Line:116|AccountCapabilitiesMessage
11:17:09|Send|Rebirth.World|Send()|Client|Line:116|CharactersListMessage
11:17:11|Receive|Rebirth.World|ReceiveEvent_Completed()|Client|Line:76|CharacterSelectionMessage
11:17:11|Send|Rebirth.World|Send()|Client|Line:116|NotificationListMessage
11:17:11|Send|Rebirth.World|Send()|Client|Line:116|CharacterSelectedSuccessMessage
11:17:11|Send|Rebirth.World|Send()|Client|Line:116|InventoryContentMessage
11:17:11|Send|Rebirth.World|Send()|Client|Line:116|ShortcutBarContentMessage
11:17:11|Send|Rebirth.World|Send()|Client|Line:116|ShortcutBarContentMessage
11:17:11|Send|Rebirth.World|Send()|Client|Line:116|RoomAvailableUpdateMessage
11:17:11|Send|Rebirth.World|Send()|Client|Line:116|HavenBagPackListMessage
11:17:12|Send|Rebirth.World|Send()|Client|Line:116|EmoteListMessage
11:17:12|Send|Rebirth.World|Send()|Client|Line:116|JobDescriptionMessage
11:17:12|Send|Rebirth.World|Send()|Client|Line:116|JobExperienceMultiUpdateMessage
11:17:12|Send|Rebirth.World|Send()|Client|Line:116|JobCrafterDirectorySettingsMessage
11:17:12|Send|Rebirth.World|Send()|Client|Line:116|AlignmentRankUpdateMessage
11:17:12|Send|Rebirth.World|Send()|Client|Line:116|DareCreatedListMessage
11:17:12|Send|Rebirth.World|Send()|Client|Line:116|DareSubscribedListMessage
11:17:12|Send|Rebirth.World|Send()|Client|Line:116|DareWonListMessage
11:17:12|Send|Rebirth.World|Send()|Client|Line:116|DareRewardsListMessage
11:17:12|Send|Rebirth.World|Send()|Client|Line:116|PrismsListMessage
11:17:12|Send|Rebirth.World|Send()|Client|Line:116|EnabledChannelsMessage
11:17:12|Send|Rebirth.World|Send()|Client|Line:116|SpellListMessage
11:17:12|Send|Rebirth.World|Send()|Client|Line:116|ShortcutBarContentMessage
11:17:12|Send|Rebirth.World|Send()|Client|Line:116|InventoryWeightMessage
11:17:12|Send|Rebirth.World|Send()|Client|Line:116|FriendWarnOnConnectionStateMessage
11:17:12|Send|Rebirth.World|Send()|Client|Line:116|FriendWarnOnLevelGainStateMessage
11:17:13|Send|Rebirth.World|Send()|Client|Line:116|FriendGuildWarnOnAchievementCompleteStateMessage
11:17:13|Send|Rebirth.World|Send()|Client|Line:116|WarnOnPermaDeathStateMessage
11:17:13|Send|Rebirth.World|Send()|Client|Line:116|GuildMemberWarnOnConnectionStateMessage
11:17:13|Send|Rebirth.World|Send()|Client|Line:116|ServerExperienceModificatorMessage
11:17:13|Send|Rebirth.World|Send()|Client|Line:116|SpouseStatusMessage
11:17:13|Send|Rebirth.World|Send()|Client|Line:116|AchievementListMessage
11:17:13|Send|Rebirth.World|Send()|Client|Line:116|GameRolePlayArenaUpdatePlayerInfosMessage
11:17:13|Send|Rebirth.World|Send()|Client|Line:116|CharacterCapabilitiesMessage
11:17:13|Send|Rebirth.World|Send()|Client|Line:116|AlmanachCalendarDateMessage
11:17:13|Send|Rebirth.World|Send()|Client|Line:116|IdolListMessage
11:17:13|Send|Rebirth.World|Send()|Client|Line:116|MailStatusMessage
11:17:13|Send|Rebirth.World|Send()|Client|Line:116|StartupActionsListMessage
11:17:13|Send|Rebirth.World|Send()|Client|Line:116|CharacterLoadingCompleteMessage
11:17:13|Receive|Rebirth.World|ReceiveEvent_Completed()|Client|Line:76|FriendsGetListMessage
11:17:13|Receive|Rebirth.World|ReceiveEvent_Completed()|Client|Line:76|IgnoredGetListMessage
11:17:13|Receive|Rebirth.World|ReceiveEvent_Completed()|Client|Line:76|SpouseGetInformationsMessage
11:17:13|Error|Rebirth.Common|Execute()|DispatcherCore|Line:53|Unknow treatment for : FriendsGetListMessage
11:17:14|Error|Rebirth.Common|Execute()|DispatcherCore|Line:53|Unknow treatment for : IgnoredGetListMessage
11:17:14|Error|Rebirth.Common|Execute()|DispatcherCore|Line:53|Unknow treatment for : SpouseGetInformationsMessage
11:17:15|Receive|Rebirth.World|ReceiveEvent_Completed()|Client|Line:76|ClientKeyMessage
11:17:15|Error|Rebirth.Common|Execute()|DispatcherCore|Line:53|Unknow treatment for : ClientKeyMessage
11:17:16|Receive|Rebirth.World|ReceiveEvent_Completed()|Client|Line:76|GameContextCreateRequestMessage
11:17:16|Send|Rebirth.World|Send()|Client|Line:116|GameContextDestroyMessage
11:17:16|Send|Rebirth.World|Send()|Client|Line:116|GameContextCreateMessage
11:17:16|Send|Rebirth.World|Send()|Client|Line:116|CurrentMapMessage
11:17:16|Send|Rebirth.World|Send()|Client|Line:116|BasicTimeMessage
11:17:16|Send|Rebirth.World|Send()|Client|Line:116|CharacterStatsListMessage
11:17:17|Receive|Rebirth.World|ReceiveEvent_Completed()|Client|Line:76|GameContextCreateRequestMessage
11:17:17|Error|Rebirth.Common|Execute()|DispatcherCore|Line:53|Unknow treatment for : GameContextCreateRequestMessage
11:17:17|Infos|Rebirth.World|Disconnect()|Client|Line:89|Name : 'Zaabax' disconnected !
11:18:33|Infos|Rebirth.Auth|Init()|Starter|Line:44|Starting Auth !
11:18:33|Infos|Rebirth.Auth|Init()|Starter|Line:57|Throw in 515ms !
11:18:34|Infos|Rebirth.World|Init()|Starter|Line:42|Starting World !
11:18:34|Send|Rebirth.World|Send()|Client|Line:116|UpdateStatuServerMessage
11:18:34|Receive|Rebirth.Auth|ReceiveEvent_Completed()|WorldClient|Line:53|UpdateStatuServerMessage
11:18:34|Infos|Rebirth.World|Init()|InteractiveManager|Line:26|Interactives load = 277
11:18:34|Infos|Rebirth.World|Init()|InteractiveManager|Line:27|Interactives Datas load = 559
11:18:34|Infos|Rebirth.World|Init()|InteractiveManager|Line:28|Waypoints load = 43
11:18:34|Infos|Rebirth.World|Init()|InteractiveManager|Line:30|Interactive construtors load = 27
11:18:34|Send|Rebirth.World|Send()|Client|Line:116|UpdateStatuServerMessage
11:18:34|Infos|Rebirth.World|Init()|Starter|Line:64|Throw in 656ms !
11:18:34|Receive|Rebirth.Auth|ReceiveEvent_Completed()|WorldClient|Line:53|UpdateStatuServerMessage
11:18:45|Send|Rebirth.Auth|Send()|Client|Line:93|ProtocolRequired
11:18:46|Send|Rebirth.Auth|Send()|Client|Line:93|RawDataMessage
11:18:46|Receive|Rebirth.Auth|ReceiveEvent_Completed()|Client|Line:62|IdentificationMessage
11:18:46|Send|Rebirth.Auth|Send()|Client|Line:93|LoginQueueStatusMessage
11:18:46|Send|Rebirth.Auth|Send()|Client|Line:93|LoginQueueStatusMessage
11:18:46|Send|Rebirth.Auth|Send()|Client|Line:93|LoginQueueStatusMessage
11:18:46|Send|Rebirth.Auth|Send()|Client|Line:93|IdentificationSuccessMessage
11:18:46|Send|Rebirth.Auth|Send()|Client|Line:93|ServersListMessage
11:18:47|Receive|Rebirth.Auth|ReceiveEvent_Completed()|Client|Line:62|ServerSelectionMessage
11:18:47|Send|Rebirth.Auth|Send()|WorldClient|Line:76|AccountInformationsMessage
11:18:47|Receive|Rebirth.World|ReceiveEvent_Completed()|Client|Line:76|AccountInformationsMessage
11:18:47|Send|Rebirth.Auth|Send()|Client|Line:93|SelectedServerDataMessage
11:18:47|Send|Rebirth.World|Send()|Client|Line:116|HelloGameMessage
11:18:47|Receive|Rebirth.World|ReceiveEvent_Completed()|Client|Line:76|AuthenticationTicketMessage
11:18:48|Send|Rebirth.World|Send()|Client|Line:116|AuthenticationTicketAcceptedMessage
11:18:48|Receive|Rebirth.World|ReceiveEvent_Completed()|Client|Line:76|CharactersListRequestMessage
11:18:48|Send|Rebirth.World|Send()|Client|Line:116|AccountCapabilitiesMessage
11:18:48|Send|Rebirth.World|Send()|Client|Line:116|CharactersListMessage
11:18:49|Receive|Rebirth.World|ReceiveEvent_Completed()|Client|Line:76|CharacterSelectionMessage
11:18:50|Send|Rebirth.World|Send()|Client|Line:116|NotificationListMessage
11:18:50|Send|Rebirth.World|Send()|Client|Line:116|CharacterSelectedSuccessMessage
11:18:50|Send|Rebirth.World|Send()|Client|Line:116|InventoryContentMessage
11:18:50|Send|Rebirth.World|Send()|Client|Line:116|ShortcutBarContentMessage
11:18:50|Send|Rebirth.World|Send()|Client|Line:116|ShortcutBarContentMessage
11:18:50|Send|Rebirth.World|Send()|Client|Line:116|RoomAvailableUpdateMessage
11:18:50|Send|Rebirth.World|Send()|Client|Line:116|HavenBagPackListMessage
11:18:50|Send|Rebirth.World|Send()|Client|Line:116|EmoteListMessage
11:18:50|Send|Rebirth.World|Send()|Client|Line:116|JobDescriptionMessage
11:18:50|Send|Rebirth.World|Send()|Client|Line:116|JobExperienceMultiUpdateMessage
11:18:50|Send|Rebirth.World|Send()|Client|Line:116|JobCrafterDirectorySettingsMessage
11:18:50|Send|Rebirth.World|Send()|Client|Line:116|AlignmentRankUpdateMessage
11:18:50|Send|Rebirth.World|Send()|Client|Line:116|DareCreatedListMessage
11:18:50|Send|Rebirth.World|Send()|Client|Line:116|DareSubscribedListMessage
11:18:50|Send|Rebirth.World|Send()|Client|Line:116|DareWonListMessage
11:18:50|Send|Rebirth.World|Send()|Client|Line:116|DareRewardsListMessage
11:18:51|Send|Rebirth.World|Send()|Client|Line:116|PrismsListMessage
11:18:51|Send|Rebirth.World|Send()|Client|Line:116|EnabledChannelsMessage
11:18:51|Send|Rebirth.World|Send()|Client|Line:116|SpellListMessage
11:18:51|Send|Rebirth.World|Send()|Client|Line:116|ShortcutBarContentMessage
11:18:51|Send|Rebirth.World|Send()|Client|Line:116|InventoryWeightMessage
11:18:51|Send|Rebirth.World|Send()|Client|Line:116|FriendWarnOnConnectionStateMessage
11:18:51|Send|Rebirth.World|Send()|Client|Line:116|FriendWarnOnLevelGainStateMessage
11:18:51|Send|Rebirth.World|Send()|Client|Line:116|FriendGuildWarnOnAchievementCompleteStateMessage
11:18:51|Send|Rebirth.World|Send()|Client|Line:116|WarnOnPermaDeathStateMessage
11:18:51|Send|Rebirth.World|Send()|Client|Line:116|GuildMemberWarnOnConnectionStateMessage
11:18:51|Send|Rebirth.World|Send()|Client|Line:116|ServerExperienceModificatorMessage
11:18:51|Send|Rebirth.World|Send()|Client|Line:116|SpouseStatusMessage
11:18:51|Send|Rebirth.World|Send()|Client|Line:116|AchievementListMessage
11:18:51|Send|Rebirth.World|Send()|Client|Line:116|GameRolePlayArenaUpdatePlayerInfosMessage
11:18:51|Send|Rebirth.World|Send()|Client|Line:116|CharacterCapabilitiesMessage
11:18:51|Send|Rebirth.World|Send()|Client|Line:116|AlmanachCalendarDateMessage
11:18:52|Send|Rebirth.World|Send()|Client|Line:116|IdolListMessage
11:18:52|Send|Rebirth.World|Send()|Client|Line:116|MailStatusMessage
11:18:52|Send|Rebirth.World|Send()|Client|Line:116|StartupActionsListMessage
11:18:52|Send|Rebirth.World|Send()|Client|Line:116|CharacterLoadingCompleteMessage
11:18:52|Receive|Rebirth.World|ReceiveEvent_Completed()|Client|Line:76|FriendsGetListMessage
11:18:52|Receive|Rebirth.World|ReceiveEvent_Completed()|Client|Line:76|IgnoredGetListMessage
11:18:52|Receive|Rebirth.World|ReceiveEvent_Completed()|Client|Line:76|SpouseGetInformationsMessage
11:18:52|Error|Rebirth.Common|Execute()|DispatcherCore|Line:53|Unknow treatment for : FriendsGetListMessage
11:18:52|Error|Rebirth.Common|Execute()|DispatcherCore|Line:53|Unknow treatment for : IgnoredGetListMessage
11:18:52|Error|Rebirth.Common|Execute()|DispatcherCore|Line:53|Unknow treatment for : SpouseGetInformationsMessage
11:18:52|Receive|Rebirth.World|ReceiveEvent_Completed()|Client|Line:76|ClientKeyMessage
11:18:52|Error|Rebirth.Common|Execute()|DispatcherCore|Line:53|Unknow treatment for : ClientKeyMessage
11:18:52|Receive|Rebirth.World|ReceiveEvent_Completed()|Client|Line:76|GameContextCreateRequestMessage
11:18:52|Send|Rebirth.World|Send()|Client|Line:116|GameContextDestroyMessage
11:18:52|Send|Rebirth.World|Send()|Client|Line:116|GameContextCreateMessage
11:18:52|Send|Rebirth.World|Send()|Client|Line:116|CurrentMapMessage
11:18:53|Send|Rebirth.World|Send()|Client|Line:116|BasicTimeMessage
11:18:53|Send|Rebirth.World|Send()|Client|Line:116|CharacterStatsListMessage
11:18:53|Receive|Rebirth.World|ReceiveEvent_Completed()|Client|Line:76|GameContextCreateRequestMessage
11:19:03|Infos|Rebirth.World|Disconnect()|Client|Line:89|Name : 'Zaabax' disconnected !
11:19:03|Infos|Rebirth.World|Disconnect()|Client|Line:89|Name : 'Zaabax' disconnected !
11:19:03|Infos|Rebirth.World|Disconnect()|Client|Line:89|Name : 'Zaabax' disconnected !
11:20:06|Infos|Rebirth.Auth|Init()|Starter|Line:44|Starting Auth !
11:20:07|Infos|Rebirth.Auth|Init()|Starter|Line:57|Throw in 547ms !
11:20:07|Infos|Rebirth.World|Init()|Starter|Line:42|Starting World !
11:20:07|Send|Rebirth.World|Send()|Client|Line:116|UpdateStatuServerMessage
11:20:07|Receive|Rebirth.Auth|ReceiveEvent_Completed()|WorldClient|Line:53|UpdateStatuServerMessage
11:20:07|Infos|Rebirth.World|Init()|InteractiveManager|Line:26|Interactives load = 277
11:20:07|Infos|Rebirth.World|Init()|InteractiveManager|Line:27|Interactives Datas load = 559
11:20:07|Infos|Rebirth.World|Init()|InteractiveManager|Line:28|Waypoints load = 43
11:20:08|Infos|Rebirth.World|Init()|InteractiveManager|Line:30|Interactive construtors load = 27
11:20:08|Send|Rebirth.World|Send()|Client|Line:116|UpdateStatuServerMessage
11:20:08|Infos|Rebirth.World|Init()|Starter|Line:64|Throw in 640ms !
11:20:08|Receive|Rebirth.Auth|ReceiveEvent_Completed()|WorldClient|Line:53|UpdateStatuServerMessage
11:20:40|Send|Rebirth.Auth|Send()|Client|Line:93|ProtocolRequired
11:20:40|Send|Rebirth.Auth|Send()|Client|Line:93|RawDataMessage
11:20:40|Receive|Rebirth.Auth|ReceiveEvent_Completed()|Client|Line:62|IdentificationMessage
11:20:40|Send|Rebirth.Auth|Send()|Client|Line:93|LoginQueueStatusMessage
11:20:40|Send|Rebirth.Auth|Send()|Client|Line:93|LoginQueueStatusMessage
11:20:40|Send|Rebirth.Auth|Send()|Client|Line:93|IdentificationSuccessMessage
11:20:40|Send|Rebirth.Auth|Send()|Client|Line:93|ServersListMessage
11:20:42|Receive|Rebirth.Auth|ReceiveEvent_Completed()|Client|Line:62|ServerSelectionMessage
11:20:42|Send|Rebirth.Auth|Send()|WorldClient|Line:76|AccountInformationsMessage
11:20:42|Receive|Rebirth.World|ReceiveEvent_Completed()|Client|Line:76|AccountInformationsMessage
11:20:42|Send|Rebirth.Auth|Send()|Client|Line:93|SelectedServerDataMessage
11:20:42|Send|Rebirth.World|Send()|Client|Line:116|HelloGameMessage
11:20:42|Receive|Rebirth.World|ReceiveEvent_Completed()|Client|Line:76|AuthenticationTicketMessage
11:20:42|Send|Rebirth.World|Send()|Client|Line:116|AuthenticationTicketAcceptedMessage
11:20:43|Receive|Rebirth.World|ReceiveEvent_Completed()|Client|Line:76|CharactersListRequestMessage
11:20:43|Send|Rebirth.World|Send()|Client|Line:116|AccountCapabilitiesMessage
11:20:43|Send|Rebirth.World|Send()|Client|Line:116|CharactersListMessage
11:20:44|Receive|Rebirth.World|ReceiveEvent_Completed()|Client|Line:76|CharacterSelectionMessage
11:20:44|Send|Rebirth.World|Send()|Client|Line:116|NotificationListMessage
11:20:44|Send|Rebirth.World|Send()|Client|Line:116|CharacterSelectedSuccessMessage
11:20:44|Send|Rebirth.World|Send()|Client|Line:116|InventoryContentMessage
11:20:44|Send|Rebirth.World|Send()|Client|Line:116|ShortcutBarContentMessage
11:20:44|Send|Rebirth.World|Send()|Client|Line:116|ShortcutBarContentMessage
11:20:44|Send|Rebirth.World|Send()|Client|Line:116|RoomAvailableUpdateMessage
11:20:45|Send|Rebirth.World|Send()|Client|Line:116|HavenBagPackListMessage
11:20:45|Send|Rebirth.World|Send()|Client|Line:116|EmoteListMessage
11:20:45|Send|Rebirth.World|Send()|Client|Line:116|JobDescriptionMessage
11:20:45|Send|Rebirth.World|Send()|Client|Line:116|JobExperienceMultiUpdateMessage
11:20:45|Send|Rebirth.World|Send()|Client|Line:116|JobCrafterDirectorySettingsMessage
11:20:45|Send|Rebirth.World|Send()|Client|Line:116|AlignmentRankUpdateMessage
11:20:45|Send|Rebirth.World|Send()|Client|Line:116|DareCreatedListMessage
11:20:45|Send|Rebirth.World|Send()|Client|Line:116|DareSubscribedListMessage
11:20:45|Send|Rebirth.World|Send()|Client|Line:116|DareWonListMessage
11:20:45|Send|Rebirth.World|Send()|Client|Line:116|DareRewardsListMessage
11:20:45|Send|Rebirth.World|Send()|Client|Line:116|PrismsListMessage
11:20:45|Send|Rebirth.World|Send()|Client|Line:116|EnabledChannelsMessage
11:20:45|Send|Rebirth.World|Send()|Client|Line:116|SpellListMessage
11:20:45|Send|Rebirth.World|Send()|Client|Line:116|ShortcutBarContentMessage
11:20:45|Send|Rebirth.World|Send()|Client|Line:116|InventoryWeightMessage
11:20:45|Send|Rebirth.World|Send()|Client|Line:116|FriendWarnOnConnectionStateMessage
11:20:46|Send|Rebirth.World|Send()|Client|Line:116|FriendWarnOnLevelGainStateMessage
11:20:46|Send|Rebirth.World|Send()|Client|Line:116|FriendGuildWarnOnAchievementCompleteStateMessage
11:20:46|Send|Rebirth.World|Send()|Client|Line:116|WarnOnPermaDeathStateMessage
11:20:46|Send|Rebirth.World|Send()|Client|Line:116|GuildMemberWarnOnConnectionStateMessage
11:20:46|Send|Rebirth.World|Send()|Client|Line:116|ServerExperienceModificatorMessage
11:20:46|Send|Rebirth.World|Send()|Client|Line:116|SpouseStatusMessage
11:20:46|Send|Rebirth.World|Send()|Client|Line:116|AchievementListMessage
11:20:46|Send|Rebirth.World|Send()|Client|Line:116|GameRolePlayArenaUpdatePlayerInfosMessage
11:20:46|Send|Rebirth.World|Send()|Client|Line:116|CharacterCapabilitiesMessage
11:20:46|Send|Rebirth.World|Send()|Client|Line:116|AlmanachCalendarDateMessage
11:20:46|Send|Rebirth.World|Send()|Client|Line:116|IdolListMessage
11:20:46|Send|Rebirth.World|Send()|Client|Line:116|MailStatusMessage
11:20:46|Send|Rebirth.World|Send()|Client|Line:116|StartupActionsListMessage
11:20:46|Send|Rebirth.World|Send()|Client|Line:116|CharacterLoadingCompleteMessage
11:20:46|Receive|Rebirth.World|ReceiveEvent_Completed()|Client|Line:76|FriendsGetListMessage
11:20:46|Receive|Rebirth.World|ReceiveEvent_Completed()|Client|Line:76|IgnoredGetListMessage
11:20:47|Receive|Rebirth.World|ReceiveEvent_Completed()|Client|Line:76|SpouseGetInformationsMessage
11:20:47|Error|Rebirth.Common|Execute()|DispatcherCore|Line:53|Unknow treatment for : FriendsGetListMessage
11:20:47|Error|Rebirth.Common|Execute()|DispatcherCore|Line:53|Unknow treatment for : IgnoredGetListMessage
11:20:47|Error|Rebirth.Common|Execute()|DispatcherCore|Line:53|Unknow treatment for : SpouseGetInformationsMessage
11:20:47|Receive|Rebirth.World|ReceiveEvent_Completed()|Client|Line:76|ClientKeyMessage
11:20:47|Error|Rebirth.Common|Execute()|DispatcherCore|Line:53|Unknow treatment for : ClientKeyMessage
11:20:47|Receive|Rebirth.World|ReceiveEvent_Completed()|Client|Line:76|GameContextCreateRequestMessage
11:20:47|Send|Rebirth.World|Send()|Client|Line:116|GameContextDestroyMessage
11:20:47|Send|Rebirth.World|Send()|Client|Line:116|GameContextCreateMessage
11:20:47|Send|Rebirth.World|Send()|Client|Line:116|CurrentMapMessage
11:20:47|Send|Rebirth.World|Send()|Client|Line:116|BasicTimeMessage
11:20:47|Send|Rebirth.World|Send()|Client|Line:116|CharacterStatsListMessage
11:20:49|Receive|Rebirth.World|ReceiveEvent_Completed()|Client|Line:76|GameContextCreateRequestMessage
11:20:49|Infos|Rebirth.World|Disconnect()|Client|Line:89|Name : 'Zaabax' disconnected !
08:39:56|Infos|Rebirth.Auth|Init()|Starter|Line:44|Starting Auth !
08:39:56|Infos|Rebirth.Auth|Init()|Starter|Line:57|Throw in 547ms !
08:39:56|Infos|Rebirth.World|Init()|Starter|Line:42|Starting World !
08:39:56|Send|Rebirth.World|Send()|Client|Line:116|UpdateStatuServerMessage
08:39:56|Receive|Rebirth.Auth|ReceiveEvent_Completed()|WorldClient|Line:53|UpdateStatuServerMessage
08:39:57|Infos|Rebirth.World|Init()|InteractiveManager|Line:26|Interactives load = 277
08:39:57|Infos|Rebirth.World|Init()|InteractiveManager|Line:27|Interactives Datas load = 0
08:39:57|Infos|Rebirth.World|Init()|InteractiveManager|Line:28|Waypoints load = 43
08:39:57|Infos|Rebirth.World|Init()|InteractiveManager|Line:30|Interactive construtors load = 27
08:39:57|Send|Rebirth.World|Send()|Client|Line:116|UpdateStatuServerMessage
08:39:57|Infos|Rebirth.World|Init()|Starter|Line:64|Throw in 1250ms !
08:39:58|Receive|Rebirth.Auth|ReceiveEvent_Completed()|WorldClient|Line:53|UpdateStatuServerMessage
08:40:13|Send|Rebirth.Auth|Send()|Client|Line:93|ProtocolRequired
08:40:13|Send|Rebirth.Auth|Send()|Client|Line:93|RawDataMessage
08:40:13|Receive|Rebirth.Auth|ReceiveEvent_Completed()|Client|Line:62|IdentificationMessage
08:40:13|Send|Rebirth.Auth|Send()|Client|Line:93|LoginQueueStatusMessage
08:40:13|Send|Rebirth.Auth|Send()|Client|Line:93|LoginQueueStatusMessage
08:40:13|Send|Rebirth.Auth|Send()|Client|Line:93|IdentificationFailedMessage
08:40:42|Send|Rebirth.Auth|Send()|Client|Line:93|ProtocolRequired
08:40:42|Send|Rebirth.Auth|Send()|Client|Line:93|RawDataMessage
08:40:42|Receive|Rebirth.Auth|ReceiveEvent_Completed()|Client|Line:62|IdentificationMessage
08:40:43|Send|Rebirth.Auth|Send()|Client|Line:93|LoginQueueStatusMessage
08:40:43|Send|Rebirth.Auth|Send()|Client|Line:93|LoginQueueStatusMessage
08:40:43|Send|Rebirth.Auth|Send()|Client|Line:93|IdentificationSuccessMessage
08:40:43|Send|Rebirth.Auth|Send()|Client|Line:93|ServersListMessage
08:43:17|Infos|Rebirth.Auth|Init()|Starter|Line:44|Starting Auth !
08:43:17|Infos|Rebirth.Auth|Init()|Starter|Line:57|Throw in 547ms !
08:43:17|Infos|Rebirth.World|Init()|Starter|Line:42|Starting World !
08:43:17|Send|Rebirth.World|Send()|Client|Line:116|UpdateStatuServerMessage
08:43:17|Receive|Rebirth.Auth|ReceiveEvent_Completed()|WorldClient|Line:53|UpdateStatuServerMessage
08:43:18|Infos|Rebirth.World|Init()|InteractiveManager|Line:26|Interactives load = 277
08:43:18|Infos|Rebirth.World|Init()|InteractiveManager|Line:27|Interactives Datas load = 0
08:43:18|Infos|Rebirth.World|Init()|InteractiveManager|Line:28|Waypoints load = 43
08:43:18|Infos|Rebirth.World|Init()|InteractiveManager|Line:30|Interactive construtors load = 27
08:43:18|Send|Rebirth.World|Send()|Client|Line:116|UpdateStatuServerMessage
08:43:18|Infos|Rebirth.World|Init()|Starter|Line:64|Throw in 625ms !
08:43:18|Receive|Rebirth.Auth|ReceiveEvent_Completed()|WorldClient|Line:53|UpdateStatuServerMessage
08:43:51|Send|Rebirth.Auth|Send()|Client|Line:93|ProtocolRequired
08:43:51|Send|Rebirth.Auth|Send()|Client|Line:93|RawDataMessage
08:43:51|Receive|Rebirth.Auth|ReceiveEvent_Completed()|Client|Line:62|IdentificationMessage
08:43:51|Send|Rebirth.Auth|Send()|Client|Line:93|LoginQueueStatusMessage
08:43:51|Send|Rebirth.Auth|Send()|Client|Line:93|LoginQueueStatusMessage
08:43:51|Send|Rebirth.Auth|Send()|Client|Line:93|IdentificationSuccessMessage
08:43:52|Send|Rebirth.Auth|Send()|Client|Line:93|ServersListMessage
08:43:53|Receive|Rebirth.Auth|ReceiveEvent_Completed()|Client|Line:62|ServerSelectionMessage
08:43:53|Send|Rebirth.Auth|Send()|WorldClient|Line:76|AccountInformationsMessage
08:43:53|Receive|Rebirth.World|ReceiveEvent_Completed()|Client|Line:76|AccountInformationsMessage
08:43:53|Send|Rebirth.Auth|Send()|Client|Line:93|SelectedServerDataMessage
08:43:54|Send|Rebirth.World|Send()|Client|Line:116|HelloGameMessage
08:43:54|Receive|Rebirth.World|ReceiveEvent_Completed()|Client|Line:76|AuthenticationTicketMessage
08:43:54|Send|Rebirth.World|Send()|Client|Line:116|AuthenticationTicketAcceptedMessage
08:43:54|Receive|Rebirth.World|ReceiveEvent_Completed()|Client|Line:76|CharactersListRequestMessage
08:43:54|Send|Rebirth.World|Send()|Client|Line:116|AccountCapabilitiesMessage
08:43:55|Send|Rebirth.World|Send()|Client|Line:116|CharactersListMessage
08:44:03|Receive|Rebirth.World|ReceiveEvent_Completed()|Client|Line:76|CharacterNameSuggestionRequestMessage
08:44:03|Send|Rebirth.World|Send()|Client|Line:116|CharacterNameSuggestionSuccessMessage
08:44:06|Receive|Rebirth.World|ReceiveEvent_Completed()|Client|Line:76|BasicStatWithDataMessage
08:44:06|Receive|Rebirth.World|ReceiveEvent_Completed()|Client|Line:76|CharacterCreationRequestMessage
08:44:06|Error|Rebirth.Common|Execute()|DispatcherCore|Line:53|Unknow treatment for : BasicStatWithDataMessage
08:44:12|Send|Rebirth.World|Send()|Client|Line:116|CreateCharacterMessage
08:44:14|Send|Rebirth.World|Send()|Client|Line:116|CharacterCreationResultMessage
08:44:14|Receive|Rebirth.Auth|ReceiveEvent_Completed()|WorldClient|Line:53|CreateCharacterMessage
08:44:14|Send|Rebirth.World|Send()|Client|Line:116|BasicNoOperationMessage
08:44:58|Infos|Rebirth.Auth|Init()|Starter|Line:44|Starting Auth !
08:44:58|Infos|Rebirth.Auth|Init()|Starter|Line:57|Throw in 516ms !
08:44:58|Infos|Rebirth.World|Init()|Starter|Line:42|Starting World !
08:44:58|Send|Rebirth.World|Send()|Client|Line:116|UpdateStatuServerMessage
08:44:58|Receive|Rebirth.Auth|ReceiveEvent_Completed()|WorldClient|Line:53|UpdateStatuServerMessage
08:44:59|Infos|Rebirth.World|Init()|InteractiveManager|Line:26|Interactives load = 277
08:44:59|Infos|Rebirth.World|Init()|InteractiveManager|Line:27|Interactives Datas load = 0
08:44:59|Infos|Rebirth.World|Init()|InteractiveManager|Line:28|Waypoints load = 43
08:44:59|Infos|Rebirth.World|Init()|InteractiveManager|Line:30|Interactive construtors load = 27
08:44:59|Send|Rebirth.World|Send()|Client|Line:116|UpdateStatuServerMessage
08:44:59|Infos|Rebirth.World|Init()|Starter|Line:64|Throw in 657ms !
08:44:59|Receive|Rebirth.Auth|ReceiveEvent_Completed()|WorldClient|Line:53|UpdateStatuServerMessage
08:47:10|Send|Rebirth.Auth|Send()|Client|Line:93|ProtocolRequired
08:47:10|Send|Rebirth.Auth|Send()|Client|Line:93|RawDataMessage
08:47:10|Receive|Rebirth.Auth|ReceiveEvent_Completed()|Client|Line:62|IdentificationMessage
08:47:10|Send|Rebirth.Auth|Send()|Client|Line:93|LoginQueueStatusMessage
08:47:10|Send|Rebirth.Auth|Send()|Client|Line:93|LoginQueueStatusMessage
08:47:10|Send|Rebirth.Auth|Send()|Client|Line:93|IdentificationSuccessMessage
08:47:10|Send|Rebirth.Auth|Send()|Client|Line:93|ServersListMessage
08:47:15|Receive|Rebirth.Auth|ReceiveEvent_Completed()|Client|Line:62|ServerSelectionMessage
08:47:15|Send|Rebirth.Auth|Send()|WorldClient|Line:76|AccountInformationsMessage
08:47:15|Receive|Rebirth.World|ReceiveEvent_Completed()|Client|Line:76|AccountInformationsMessage
08:47:15|Send|Rebirth.Auth|Send()|Client|Line:93|SelectedServerDataMessage
08:47:15|Send|Rebirth.World|Send()|Client|Line:116|HelloGameMessage
08:47:15|Receive|Rebirth.World|ReceiveEvent_Completed()|Client|Line:76|AuthenticationTicketMessage
08:47:15|Send|Rebirth.World|Send()|Client|Line:116|AuthenticationTicketAcceptedMessage
08:47:16|Receive|Rebirth.World|ReceiveEvent_Completed()|Client|Line:76|CharactersListRequestMessage
08:47:16|Send|Rebirth.World|Send()|Client|Line:116|AccountCapabilitiesMessage
08:47:16|Send|Rebirth.World|Send()|Client|Line:116|CharactersListMessage
08:47:17|Receive|Rebirth.World|ReceiveEvent_Completed()|Client|Line:76|CharacterSelectionMessage
08:47:18|Send|Rebirth.World|Send()|Client|Line:116|NotificationListMessage
08:47:18|Send|Rebirth.World|Send()|Client|Line:116|CharacterSelectedSuccessMessage
08:47:18|Send|Rebirth.World|Send()|Client|Line:116|InventoryContentMessage
08:47:18|Send|Rebirth.World|Send()|Client|Line:116|ShortcutBarContentMessage
08:47:18|Send|Rebirth.World|Send()|Client|Line:116|ShortcutBarContentMessage
08:47:18|Send|Rebirth.World|Send()|Client|Line:116|RoomAvailableUpdateMessage
08:47:18|Send|Rebirth.World|Send()|Client|Line:116|HavenBagPackListMessage
08:47:18|Send|Rebirth.World|Send()|Client|Line:116|EmoteListMessage
08:47:18|Send|Rebirth.World|Send()|Client|Line:116|JobDescriptionMessage
08:47:18|Send|Rebirth.World|Send()|Client|Line:116|JobExperienceMultiUpdateMessage
08:47:18|Send|Rebirth.World|Send()|Client|Line:116|JobCrafterDirectorySettingsMessage
08:47:18|Send|Rebirth.World|Send()|Client|Line:116|AlignmentRankUpdateMessage
08:47:18|Send|Rebirth.World|Send()|Client|Line:116|DareCreatedListMessage
08:47:18|Send|Rebirth.World|Send()|Client|Line:116|DareSubscribedListMessage
08:47:18|Send|Rebirth.World|Send()|Client|Line:116|DareWonListMessage
08:47:18|Send|Rebirth.World|Send()|Client|Line:116|DareRewardsListMessage
08:47:19|Send|Rebirth.World|Send()|Client|Line:116|PrismsListMessage
08:47:19|Send|Rebirth.World|Send()|Client|Line:116|EnabledChannelsMessage
08:47:19|Send|Rebirth.World|Send()|Client|Line:116|SpellListMessage
08:47:19|Send|Rebirth.World|Send()|Client|Line:116|ShortcutBarContentMessage
08:47:19|Send|Rebirth.World|Send()|Client|Line:116|InventoryWeightMessage
08:47:19|Send|Rebirth.World|Send()|Client|Line:116|FriendWarnOnConnectionStateMessage
08:47:19|Send|Rebirth.World|Send()|Client|Line:116|FriendWarnOnLevelGainStateMessage
08:47:19|Send|Rebirth.World|Send()|Client|Line:116|FriendGuildWarnOnAchievementCompleteStateMessage
08:47:19|Send|Rebirth.World|Send()|Client|Line:116|WarnOnPermaDeathStateMessage
08:47:19|Send|Rebirth.World|Send()|Client|Line:116|GuildMemberWarnOnConnectionStateMessage
08:47:19|Send|Rebirth.World|Send()|Client|Line:116|ServerExperienceModificatorMessage
08:47:19|Send|Rebirth.World|Send()|Client|Line:116|SpouseStatusMessage
08:47:19|Send|Rebirth.World|Send()|Client|Line:116|AchievementListMessage
08:47:19|Send|Rebirth.World|Send()|Client|Line:116|GameRolePlayArenaUpdatePlayerInfosMessage
08:47:19|Send|Rebirth.World|Send()|Client|Line:116|CharacterCapabilitiesMessage
08:47:19|Send|Rebirth.World|Send()|Client|Line:116|AlmanachCalendarDateMessage
08:47:20|Send|Rebirth.World|Send()|Client|Line:116|IdolListMessage
08:47:20|Send|Rebirth.World|Send()|Client|Line:116|MailStatusMessage
08:47:20|Send|Rebirth.World|Send()|Client|Line:116|StartupActionsListMessage
08:47:20|Send|Rebirth.World|Send()|Client|Line:116|CharacterLoadingCompleteMessage
08:47:20|Receive|Rebirth.World|ReceiveEvent_Completed()|Client|Line:76|FriendsGetListMessage
08:47:20|Receive|Rebirth.World|ReceiveEvent_Completed()|Client|Line:76|IgnoredGetListMessage
08:47:20|Receive|Rebirth.World|ReceiveEvent_Completed()|Client|Line:76|SpouseGetInformationsMessage
08:47:20|Error|Rebirth.Common|Execute()|DispatcherCore|Line:53|Unknow treatment for : FriendsGetListMessage
08:47:20|Error|Rebirth.Common|Execute()|DispatcherCore|Line:53|Unknow treatment for : IgnoredGetListMessage
08:47:20|Error|Rebirth.Common|Execute()|DispatcherCore|Line:53|Unknow treatment for : SpouseGetInformationsMessage
08:47:20|Receive|Rebirth.World|ReceiveEvent_Completed()|Client|Line:76|ClientKeyMessage
08:47:20|Error|Rebirth.Common|Execute()|DispatcherCore|Line:53|Unknow treatment for : ClientKeyMessage
08:47:20|Receive|Rebirth.World|ReceiveEvent_Completed()|Client|Line:76|GameContextCreateRequestMessage
08:47:20|Send|Rebirth.World|Send()|Client|Line:116|GameContextDestroyMessage
08:47:20|Send|Rebirth.World|Send()|Client|Line:116|GameContextCreateMessage
08:47:20|Send|Rebirth.World|Send()|Client|Line:116|CurrentMapMessage
08:47:21|Send|Rebirth.World|Send()|Client|Line:116|BasicTimeMessage
08:47:21|Send|Rebirth.World|Send()|Client|Line:116|CharacterStatsListMessage
08:47:27|Receive|Rebirth.World|ReceiveEvent_Completed()|Client|Line:76|QuestListRequestMessage
08:47:28|Receive|Rebirth.World|ReceiveEvent_Completed()|Client|Line:76|QuestListRequestMessage
08:47:28|Send|Rebirth.World|Send()|Client|Line:116|QuestListMessage
08:47:28|Send|Rebirth.World|Send()|Client|Line:116|QuestListMessage
08:47:29|Receive|Rebirth.World|ReceiveEvent_Completed()|Client|Line:76|MapInformationsRequestMessage
08:47:29|Send|Rebirth.World|Send()|Client|Line:116|MapComplementaryInformationsDataMessage
08:47:30|Send|Rebirth.World|Send()|Client|Line:116|BasicTimeMessage
08:47:30|Send|Rebirth.World|Send()|Client|Line:116|SetCharacterRestrictionsMessage
08:47:30|Receive|Rebirth.World|ReceiveEvent_Completed()|Client|Line:76|HaapiApiKeyRequestMessage
08:47:30|Error|Rebirth.Common|Execute()|DispatcherCore|Line:53|Unknow treatment for : HaapiApiKeyRequestMessage
08:47:31|Receive|Rebirth.World|ReceiveEvent_Completed()|Client|Line:76|GameMapMovementRequestMessage
08:47:31|Send|Rebirth.World|Send()|Client|Line:116|GameMapMovementMessage
08:47:33|Receive|Rebirth.World|ReceiveEvent_Completed()|Client|Line:76|GameMapMovementConfirmMessage
08:47:33|Receive|Rebirth.World|ReceiveEvent_Completed()|Client|Line:76|GameMapMovementRequestMessage
08:47:33|Send|Rebirth.World|Send()|Client|Line:116|GameMapMovementMessage
08:47:33|Receive|Rebirth.World|ReceiveEvent_Completed()|Client|Line:76|GameMapMovementConfirmMessage
08:47:46|Receive|Rebirth.World|ReceiveEvent_Completed()|Client|Line:76|GameMapMovementRequestMessage
08:47:46|Send|Rebirth.World|Send()|Client|Line:116|GameMapMovementMessage
08:47:48|Receive|Rebirth.World|ReceiveEvent_Completed()|Client|Line:76|GameMapMovementConfirmMessage
08:47:48|Receive|Rebirth.World|ReceiveEvent_Completed()|Client|Line:76|ChangeMapMessage
08:47:48|Send|Rebirth.World|Send()|Client|Line:116|CurrentMapMessage
08:47:48|Send|Rebirth.World|Send()|Client|Line:116|BasicTimeMessage
08:47:49|Receive|Rebirth.World|ReceiveEvent_Completed()|Client|Line:76|MapInformationsRequestMessage
08:47:49|Send|Rebirth.World|Send()|Client|Line:116|MapComplementaryInformationsDataMessage
08:47:49|Send|Rebirth.World|Send()|Client|Line:116|BasicTimeMessage
08:47:49|Send|Rebirth.World|Send()|Client|Line:116|SetCharacterRestrictionsMessage
08:47:50|Receive|Rebirth.World|ReceiveEvent_Completed()|Client|Line:76|GameMapMovementRequestMessage
08:47:50|Send|Rebirth.World|Send()|Client|Line:116|GameMapMovementMessage
08:47:51|Receive|Rebirth.World|ReceiveEvent_Completed()|Client|Line:76|GameMapMovementCancelMessage
08:47:51|Receive|Rebirth.World|ReceiveEvent_Completed()|Client|Line:76|GameMapMovementRequestMessage
08:47:51|Error|Rebirth.Common|Execute()|DispatcherCore|Line:53|Unknow treatment for : GameMapMovementCancelMessage
08:47:51|Send|Rebirth.World|Send()|Client|Line:116|GameMapMovementMessage
08:47:53|Receive|Rebirth.World|ReceiveEvent_Completed()|Client|Line:76|GameMapMovementConfirmMessage
08:47:53|Receive|Rebirth.World|ReceiveEvent_Completed()|Client|Line:76|InteractiveUseRequestMessage
08:47:53|Send|Rebirth.World|Send()|Client|Line:116|InteractiveUsedMessage
08:47:53|Send|Rebirth.World|Send()|Client|Line:116|ZaapListMessage
08:47:56|Receive|Rebirth.World|ReceiveEvent_Completed()|Client|Line:76|LeaveDialogRequestMessage
08:47:56|Send|Rebirth.World|Send()|Client|Line:116|LeaveDialogMessage
08:47:57|Receive|Rebirth.World|ReceiveEvent_Completed()|Client|Line:76|GameMapMovementRequestMessage
08:47:57|Send|Rebirth.World|Send()|Client|Line:116|GameMapMovementMessage
08:47:58|Receive|Rebirth.World|ReceiveEvent_Completed()|Client|Line:76|GameMapMovementConfirmMessage
08:47:58|Receive|Rebirth.World|ReceiveEvent_Completed()|Client|Line:76|InteractiveUseRequestMessage
08:47:59|Error|Rebirth.World|GetDatasById()|InteractiveManager|Line:49|Interactive '489331' don't work !
08:47:59|Send|Rebirth.World|Send()|Client|Line:116|ChatServerMessage
08:47:59|Send|Rebirth.World|Send()|Client|Line:116|InteractiveUseErrorMessage
08:48:00|Receive|Rebirth.World|ReceiveEvent_Completed()|Client|Line:76|GameMapMovementRequestMessage
08:48:00|Send|Rebirth.World|Send()|Client|Line:116|GameMapMovementMessage
08:48:01|Receive|Rebirth.World|ReceiveEvent_Completed()|Client|Line:76|GameMapMovementConfirmMessage
