07:41:59|Infos|Rebirth.Auth|Init()|Starter|Line:28|Starting Auth !
07:42:00|Infos|Rebirth.Auth|Init()|Starter|Line:42|Throw in 0s !
07:42:00|Infos|Rebirth.World|Init()|Starter|Line:41|Starting World !
07:42:00|Send|Rebirth.World|Send()|Client|Line:104|UpdateStatuServerMessage
07:42:00|Receive|Rebirth.Auth|ReceiveEvent_Completed()|WorldClient|Line:53|UpdateStatuServerMessage
07:42:01|Send|Rebirth.World|Send()|Client|Line:104|UpdateStatuServerMessage
07:42:01|Infos|Rebirth.World|Init()|Starter|Line:59|Throw in 1s !
07:42:01|Receive|Rebirth.Auth|ReceiveEvent_Completed()|WorldClient|Line:53|UpdateStatuServerMessage
07:42:21|Send|Rebirth.Auth|Send()|Client|Line:90|ProtocolRequired
07:42:21|Send|Rebirth.Auth|Send()|Client|Line:90|RawDataMessage
07:42:21|Receive|Rebirth.Auth|ReceiveEvent_Completed()|Client|Line:60|IdentificationMessage
07:42:21|Send|Rebirth.Auth|Send()|Client|Line:90|LoginQueueStatusMessage
07:42:21|Send|Rebirth.Auth|Send()|Client|Line:90|IdentificationSuccessMessage
07:42:21|Send|Rebirth.Auth|Send()|Client|Line:90|ServersListMessage
07:42:24|Receive|Rebirth.Auth|ReceiveEvent_Completed()|Client|Line:60|ServerSelectionMessage
07:42:24|Send|Rebirth.Auth|Send()|WorldClient|Line:76|AccountInformationsMessage
07:42:24|Send|Rebirth.World|Send()|Client|Line:104|HelloGameMessage
07:42:24|Receive|Rebirth.World|ReceiveEvent_Completed()|Client|Line:74|AccountInformationsMessage
07:42:24|Receive|Rebirth.World|ReceiveEvent_Completed()|Client|Line:74|AuthenticationTicketMessage
07:42:24|Send|Rebirth.Auth|Send()|Client|Line:90|SelectedServerDataMessage
07:42:24|Send|Rebirth.World|Send()|Client|Line:104|AuthenticationTicketAcceptedMessage
07:42:24|Receive|Rebirth.World|ReceiveEvent_Completed()|Client|Line:74|CharactersListRequestMessage
07:42:24|Send|Rebirth.World|Send()|Client|Line:104|AccountCapabilitiesMessage
07:42:24|Send|Rebirth.World|Send()|Client|Line:104|CharactersListMessage
07:42:29|Receive|Rebirth.World|ReceiveEvent_Completed()|Client|Line:74|CharacterNameSuggestionRequestMessage
07:42:29|Send|Rebirth.World|Send()|Client|Line:104|CharacterNameSuggestionSuccessMessage
07:42:30|Receive|Rebirth.World|ReceiveEvent_Completed()|Client|Line:74|CharacterNameSuggestionRequestMessage
07:42:30|Send|Rebirth.World|Send()|Client|Line:104|CharacterNameSuggestionSuccessMessage
07:42:31|Receive|Rebirth.World|ReceiveEvent_Completed()|Client|Line:74|CharacterNameSuggestionRequestMessage
07:42:31|Send|Rebirth.World|Send()|Client|Line:104|CharacterNameSuggestionSuccessMessage
07:42:32|Receive|Rebirth.World|ReceiveEvent_Completed()|Client|Line:74|CharacterNameSuggestionRequestMessage
07:42:32|Send|Rebirth.World|Send()|Client|Line:104|CharacterNameSuggestionSuccessMessage
07:42:33|Receive|Rebirth.World|ReceiveEvent_Completed()|Client|Line:74|CharacterNameSuggestionRequestMessage
07:42:33|Send|Rebirth.World|Send()|Client|Line:104|CharacterNameSuggestionSuccessMessage
07:42:33|Receive|Rebirth.World|ReceiveEvent_Completed()|Client|Line:74|CharacterNameSuggestionRequestMessage
07:42:33|Send|Rebirth.World|Send()|Client|Line:104|CharacterNameSuggestionSuccessMessage
07:42:34|Receive|Rebirth.World|ReceiveEvent_Completed()|Client|Line:74|CharacterNameSuggestionRequestMessage
07:42:34|Send|Rebirth.World|Send()|Client|Line:104|CharacterNameSuggestionSuccessMessage
07:42:34|Receive|Rebirth.World|ReceiveEvent_Completed()|Client|Line:74|CharacterNameSuggestionRequestMessage
07:42:34|Send|Rebirth.World|Send()|Client|Line:104|CharacterNameSuggestionSuccessMessage
07:42:35|Receive|Rebirth.World|ReceiveEvent_Completed()|Client|Line:74|CharacterNameSuggestionRequestMessage
07:42:35|Send|Rebirth.World|Send()|Client|Line:104|CharacterNameSuggestionSuccessMessage
07:42:35|Receive|Rebirth.World|ReceiveEvent_Completed()|Client|Line:74|CharacterNameSuggestionRequestMessage
07:42:35|Send|Rebirth.World|Send()|Client|Line:104|CharacterNameSuggestionSuccessMessage
07:42:37|Receive|Rebirth.World|ReceiveEvent_Completed()|Client|Line:74|CharacterNameSuggestionRequestMessage
07:42:37|Send|Rebirth.World|Send()|Client|Line:104|CharacterNameSuggestionSuccessMessage
07:42:37|Receive|Rebirth.World|ReceiveEvent_Completed()|Client|Line:74|CharacterNameSuggestionRequestMessage
07:42:37|Send|Rebirth.World|Send()|Client|Line:104|CharacterNameSuggestionSuccessMessage
07:42:38|Receive|Rebirth.World|ReceiveEvent_Completed()|Client|Line:74|CharacterNameSuggestionRequestMessage
07:42:38|Send|Rebirth.World|Send()|Client|Line:104|CharacterNameSuggestionSuccessMessage
07:42:42|Receive|Rebirth.World|ReceiveEvent_Completed()|Client|Line:74|CharacterNameSuggestionRequestMessage
07:42:42|Send|Rebirth.World|Send()|Client|Line:104|CharacterNameSuggestionSuccessMessage
07:42:43|Receive|Rebirth.World|ReceiveEvent_Completed()|Client|Line:74|CharacterNameSuggestionRequestMessage
07:42:43|Send|Rebirth.World|Send()|Client|Line:104|CharacterNameSuggestionSuccessMessage
07:42:44|Receive|Rebirth.World|ReceiveEvent_Completed()|Client|Line:74|CharacterNameSuggestionRequestMessage
07:42:44|Send|Rebirth.World|Send()|Client|Line:104|CharacterNameSuggestionSuccessMessage
07:42:45|Receive|Rebirth.World|ReceiveEvent_Completed()|Client|Line:74|CharacterNameSuggestionRequestMessage
07:42:45|Send|Rebirth.World|Send()|Client|Line:104|CharacterNameSuggestionSuccessMessage
07:42:46|Receive|Rebirth.World|ReceiveEvent_Completed()|Client|Line:74|CharacterNameSuggestionRequestMessage
07:42:46|Send|Rebirth.World|Send()|Client|Line:104|CharacterNameSuggestionSuccessMessage
07:42:47|Receive|Rebirth.World|ReceiveEvent_Completed()|Client|Line:74|CharacterNameSuggestionRequestMessage
07:42:47|Send|Rebirth.World|Send()|Client|Line:104|CharacterNameSuggestionSuccessMessage
07:42:48|Receive|Rebirth.World|ReceiveEvent_Completed()|Client|Line:74|CharacterNameSuggestionRequestMessage
07:42:48|Send|Rebirth.World|Send()|Client|Line:104|CharacterNameSuggestionSuccessMessage
07:44:26|Infos|Rebirth.Auth|Init()|Starter|Line:28|Starting Auth !
07:44:26|Infos|Rebirth.Auth|Init()|Starter|Line:42|Throw in 0s !
07:44:27|Infos|Rebirth.World|Init()|Starter|Line:41|Starting World !
07:44:27|Send|Rebirth.World|Send()|Client|Line:104|UpdateStatuServerMessage
07:44:27|Receive|Rebirth.Auth|ReceiveEvent_Completed()|WorldClient|Line:53|UpdateStatuServerMessage
07:44:27|Send|Rebirth.World|Send()|Client|Line:104|UpdateStatuServerMessage
07:44:27|Infos|Rebirth.World|Init()|Starter|Line:59|Throw in 0s !
07:44:27|Receive|Rebirth.Auth|ReceiveEvent_Completed()|WorldClient|Line:53|UpdateStatuServerMessage
07:44:35|Send|Rebirth.Auth|Send()|Client|Line:90|ProtocolRequired
07:44:35|Send|Rebirth.Auth|Send()|Client|Line:90|RawDataMessage
07:44:35|Receive|Rebirth.Auth|ReceiveEvent_Completed()|Client|Line:60|IdentificationMessage
07:44:35|Send|Rebirth.Auth|Send()|Client|Line:90|LoginQueueStatusMessage
07:44:36|Send|Rebirth.Auth|Send()|Client|Line:90|IdentificationSuccessMessage
07:44:36|Send|Rebirth.Auth|Send()|Client|Line:90|ServersListMessage
07:44:38|Receive|Rebirth.Auth|ReceiveEvent_Completed()|Client|Line:60|ServerSelectionMessage
07:44:38|Send|Rebirth.Auth|Send()|WorldClient|Line:76|AccountInformationsMessage
07:44:38|Receive|Rebirth.World|ReceiveEvent_Completed()|Client|Line:74|AccountInformationsMessage
07:44:38|Send|Rebirth.Auth|Send()|Client|Line:90|SelectedServerDataMessage
07:44:39|Receive|Rebirth.World|ReceiveEvent_Completed()|Client|Line:74|CharactersListRequestMessage
07:44:39|Send|Rebirth.World|Send()|Client|Line:104|AccountCapabilitiesMessage
07:44:39|Send|Rebirth.World|Send()|Client|Line:104|CharactersListMessage
07:44:43|Receive|Rebirth.World|ReceiveEvent_Completed()|Client|Line:74|CharacterNameSuggestionRequestMessage
07:44:43|Send|Rebirth.World|Send()|Client|Line:104|CharacterNameSuggestionSuccessMessage
07:44:44|Receive|Rebirth.World|ReceiveEvent_Completed()|Client|Line:74|CharacterNameSuggestionRequestMessage
07:44:44|Send|Rebirth.World|Send()|Client|Line:104|CharacterNameSuggestionSuccessMessage
07:44:44|Receive|Rebirth.World|ReceiveEvent_Completed()|Client|Line:74|CharacterNameSuggestionRequestMessage
07:44:44|Send|Rebirth.World|Send()|Client|Line:104|CharacterNameSuggestionSuccessMessage
07:44:45|Receive|Rebirth.World|ReceiveEvent_Completed()|Client|Line:74|CharacterNameSuggestionRequestMessage
07:44:45|Send|Rebirth.World|Send()|Client|Line:104|CharacterNameSuggestionSuccessMessage
07:44:46|Receive|Rebirth.World|ReceiveEvent_Completed()|Client|Line:74|CharacterNameSuggestionRequestMessage
07:44:46|Send|Rebirth.World|Send()|Client|Line:104|CharacterNameSuggestionSuccessMessage
07:44:46|Receive|Rebirth.World|ReceiveEvent_Completed()|Client|Line:74|CharacterNameSuggestionRequestMessage
07:44:46|Send|Rebirth.World|Send()|Client|Line:104|CharacterNameSuggestionSuccessMessage
07:44:47|Receive|Rebirth.World|ReceiveEvent_Completed()|Client|Line:74|CharacterNameSuggestionRequestMessage
07:44:47|Send|Rebirth.World|Send()|Client|Line:104|CharacterNameSuggestionSuccessMessage
07:44:48|Receive|Rebirth.World|ReceiveEvent_Completed()|Client|Line:74|CharacterNameSuggestionRequestMessage
07:44:48|Send|Rebirth.World|Send()|Client|Line:104|CharacterNameSuggestionSuccessMessage
07:44:54|Receive|Rebirth.World|ReceiveEvent_Completed()|Client|Line:74|BasicStatWithDataMessage
07:44:54|Receive|Rebirth.World|ReceiveEvent_Completed()|Client|Line:74|CharacterCreationRequestMessage
07:44:54|Error|Rebirth.Common|Execute()|DispatcherCore|Line:53|Unknow treatment for : BasicStatWithDataMessage
07:54:14|Infos|Rebirth.Auth|Init()|Starter|Line:28|Starting Auth !
07:54:14|Infos|Rebirth.Auth|Init()|Starter|Line:42|Throw in 0s !
07:54:14|Infos|Rebirth.World|Init()|Starter|Line:41|Starting World !
07:54:14|Send|Rebirth.World|Send()|Client|Line:104|UpdateStatuServerMessage
07:54:14|Receive|Rebirth.Auth|ReceiveEvent_Completed()|WorldClient|Line:53|UpdateStatuServerMessage
07:54:14|Send|Rebirth.World|Send()|Client|Line:104|UpdateStatuServerMessage
07:54:14|Infos|Rebirth.World|Init()|Starter|Line:59|Throw in 0s !
07:54:15|Receive|Rebirth.Auth|ReceiveEvent_Completed()|WorldClient|Line:53|UpdateStatuServerMessage
07:54:17|Send|Rebirth.Auth|Send()|Client|Line:90|ProtocolRequired
07:54:17|Send|Rebirth.Auth|Send()|Client|Line:90|RawDataMessage
07:54:17|Receive|Rebirth.Auth|ReceiveEvent_Completed()|Client|Line:60|IdentificationMessage
07:54:17|Send|Rebirth.Auth|Send()|Client|Line:90|LoginQueueStatusMessage
07:54:17|Send|Rebirth.Auth|Send()|Client|Line:90|IdentificationSuccessMessage
07:54:17|Send|Rebirth.Auth|Send()|Client|Line:90|ServersListMessage
07:54:21|Receive|Rebirth.Auth|ReceiveEvent_Completed()|Client|Line:60|ServerSelectionMessage
07:54:21|Send|Rebirth.World|Send()|Client|Line:104|HelloGameMessage
07:54:21|Receive|Rebirth.World|ReceiveEvent_Completed()|Client|Line:74|AuthenticationTicketMessage
07:54:21|Send|Rebirth.Auth|Send()|Client|Line:90|SelectedServerDataMessage
07:54:21|Receive|Rebirth.World|ReceiveEvent_Completed()|Client|Line:74|CharactersListRequestMessage
07:54:21|Send|Rebirth.World|Send()|Client|Line:104|AccountCapabilitiesMessage
07:54:21|Send|Rebirth.World|Send()|Client|Line:104|CharactersListMessage
07:54:30|Receive|Rebirth.World|ReceiveEvent_Completed()|Client|Line:74|CharacterNameSuggestionRequestMessage
07:54:30|Send|Rebirth.World|Send()|Client|Line:104|CharacterNameSuggestionSuccessMessage
07:54:32|Receive|Rebirth.World|ReceiveEvent_Completed()|Client|Line:74|BasicStatWithDataMessage
07:54:32|Receive|Rebirth.World|ReceiveEvent_Completed()|Client|Line:74|CharacterCreationRequestMessage
07:54:32|Error|Rebirth.Common|Execute()|DispatcherCore|Line:53|Unknow treatment for : BasicStatWithDataMessage
07:55:00|Send|Rebirth.Auth|Send()|Client|Line:90|ProtocolRequired
07:55:00|Send|Rebirth.Auth|Send()|Client|Line:90|RawDataMessage
07:55:00|Receive|Rebirth.Auth|ReceiveEvent_Completed()|Client|Line:60|IdentificationMessage
07:55:00|Send|Rebirth.Auth|Send()|Client|Line:90|LoginQueueStatusMessage
07:55:00|Send|Rebirth.Auth|Send()|Client|Line:90|IdentificationSuccessMessage
07:55:00|Send|Rebirth.Auth|Send()|Client|Line:90|ServersListMessage
07:55:03|Receive|Rebirth.Auth|ReceiveEvent_Completed()|Client|Line:60|ServerSelectionMessage
07:55:03|Send|Rebirth.Auth|Send()|WorldClient|Line:76|AccountInformationsMessage
07:55:03|Send|Rebirth.Auth|Send()|Client|Line:90|SelectedServerDataMessage
07:55:03|Receive|Rebirth.World|ReceiveEvent_Completed()|Client|Line:74|AccountInformationsMessage
07:55:03|Send|Rebirth.World|Send()|Client|Line:104|AuthenticationTicketAcceptedMessage
07:55:04|Receive|Rebirth.World|ReceiveEvent_Completed()|Client|Line:74|CharactersListRequestMessage
07:55:04|Send|Rebirth.World|Send()|Client|Line:104|AccountCapabilitiesMessage
07:55:04|Send|Rebirth.World|Send()|Client|Line:104|CharactersListMessage
07:55:07|Receive|Rebirth.World|ReceiveEvent_Completed()|Client|Line:74|CharacterNameSuggestionRequestMessage
07:55:07|Send|Rebirth.World|Send()|Client|Line:104|CharacterNameSuggestionSuccessMessage
07:55:08|Receive|Rebirth.World|ReceiveEvent_Completed()|Client|Line:74|BasicStatWithDataMessage
07:55:08|Receive|Rebirth.World|ReceiveEvent_Completed()|Client|Line:74|CharacterCreationRequestMessage
07:55:08|Error|Rebirth.Common|Execute()|DispatcherCore|Line:53|Unknow treatment for : BasicStatWithDataMessage
07:55:27|Infos|Rebirth.Auth|Init()|Starter|Line:28|Starting Auth !
07:55:27|Infos|Rebirth.Auth|Init()|Starter|Line:42|Throw in 0s !
07:55:27|Infos|Rebirth.World|Init()|Starter|Line:41|Starting World !
07:55:27|Send|Rebirth.World|Send()|Client|Line:104|UpdateStatuServerMessage
07:55:27|Receive|Rebirth.Auth|ReceiveEvent_Completed()|WorldClient|Line:53|UpdateStatuServerMessage
07:55:27|Send|Rebirth.World|Send()|Client|Line:104|UpdateStatuServerMessage
07:55:27|Infos|Rebirth.World|Init()|Starter|Line:59|Throw in 0s !
07:55:27|Receive|Rebirth.Auth|ReceiveEvent_Completed()|WorldClient|Line:53|UpdateStatuServerMessage
07:55:31|Send|Rebirth.Auth|Send()|Client|Line:90|ProtocolRequired
07:55:31|Send|Rebirth.Auth|Send()|Client|Line:90|RawDataMessage
07:55:32|Receive|Rebirth.Auth|ReceiveEvent_Completed()|Client|Line:60|IdentificationMessage
07:55:32|Send|Rebirth.Auth|Send()|Client|Line:90|LoginQueueStatusMessage
07:55:32|Send|Rebirth.Auth|Send()|Client|Line:90|IdentificationSuccessMessage
07:55:32|Send|Rebirth.Auth|Send()|Client|Line:90|ServersListMessage
07:55:33|Receive|Rebirth.Auth|ReceiveEvent_Completed()|Client|Line:60|ServerSelectionMessage
07:55:33|Send|Rebirth.World|Send()|Client|Line:104|HelloGameMessage
07:55:33|Receive|Rebirth.World|ReceiveEvent_Completed()|Client|Line:74|AuthenticationTicketMessage
07:55:33|Send|Rebirth.World|Send()|Client|Line:104|AuthenticationTicketAcceptedMessage
07:55:34|Receive|Rebirth.World|ReceiveEvent_Completed()|Client|Line:74|CharactersListRequestMessage
07:55:34|Send|Rebirth.World|Send()|Client|Line:104|AccountCapabilitiesMessage
07:55:34|Send|Rebirth.World|Send()|Client|Line:104|CharactersListMessage
07:55:37|Receive|Rebirth.World|ReceiveEvent_Completed()|Client|Line:74|CharacterNameSuggestionRequestMessage
07:55:37|Send|Rebirth.World|Send()|Client|Line:104|CharacterNameSuggestionSuccessMessage
07:55:37|Receive|Rebirth.World|ReceiveEvent_Completed()|Client|Line:74|BasicStatWithDataMessage
07:55:37|Receive|Rebirth.World|ReceiveEvent_Completed()|Client|Line:74|CharacterCreationRequestMessage
07:55:37|Error|Rebirth.Common|Execute()|DispatcherCore|Line:53|Unknow treatment for : BasicStatWithDataMessage
07:56:21|Infos|Rebirth.Auth|Init()|Starter|Line:28|Starting Auth !
07:56:22|Infos|Rebirth.Auth|Init()|Starter|Line:42|Throw in 0s !
07:56:22|Infos|Rebirth.World|Init()|Starter|Line:41|Starting World !
07:56:22|Send|Rebirth.World|Send()|Client|Line:104|UpdateStatuServerMessage
07:56:22|Receive|Rebirth.Auth|ReceiveEvent_Completed()|WorldClient|Line:53|UpdateStatuServerMessage
07:56:22|Send|Rebirth.World|Send()|Client|Line:104|UpdateStatuServerMessage
07:56:22|Infos|Rebirth.World|Init()|Starter|Line:59|Throw in 0s !
07:56:22|Receive|Rebirth.Auth|ReceiveEvent_Completed()|WorldClient|Line:53|UpdateStatuServerMessage
07:56:41|Infos|Rebirth.Auth|Init()|Starter|Line:28|Starting Auth !
07:56:41|Infos|Rebirth.Auth|Init()|Starter|Line:42|Throw in 0s !
07:56:41|Infos|Rebirth.World|Init()|Starter|Line:41|Starting World !
07:56:41|Send|Rebirth.World|Send()|Client|Line:104|UpdateStatuServerMessage
07:56:41|Receive|Rebirth.Auth|ReceiveEvent_Completed()|WorldClient|Line:53|UpdateStatuServerMessage
07:56:42|Send|Rebirth.World|Send()|Client|Line:104|UpdateStatuServerMessage
07:56:42|Infos|Rebirth.World|Init()|Starter|Line:59|Throw in 0s !
07:56:42|Receive|Rebirth.Auth|ReceiveEvent_Completed()|WorldClient|Line:53|UpdateStatuServerMessage
07:56:48|Send|Rebirth.Auth|Send()|Client|Line:90|ProtocolRequired
07:56:48|Send|Rebirth.Auth|Send()|Client|Line:90|RawDataMessage
07:56:48|Receive|Rebirth.Auth|ReceiveEvent_Completed()|Client|Line:60|IdentificationMessage
07:56:48|Send|Rebirth.Auth|Send()|Client|Line:90|LoginQueueStatusMessage
07:56:48|Send|Rebirth.Auth|Send()|Client|Line:90|IdentificationSuccessMessage
07:56:48|Send|Rebirth.Auth|Send()|Client|Line:90|ServersListMessage
07:56:49|Receive|Rebirth.Auth|ReceiveEvent_Completed()|Client|Line:60|ServerSelectionMessage
07:56:49|Send|Rebirth.World|Send()|Client|Line:104|HelloGameMessage
07:56:49|Receive|Rebirth.World|ReceiveEvent_Completed()|Client|Line:74|AuthenticationTicketMessage
07:56:49|Send|Rebirth.World|Send()|Client|Line:104|AuthenticationTicketAcceptedMessage
07:56:50|Receive|Rebirth.World|ReceiveEvent_Completed()|Client|Line:74|CharactersListRequestMessage
07:56:50|Send|Rebirth.World|Send()|Client|Line:104|AccountCapabilitiesMessage
07:56:50|Send|Rebirth.World|Send()|Client|Line:104|CharactersListMessage
07:56:53|Receive|Rebirth.World|ReceiveEvent_Completed()|Client|Line:74|CharacterNameSuggestionRequestMessage
07:56:53|Send|Rebirth.World|Send()|Client|Line:104|CharacterNameSuggestionSuccessMessage
07:56:54|Receive|Rebirth.World|ReceiveEvent_Completed()|Client|Line:74|BasicStatWithDataMessage
07:56:54|Receive|Rebirth.World|ReceiveEvent_Completed()|Client|Line:74|CharacterCreationRequestMessage
07:56:54|Error|Rebirth.Common|Execute()|DispatcherCore|Line:53|Unknow treatment for : BasicStatWithDataMessage
07:58:10|Infos|Rebirth.Auth|Init()|Starter|Line:28|Starting Auth !
07:58:11|Infos|Rebirth.Auth|Init()|Starter|Line:42|Throw in 0s !
07:58:11|Infos|Rebirth.World|Init()|Starter|Line:41|Starting World !
07:58:11|Send|Rebirth.World|Send()|Client|Line:104|UpdateStatuServerMessage
07:58:11|Receive|Rebirth.Auth|ReceiveEvent_Completed()|WorldClient|Line:53|UpdateStatuServerMessage
07:58:11|Send|Rebirth.World|Send()|Client|Line:104|UpdateStatuServerMessage
07:58:11|Infos|Rebirth.World|Init()|Starter|Line:59|Throw in 0s !
07:58:11|Receive|Rebirth.Auth|ReceiveEvent_Completed()|WorldClient|Line:53|UpdateStatuServerMessage
07:58:14|Send|Rebirth.Auth|Send()|Client|Line:90|ProtocolRequired
07:58:14|Send|Rebirth.Auth|Send()|Client|Line:90|RawDataMessage
07:58:14|Receive|Rebirth.Auth|ReceiveEvent_Completed()|Client|Line:60|IdentificationMessage
07:58:14|Send|Rebirth.Auth|Send()|Client|Line:90|LoginQueueStatusMessage
07:58:15|Send|Rebirth.Auth|Send()|Client|Line:90|IdentificationSuccessMessage
07:58:15|Send|Rebirth.Auth|Send()|Client|Line:90|ServersListMessage
07:58:17|Receive|Rebirth.Auth|ReceiveEvent_Completed()|Client|Line:60|ServerSelectionMessage
07:58:17|Send|Rebirth.World|Send()|Client|Line:104|HelloGameMessage
07:58:17|Receive|Rebirth.World|ReceiveEvent_Completed()|Client|Line:74|AuthenticationTicketMessage
07:58:17|Send|Rebirth.Auth|Send()|Client|Line:90|SelectedServerDataMessage
07:58:18|Receive|Rebirth.World|ReceiveEvent_Completed()|Client|Line:74|CharactersListRequestMessage
07:58:18|Send|Rebirth.World|Send()|Client|Line:104|AccountCapabilitiesMessage
07:58:18|Send|Rebirth.World|Send()|Client|Line:104|CharactersListMessage
07:58:21|Receive|Rebirth.World|ReceiveEvent_Completed()|Client|Line:74|CharacterNameSuggestionRequestMessage
07:58:21|Send|Rebirth.World|Send()|Client|Line:104|CharacterNameSuggestionSuccessMessage
07:58:22|Receive|Rebirth.World|ReceiveEvent_Completed()|Client|Line:74|BasicStatWithDataMessage
07:58:22|Receive|Rebirth.World|ReceiveEvent_Completed()|Client|Line:74|CharacterCreationRequestMessage
07:58:22|Error|Rebirth.Common|Execute()|DispatcherCore|Line:53|Unknow treatment for : BasicStatWithDataMessage
07:58:52|Infos|Rebirth.Auth|Init()|Starter|Line:28|Starting Auth !
07:58:52|Infos|Rebirth.Auth|Init()|Starter|Line:42|Throw in 0s !
07:58:52|Infos|Rebirth.World|Init()|Starter|Line:41|Starting World !
07:58:52|Send|Rebirth.World|Send()|Client|Line:104|UpdateStatuServerMessage
07:58:52|Receive|Rebirth.Auth|ReceiveEvent_Completed()|WorldClient|Line:53|UpdateStatuServerMessage
07:58:53|Send|Rebirth.World|Send()|Client|Line:104|UpdateStatuServerMessage
07:58:53|Infos|Rebirth.World|Init()|Starter|Line:59|Throw in 0s !
07:58:53|Receive|Rebirth.Auth|ReceiveEvent_Completed()|WorldClient|Line:53|UpdateStatuServerMessage
07:58:57|Send|Rebirth.Auth|Send()|Client|Line:90|ProtocolRequired
07:58:57|Send|Rebirth.Auth|Send()|Client|Line:90|RawDataMessage
07:58:57|Receive|Rebirth.Auth|ReceiveEvent_Completed()|Client|Line:60|IdentificationMessage
07:58:57|Send|Rebirth.Auth|Send()|Client|Line:90|LoginQueueStatusMessage
07:58:57|Send|Rebirth.Auth|Send()|Client|Line:90|IdentificationSuccessMessage
07:58:57|Send|Rebirth.Auth|Send()|Client|Line:90|ServersListMessage
07:58:59|Receive|Rebirth.Auth|ReceiveEvent_Completed()|Client|Line:60|ServerSelectionMessage
07:58:59|Send|Rebirth.World|Send()|Client|Line:104|HelloGameMessage
07:59:00|Receive|Rebirth.World|ReceiveEvent_Completed()|Client|Line:74|AccountInformationsMessage
07:59:00|Send|Rebirth.Auth|Send()|Client|Line:90|SelectedServerDataMessage
07:59:00|Receive|Rebirth.World|ReceiveEvent_Completed()|Client|Line:74|CharactersListRequestMessage
07:59:00|Send|Rebirth.World|Send()|Client|Line:104|AccountCapabilitiesMessage
07:59:00|Send|Rebirth.World|Send()|Client|Line:104|CharactersListMessage
07:59:04|Receive|Rebirth.World|ReceiveEvent_Completed()|Client|Line:74|CharacterNameSuggestionRequestMessage
07:59:04|Send|Rebirth.World|Send()|Client|Line:104|CharacterNameSuggestionSuccessMessage
07:59:19|Receive|Rebirth.World|ReceiveEvent_Completed()|Client|Line:74|BasicStatWithDataMessage
07:59:19|Receive|Rebirth.World|ReceiveEvent_Completed()|Client|Line:74|CharacterCreationRequestMessage
07:59:19|Error|Rebirth.Common|Execute()|DispatcherCore|Line:53|Unknow treatment for : BasicStatWithDataMessage
07:59:46|Infos|Rebirth.Auth|Init()|Starter|Line:28|Starting Auth !
07:59:47|Infos|Rebirth.Auth|Init()|Starter|Line:42|Throw in 0s !
07:59:47|Infos|Rebirth.World|Init()|Starter|Line:41|Starting World !
07:59:47|Send|Rebirth.World|Send()|Client|Line:104|UpdateStatuServerMessage
07:59:47|Receive|Rebirth.Auth|ReceiveEvent_Completed()|WorldClient|Line:53|UpdateStatuServerMessage
07:59:47|Send|Rebirth.World|Send()|Client|Line:104|UpdateStatuServerMessage
07:59:47|Infos|Rebirth.World|Init()|Starter|Line:59|Throw in 0s !
07:59:47|Receive|Rebirth.Auth|ReceiveEvent_Completed()|WorldClient|Line:53|UpdateStatuServerMessage
08:00:17|Infos|Rebirth.Auth|Init()|Starter|Line:28|Starting Auth !
08:00:17|Infos|Rebirth.Auth|Init()|Starter|Line:42|Throw in 0s !
08:00:17|Infos|Rebirth.World|Init()|Starter|Line:41|Starting World !
08:00:17|Send|Rebirth.World|Send()|Client|Line:104|UpdateStatuServerMessage
08:00:17|Receive|Rebirth.Auth|ReceiveEvent_Completed()|WorldClient|Line:53|UpdateStatuServerMessage
08:00:17|Send|Rebirth.World|Send()|Client|Line:104|UpdateStatuServerMessage
08:00:18|Infos|Rebirth.World|Init()|Starter|Line:59|Throw in 0s !
08:00:18|Receive|Rebirth.Auth|ReceiveEvent_Completed()|WorldClient|Line:53|UpdateStatuServerMessage
08:00:21|Send|Rebirth.Auth|Send()|Client|Line:90|ProtocolRequired
08:00:21|Send|Rebirth.Auth|Send()|Client|Line:90|RawDataMessage
08:00:21|Receive|Rebirth.Auth|ReceiveEvent_Completed()|Client|Line:60|IdentificationMessage
08:00:21|Send|Rebirth.Auth|Send()|Client|Line:90|LoginQueueStatusMessage
08:00:21|Send|Rebirth.Auth|Send()|Client|Line:90|IdentificationSuccessMessage
08:00:21|Send|Rebirth.Auth|Send()|Client|Line:90|ServersListMessage
08:00:24|Receive|Rebirth.Auth|ReceiveEvent_Completed()|Client|Line:60|ServerSelectionMessage
08:00:24|Send|Rebirth.World|Send()|Client|Line:104|HelloGameMessage
08:01:36|Infos|Rebirth.Auth|Init()|Starter|Line:28|Starting Auth !
08:01:37|Infos|Rebirth.Auth|Init()|Starter|Line:42|Throw in 0s !
08:01:37|Infos|Rebirth.World|Init()|Starter|Line:41|Starting World !
08:01:37|Send|Rebirth.World|Send()|Client|Line:104|UpdateStatuServerMessage
08:01:37|Receive|Rebirth.Auth|ReceiveEvent_Completed()|WorldClient|Line:53|UpdateStatuServerMessage
08:01:37|Send|Rebirth.World|Send()|Client|Line:104|UpdateStatuServerMessage
08:01:37|Infos|Rebirth.World|Init()|Starter|Line:59|Throw in 0s !
08:01:37|Receive|Rebirth.Auth|ReceiveEvent_Completed()|WorldClient|Line:53|UpdateStatuServerMessage
08:01:40|Send|Rebirth.Auth|Send()|Client|Line:90|ProtocolRequired
08:01:40|Send|Rebirth.Auth|Send()|Client|Line:90|RawDataMessage
08:01:40|Receive|Rebirth.Auth|ReceiveEvent_Completed()|Client|Line:60|IdentificationMessage
08:01:40|Send|Rebirth.Auth|Send()|Client|Line:90|LoginQueueStatusMessage
08:01:40|Send|Rebirth.Auth|Send()|Client|Line:90|IdentificationSuccessMessage
08:01:40|Send|Rebirth.Auth|Send()|Client|Line:90|ServersListMessage
08:01:41|Receive|Rebirth.Auth|ReceiveEvent_Completed()|Client|Line:60|ServerSelectionMessage
08:01:41|Send|Rebirth.World|Send()|Client|Line:104|HelloGameMessage
08:05:12|Infos|Rebirth.Auth|Init()|Starter|Line:28|Starting Auth !
08:05:12|Infos|Rebirth.Auth|Init()|Starter|Line:42|Throw in 0s !
08:05:12|Infos|Rebirth.World|Init()|Starter|Line:41|Starting World !
08:05:12|Send|Rebirth.World|Send()|Client|Line:104|UpdateStatuServerMessage
08:05:12|Receive|Rebirth.Auth|ReceiveEvent_Completed()|WorldClient|Line:53|UpdateStatuServerMessage
08:05:12|Send|Rebirth.World|Send()|Client|Line:104|UpdateStatuServerMessage
08:05:12|Infos|Rebirth.World|Init()|Starter|Line:59|Throw in 0s !
08:05:13|Receive|Rebirth.Auth|ReceiveEvent_Completed()|WorldClient|Line:53|UpdateStatuServerMessage
08:05:16|Send|Rebirth.Auth|Send()|Client|Line:90|ProtocolRequired
08:05:16|Send|Rebirth.Auth|Send()|Client|Line:90|RawDataMessage
08:05:16|Receive|Rebirth.Auth|ReceiveEvent_Completed()|Client|Line:60|IdentificationMessage
08:05:16|Send|Rebirth.Auth|Send()|Client|Line:90|LoginQueueStatusMessage
08:05:16|Send|Rebirth.Auth|Send()|Client|Line:90|IdentificationSuccessMessage
08:05:16|Send|Rebirth.Auth|Send()|Client|Line:90|ServersListMessage
08:05:18|Receive|Rebirth.Auth|ReceiveEvent_Completed()|Client|Line:60|ServerSelectionMessage
08:05:18|Send|Rebirth.Auth|Send()|WorldClient|Line:76|AccountInformationsMessage
08:05:18|Send|Rebirth.World|Send()|Client|Line:104|HelloGameMessage
08:05:18|Receive|Rebirth.World|ReceiveEvent_Completed()|Client|Line:74|AccountInformationsMessage
08:05:18|Receive|Rebirth.World|ReceiveEvent_Completed()|Client|Line:74|AuthenticationTicketMessage
08:05:18|Send|Rebirth.Auth|Send()|Client|Line:90|SelectedServerDataMessage
08:05:18|Send|Rebirth.World|Send()|Client|Line:104|AuthenticationTicketAcceptedMessage
08:05:19|Receive|Rebirth.World|ReceiveEvent_Completed()|Client|Line:74|CharactersListRequestMessage
08:05:19|Send|Rebirth.World|Send()|Client|Line:104|AccountCapabilitiesMessage
08:05:19|Send|Rebirth.World|Send()|Client|Line:104|CharactersListMessage
08:05:25|Receive|Rebirth.World|ReceiveEvent_Completed()|Client|Line:74|CharacterNameSuggestionRequestMessage
08:05:25|Send|Rebirth.World|Send()|Client|Line:104|CharacterNameSuggestionSuccessMessage
08:05:26|Receive|Rebirth.World|ReceiveEvent_Completed()|Client|Line:74|BasicStatWithDataMessage
08:05:26|Receive|Rebirth.World|ReceiveEvent_Completed()|Client|Line:74|CharacterCreationRequestMessage
08:05:29|Error|Rebirth.Common|Execute()|DispatcherCore|Line:53|Unknow treatment for : BasicStatWithDataMessage
08:06:16|Infos|Rebirth.Auth|Init()|Starter|Line:28|Starting Auth !
08:06:17|Infos|Rebirth.Auth|Init()|Starter|Line:42|Throw in 0s !
08:06:17|Infos|Rebirth.World|Init()|Starter|Line:41|Starting World !
08:06:17|Send|Rebirth.World|Send()|Client|Line:104|UpdateStatuServerMessage
08:06:17|Receive|Rebirth.Auth|ReceiveEvent_Completed()|WorldClient|Line:53|UpdateStatuServerMessage
08:06:17|Send|Rebirth.World|Send()|Client|Line:104|UpdateStatuServerMessage
08:06:17|Infos|Rebirth.World|Init()|Starter|Line:59|Throw in 0s !
08:06:17|Receive|Rebirth.Auth|ReceiveEvent_Completed()|WorldClient|Line:53|UpdateStatuServerMessage
08:06:23|Send|Rebirth.Auth|Send()|Client|Line:90|ProtocolRequired
08:06:23|Send|Rebirth.Auth|Send()|Client|Line:90|RawDataMessage
08:06:23|Receive|Rebirth.Auth|ReceiveEvent_Completed()|Client|Line:60|IdentificationMessage
08:06:23|Send|Rebirth.Auth|Send()|Client|Line:90|LoginQueueStatusMessage
08:06:23|Send|Rebirth.Auth|Send()|Client|Line:90|IdentificationSuccessMessage
08:06:23|Send|Rebirth.Auth|Send()|Client|Line:90|ServersListMessage
08:06:24|Receive|Rebirth.Auth|ReceiveEvent_Completed()|Client|Line:60|ServerSelectionMessage
08:06:24|Send|Rebirth.World|Send()|Client|Line:104|HelloGameMessage
08:06:24|Send|Rebirth.Auth|Send()|WorldClient|Line:76|AccountInformationsMessage
08:06:24|Receive|Rebirth.World|ReceiveEvent_Completed()|Client|Line:74|AuthenticationTicketMessage
08:07:52|Infos|Rebirth.Auth|Init()|Starter|Line:28|Starting Auth !
08:07:52|Infos|Rebirth.Auth|Init()|Starter|Line:42|Throw in 0s !
08:07:52|Infos|Rebirth.World|Init()|Starter|Line:41|Starting World !
08:07:52|Send|Rebirth.World|Send()|Client|Line:104|UpdateStatuServerMessage
08:07:52|Receive|Rebirth.Auth|ReceiveEvent_Completed()|WorldClient|Line:53|UpdateStatuServerMessage
08:07:53|Send|Rebirth.World|Send()|Client|Line:104|UpdateStatuServerMessage
08:07:53|Infos|Rebirth.World|Init()|Starter|Line:59|Throw in 0s !
08:07:53|Receive|Rebirth.Auth|ReceiveEvent_Completed()|WorldClient|Line:53|UpdateStatuServerMessage
08:07:55|Send|Rebirth.Auth|Send()|Client|Line:90|ProtocolRequired
08:07:55|Send|Rebirth.Auth|Send()|Client|Line:90|RawDataMessage
08:08:17|Receive|Rebirth.Auth|ReceiveEvent_Completed()|Client|Line:60|IdentificationMessage
08:08:17|Send|Rebirth.Auth|Send()|Client|Line:90|LoginQueueStatusMessage
08:08:17|Send|Rebirth.Auth|Send()|Client|Line:90|LoginQueueStatusMessage
08:08:17|Send|Rebirth.Auth|Send()|Client|Line:90|IdentificationSuccessMessage
08:08:17|Send|Rebirth.Auth|Send()|Client|Line:90|ServersListMessage
08:08:37|Infos|Rebirth.Auth|Init()|Starter|Line:28|Starting Auth !
08:08:37|Infos|Rebirth.Auth|Init()|Starter|Line:42|Throw in 0s !
08:08:38|Infos|Rebirth.World|Init()|Starter|Line:41|Starting World !
08:08:38|Send|Rebirth.World|Send()|Client|Line:104|UpdateStatuServerMessage
08:08:38|Receive|Rebirth.Auth|ReceiveEvent_Completed()|WorldClient|Line:53|UpdateStatuServerMessage
08:08:38|Send|Rebirth.World|Send()|Client|Line:104|UpdateStatuServerMessage
08:08:38|Infos|Rebirth.World|Init()|Starter|Line:59|Throw in 0s !
08:08:38|Receive|Rebirth.Auth|ReceiveEvent_Completed()|WorldClient|Line:53|UpdateStatuServerMessage
08:08:39|Send|Rebirth.Auth|Send()|Client|Line:90|ProtocolRequired
08:08:39|Send|Rebirth.Auth|Send()|Client|Line:90|RawDataMessage
08:08:39|Receive|Rebirth.Auth|ReceiveEvent_Completed()|Client|Line:60|IdentificationMessage
08:08:39|Send|Rebirth.Auth|Send()|Client|Line:90|LoginQueueStatusMessage
08:08:40|Send|Rebirth.Auth|Send()|Client|Line:90|IdentificationSuccessMessage
08:08:40|Send|Rebirth.Auth|Send()|Client|Line:90|ServersListMessage
08:08:41|Receive|Rebirth.Auth|ReceiveEvent_Completed()|Client|Line:60|ServerSelectionMessage
08:08:41|Send|Rebirth.Auth|Send()|WorldClient|Line:76|AccountInformationsMessage
08:12:59|Infos|Rebirth.Auth|Init()|Starter|Line:28|Starting Auth !
08:13:00|Infos|Rebirth.Auth|Init()|Starter|Line:42|Throw in 0s !
08:13:00|Infos|Rebirth.World|Init()|Starter|Line:41|Starting World !
08:13:00|Send|Rebirth.World|Send()|Client|Line:104|UpdateStatuServerMessage
08:13:00|Receive|Rebirth.Auth|ReceiveEvent_Completed()|WorldClient|Line:53|UpdateStatuServerMessage
08:13:00|Send|Rebirth.World|Send()|Client|Line:104|UpdateStatuServerMessage
08:13:00|Infos|Rebirth.World|Init()|Starter|Line:59|Throw in 0s !
08:13:00|Receive|Rebirth.Auth|ReceiveEvent_Completed()|WorldClient|Line:53|UpdateStatuServerMessage
08:13:02|Send|Rebirth.Auth|Send()|Client|Line:90|ProtocolRequired
08:13:02|Send|Rebirth.Auth|Send()|Client|Line:90|RawDataMessage
08:13:02|Receive|Rebirth.Auth|ReceiveEvent_Completed()|Client|Line:60|IdentificationMessage
08:13:02|Send|Rebirth.Auth|Send()|Client|Line:90|LoginQueueStatusMessage
08:13:02|Send|Rebirth.Auth|Send()|Client|Line:90|IdentificationSuccessMessage
08:13:02|Send|Rebirth.Auth|Send()|Client|Line:90|ServersListMessage
08:13:04|Receive|Rebirth.Auth|ReceiveEvent_Completed()|Client|Line:60|ServerSelectionMessage
08:13:04|Send|Rebirth.Auth|Send()|WorldClient|Line:76|AccountInformationsMessage
08:14:08|Receive|Rebirth.World|ReceiveEvent_Completed()|Client|Line:74|AccountInformationsMessage
08:14:08|Send|Rebirth.Auth|Send()|Client|Line:90|SelectedServerDataMessage
08:14:10|Send|Rebirth.World|Send()|Client|Line:104|AuthenticationTicketAcceptedMessage
08:14:11|Receive|Rebirth.World|ReceiveEvent_Completed()|Client|Line:74|CharactersListRequestMessage
08:14:11|Send|Rebirth.World|Send()|Client|Line:104|AccountCapabilitiesMessage
08:14:11|Send|Rebirth.World|Send()|Client|Line:104|CharactersListMessage
08:15:18|Receive|Rebirth.World|ReceiveEvent_Completed()|Client|Line:74|CharacterNameSuggestionRequestMessage
08:15:18|Send|Rebirth.World|Send()|Client|Line:104|CharacterNameSuggestionSuccessMessage
08:15:20|Receive|Rebirth.World|ReceiveEvent_Completed()|Client|Line:74|BasicStatWithDataMessage
08:15:20|Receive|Rebirth.World|ReceiveEvent_Completed()|Client|Line:74|CharacterCreationRequestMessage
08:15:20|Error|Rebirth.Common|Execute()|DispatcherCore|Line:53|Unknow treatment for : BasicStatWithDataMessage
08:17:19|Infos|Rebirth.Auth|Init()|Starter|Line:28|Starting Auth !
08:17:19|Infos|Rebirth.Auth|Init()|Starter|Line:42|Throw in 0s !
08:17:19|Infos|Rebirth.World|Init()|Starter|Line:41|Starting World !
08:17:19|Send|Rebirth.World|Send()|Client|Line:104|UpdateStatuServerMessage
08:17:19|Receive|Rebirth.Auth|ReceiveEvent_Completed()|WorldClient|Line:53|UpdateStatuServerMessage
08:17:20|Send|Rebirth.World|Send()|Client|Line:104|UpdateStatuServerMessage
08:17:20|Infos|Rebirth.World|Init()|Starter|Line:59|Throw in 0s !
08:17:20|Receive|Rebirth.Auth|ReceiveEvent_Completed()|WorldClient|Line:53|UpdateStatuServerMessage
08:17:23|Send|Rebirth.Auth|Send()|Client|Line:90|ProtocolRequired
08:17:23|Send|Rebirth.Auth|Send()|Client|Line:90|RawDataMessage
08:17:23|Receive|Rebirth.Auth|ReceiveEvent_Completed()|Client|Line:60|IdentificationMessage
08:17:23|Send|Rebirth.Auth|Send()|Client|Line:90|LoginQueueStatusMessage
08:17:23|Send|Rebirth.Auth|Send()|Client|Line:90|IdentificationSuccessMessage
08:17:23|Send|Rebirth.Auth|Send()|Client|Line:90|ServersListMessage
08:17:26|Receive|Rebirth.Auth|ReceiveEvent_Completed()|Client|Line:60|ServerSelectionMessage
08:17:26|Send|Rebirth.Auth|Send()|WorldClient|Line:76|AccountInformationsMessage
08:17:28|Receive|Rebirth.World|ReceiveEvent_Completed()|Client|Line:74|AccountInformationsMessage
08:17:28|Receive|Rebirth.World|ReceiveEvent_Completed()|Client|Line:74|AuthenticationTicketMessage
08:17:28|Send|Rebirth.World|Send()|Client|Line:104|AuthenticationTicketAcceptedMessage
08:17:29|Receive|Rebirth.World|ReceiveEvent_Completed()|Client|Line:74|CharactersListRequestMessage
08:17:29|Send|Rebirth.World|Send()|Client|Line:104|AccountCapabilitiesMessage
08:17:29|Send|Rebirth.World|Send()|Client|Line:104|CharactersListMessage
08:17:35|Receive|Rebirth.World|ReceiveEvent_Completed()|Client|Line:74|CharacterNameSuggestionRequestMessage
08:17:35|Send|Rebirth.World|Send()|Client|Line:104|CharacterNameSuggestionSuccessMessage
08:17:36|Receive|Rebirth.World|ReceiveEvent_Completed()|Client|Line:74|BasicStatWithDataMessage
08:17:36|Receive|Rebirth.World|ReceiveEvent_Completed()|Client|Line:74|CharacterCreationRequestMessage
08:17:54|Error|Rebirth.Common|Execute()|DispatcherCore|Line:53|Unknow treatment for : BasicStatWithDataMessage
08:18:06|Send|Rebirth.Auth|Send()|Client|Line:90|ProtocolRequired
08:18:06|Send|Rebirth.Auth|Send()|Client|Line:90|RawDataMessage
08:18:06|Receive|Rebirth.Auth|ReceiveEvent_Completed()|Client|Line:60|IdentificationMessage
08:18:06|Send|Rebirth.Auth|Send()|Client|Line:90|LoginQueueStatusMessage
08:18:06|Send|Rebirth.Auth|Send()|Client|Line:90|IdentificationSuccessMessage
08:18:06|Send|Rebirth.Auth|Send()|Client|Line:90|ServersListMessage
08:18:08|Receive|Rebirth.Auth|ReceiveEvent_Completed()|Client|Line:60|ServerSelectionMessage
08:18:08|Send|Rebirth.Auth|Send()|Client|Line:90|SelectedServerDataMessage
08:18:08|Send|Rebirth.Auth|Send()|WorldClient|Line:76|AccountInformationsMessage
08:18:08|Receive|Rebirth.World|ReceiveEvent_Completed()|Client|Line:74|AccountInformationsMessage
08:18:15|Send|Rebirth.Auth|Send()|Client|Line:90|ProtocolRequired
08:18:16|Send|Rebirth.Auth|Send()|Client|Line:90|RawDataMessage
08:18:16|Receive|Rebirth.Auth|ReceiveEvent_Completed()|Client|Line:60|IdentificationMessage
08:18:16|Send|Rebirth.Auth|Send()|Client|Line:90|LoginQueueStatusMessage
08:18:16|Send|Rebirth.Auth|Send()|Client|Line:90|IdentificationSuccessMessage
08:18:16|Send|Rebirth.Auth|Send()|Client|Line:90|ServersListMessage
08:18:17|Receive|Rebirth.Auth|ReceiveEvent_Completed()|Client|Line:60|ServerSelectionMessage
08:18:17|Send|Rebirth.Auth|Send()|Client|Line:90|SelectedServerDataMessage
08:18:19|Receive|Rebirth.World|ReceiveEvent_Completed()|Client|Line:74|AccountInformationsMessage
08:18:48|Infos|Rebirth.Auth|Init()|Starter|Line:28|Starting Auth !
08:18:49|Infos|Rebirth.Auth|Init()|Starter|Line:42|Throw in 0s !
08:18:49|Infos|Rebirth.World|Init()|Starter|Line:41|Starting World !
08:18:49|Send|Rebirth.World|Send()|Client|Line:104|UpdateStatuServerMessage
08:18:49|Receive|Rebirth.Auth|ReceiveEvent_Completed()|WorldClient|Line:53|UpdateStatuServerMessage
08:18:49|Send|Rebirth.World|Send()|Client|Line:104|UpdateStatuServerMessage
08:18:49|Infos|Rebirth.World|Init()|Starter|Line:59|Throw in 0s !
08:18:49|Receive|Rebirth.Auth|ReceiveEvent_Completed()|WorldClient|Line:53|UpdateStatuServerMessage
08:18:52|Send|Rebirth.Auth|Send()|Client|Line:90|ProtocolRequired
08:18:52|Send|Rebirth.Auth|Send()|Client|Line:90|RawDataMessage
08:18:52|Receive|Rebirth.Auth|ReceiveEvent_Completed()|Client|Line:60|IdentificationMessage
08:18:52|Send|Rebirth.Auth|Send()|Client|Line:90|LoginQueueStatusMessage
08:18:52|Send|Rebirth.Auth|Send()|Client|Line:90|IdentificationSuccessMessage
08:18:52|Send|Rebirth.Auth|Send()|Client|Line:90|ServersListMessage
08:18:57|Receive|Rebirth.Auth|ReceiveEvent_Completed()|Client|Line:60|ServerSelectionMessage
08:18:57|Send|Rebirth.World|Send()|Client|Line:104|HelloGameMessage
08:19:00|Receive|Rebirth.World|ReceiveEvent_Completed()|Client|Line:74|AuthenticationTicketMessage
08:19:26|Send|Rebirth.Auth|Send()|Client|Line:90|SelectedServerDataMessage
08:19:26|Send|Rebirth.World|Send()|Client|Line:104|AuthenticationTicketAcceptedMessage
08:19:26|Receive|Rebirth.World|ReceiveEvent_Completed()|Client|Line:74|CharactersListRequestMessage
08:19:37|Send|Rebirth.World|Send()|Client|Line:104|AccountCapabilitiesMessage
