10:28:26|Infos|Rebirth.Auth|Init()|Starter|Line:28|Starting Auth !
10:28:26|Infos|Rebirth.Auth|Init()|Starter|Line:42|Throw in 7s !
10:28:26|Infos|Rebirth.World|Init()|Starter|Line:41|Starting World !
10:28:26|Send|Rebirth.World|Send()|Client|Line:104|UpdateStatuServerMessage
10:28:26|Receive|Rebirth.Auth|ReceiveEvent_Completed()|WorldClient|Line:53|UpdateStatuServerMessage
10:28:27|Send|Rebirth.World|Send()|Client|Line:104|UpdateStatuServerMessage
10:28:27|Infos|Rebirth.World|Init()|Starter|Line:59|Throw in 1s !
10:28:27|Receive|Rebirth.Auth|ReceiveEvent_Completed()|WorldClient|Line:53|UpdateStatuServerMessage
10:28:35|Send|Rebirth.Auth|Send()|Client|Line:90|ProtocolRequired
10:28:35|Send|Rebirth.Auth|Send()|Client|Line:90|RawDataMessage
10:28:35|Receive|Rebirth.Auth|ReceiveEvent_Completed()|Client|Line:60|IdentificationMessage
10:28:35|Send|Rebirth.Auth|Send()|Client|Line:90|LoginQueueStatusMessage
10:28:35|Send|Rebirth.Auth|Send()|Client|Line:90|LoginQueueStatusMessage
10:28:35|Send|Rebirth.Auth|Send()|Client|Line:90|IdentificationSuccessMessage
10:28:35|Send|Rebirth.Auth|Send()|Client|Line:90|ServersListMessage
10:28:42|Receive|Rebirth.Auth|ReceiveEvent_Completed()|Client|Line:60|ReloginTokenRequestMessage
10:28:42|Error|Rebirth.Common|Execute()|DispatcherCore|Line:53|Unknow treatment for : ReloginTokenRequestMessage
10:28:45|Receive|Rebirth.Auth|ReceiveEvent_Completed()|Client|Line:60|ServerSelectionMessage
10:28:45|Send|Rebirth.Auth|Send()|WorldClient|Line:76|AccountInformationsMessage
10:29:39|Infos|Rebirth.Auth|Init()|Starter|Line:28|Starting Auth !
10:29:39|Infos|Rebirth.Auth|Init()|Starter|Line:42|Throw in 0s !
10:29:39|Infos|Rebirth.World|Init()|Starter|Line:41|Starting World !
10:29:39|Send|Rebirth.World|Send()|Client|Line:104|UpdateStatuServerMessage
10:29:39|Receive|Rebirth.Auth|ReceiveEvent_Completed()|WorldClient|Line:53|UpdateStatuServerMessage
10:29:39|Send|Rebirth.World|Send()|Client|Line:104|UpdateStatuServerMessage
10:29:39|Infos|Rebirth.World|Init()|Starter|Line:59|Throw in 0s !
10:29:40|Receive|Rebirth.Auth|ReceiveEvent_Completed()|WorldClient|Line:53|UpdateStatuServerMessage
10:30:08|Send|Rebirth.Auth|Send()|Client|Line:90|ProtocolRequired
10:30:08|Send|Rebirth.Auth|Send()|Client|Line:90|RawDataMessage
10:30:08|Receive|Rebirth.Auth|ReceiveEvent_Completed()|Client|Line:60|IdentificationMessage
10:30:09|Send|Rebirth.Auth|Send()|Client|Line:90|LoginQueueStatusMessage
10:30:09|Send|Rebirth.Auth|Send()|Client|Line:90|IdentificationSuccessMessage
10:30:09|Send|Rebirth.Auth|Send()|Client|Line:90|ServersListMessage
10:30:13|Receive|Rebirth.Auth|ReceiveEvent_Completed()|Client|Line:60|ServerSelectionMessage
10:30:13|Send|Rebirth.Auth|Send()|WorldClient|Line:76|AccountInformationsMessage
10:30:13|Receive|Rebirth.World|ReceiveEvent_Completed()|Client|Line:74|AccountInformationsMessage
10:30:13|Send|Rebirth.Auth|Send()|Client|Line:90|SelectedServerDataMessage
10:30:13|Send|Rebirth.World|Send()|Client|Line:104|HelloGameMessage
10:30:13|Receive|Rebirth.World|ReceiveEvent_Completed()|Client|Line:74|AuthenticationTicketMessage
10:30:13|Send|Rebirth.World|Send()|Client|Line:104|AuthenticationTicketAcceptedMessage
10:30:13|Receive|Rebirth.World|ReceiveEvent_Completed()|Client|Line:74|CharactersListRequestMessage
04:01:55|Infos|Rebirth.Auth|Init()|Starter|Line:28|Starting Auth !
04:01:55|Infos|Rebirth.Auth|Init()|Starter|Line:42|Throw in 0s !
04:01:55|Infos|Rebirth.World|Init()|Starter|Line:41|Starting World !
04:01:56|Send|Rebirth.World|Send()|Client|Line:104|UpdateStatuServerMessage
04:01:56|Receive|Rebirth.Auth|ReceiveEvent_Completed()|WorldClient|Line:53|UpdateStatuServerMessage
04:01:56|Send|Rebirth.World|Send()|Client|Line:104|UpdateStatuServerMessage
04:01:56|Infos|Rebirth.World|Init()|Starter|Line:59|Throw in 0s !
04:01:56|Receive|Rebirth.Auth|ReceiveEvent_Completed()|WorldClient|Line:53|UpdateStatuServerMessage
04:02:32|Send|Rebirth.Auth|Send()|Client|Line:90|ProtocolRequired
04:02:32|Send|Rebirth.Auth|Send()|Client|Line:90|RawDataMessage
04:02:32|Receive|Rebirth.Auth|ReceiveEvent_Completed()|Client|Line:60|IdentificationMessage
04:02:32|Send|Rebirth.Auth|Send()|Client|Line:90|LoginQueueStatusMessage
04:02:32|Send|Rebirth.Auth|Send()|Client|Line:90|IdentificationSuccessMessage
04:02:32|Send|Rebirth.Auth|Send()|Client|Line:90|ServersListMessage
04:02:34|Receive|Rebirth.Auth|ReceiveEvent_Completed()|Client|Line:60|ServerSelectionMessage
04:02:34|Send|Rebirth.Auth|Send()|WorldClient|Line:76|AccountInformationsMessage
04:02:34|Receive|Rebirth.World|ReceiveEvent_Completed()|Client|Line:74|AccountInformationsMessage
04:02:34|Send|Rebirth.Auth|Send()|Client|Line:90|SelectedServerDataMessage
04:02:34|Send|Rebirth.World|Send()|Client|Line:104|HelloGameMessage
04:02:34|Receive|Rebirth.World|ReceiveEvent_Completed()|Client|Line:74|AuthenticationTicketMessage
04:02:34|Send|Rebirth.World|Send()|Client|Line:104|AuthenticationTicketAcceptedMessage
04:02:34|Receive|Rebirth.World|ReceiveEvent_Completed()|Client|Line:74|CharactersListRequestMessage
04:02:34|Send|Rebirth.World|Send()|Client|Line:104|AccountCapabilitiesMessage
04:02:35|Send|Rebirth.World|Send()|Client|Line:104|CharactersListMessage
04:02:43|Receive|Rebirth.World|ReceiveEvent_Completed()|Client|Line:74|CharacterNameSuggestionRequestMessage
04:02:43|Send|Rebirth.World|Send()|Client|Line:104|CharacterNameSuggestionSuccessMessage
04:02:46|Receive|Rebirth.World|ReceiveEvent_Completed()|Client|Line:74|BasicStatWithDataMessage
04:02:46|Receive|Rebirth.World|ReceiveEvent_Completed()|Client|Line:74|CharacterCreationRequestMessage
04:03:50|Infos|Rebirth.Auth|Init()|Starter|Line:28|Starting Auth !
04:03:50|Infos|Rebirth.Auth|Init()|Starter|Line:42|Throw in 0s !
04:03:50|Infos|Rebirth.World|Init()|Starter|Line:41|Starting World !
04:03:50|Send|Rebirth.World|Send()|Client|Line:104|UpdateStatuServerMessage
04:03:50|Receive|Rebirth.Auth|ReceiveEvent_Completed()|WorldClient|Line:53|UpdateStatuServerMessage
04:03:50|Send|Rebirth.World|Send()|Client|Line:104|UpdateStatuServerMessage
04:03:51|Infos|Rebirth.World|Init()|Starter|Line:59|Throw in 0s !
04:03:51|Receive|Rebirth.Auth|ReceiveEvent_Completed()|WorldClient|Line:53|UpdateStatuServerMessage
04:03:54|Send|Rebirth.Auth|Send()|Client|Line:90|ProtocolRequired
04:03:54|Send|Rebirth.Auth|Send()|Client|Line:90|RawDataMessage
04:03:54|Receive|Rebirth.Auth|ReceiveEvent_Completed()|Client|Line:60|IdentificationMessage
04:03:54|Send|Rebirth.Auth|Send()|Client|Line:90|LoginQueueStatusMessage
04:03:54|Send|Rebirth.Auth|Send()|Client|Line:90|IdentificationSuccessMessage
04:03:54|Send|Rebirth.Auth|Send()|Client|Line:90|ServersListMessage
04:03:55|Receive|Rebirth.Auth|ReceiveEvent_Completed()|Client|Line:60|ServerSelectionMessage
04:03:56|Send|Rebirth.Auth|Send()|WorldClient|Line:76|AccountInformationsMessage
04:03:56|Receive|Rebirth.World|ReceiveEvent_Completed()|Client|Line:74|AccountInformationsMessage
04:03:56|Send|Rebirth.Auth|Send()|Client|Line:90|SelectedServerDataMessage
04:03:56|Send|Rebirth.World|Send()|Client|Line:104|HelloGameMessage
04:03:56|Receive|Rebirth.World|ReceiveEvent_Completed()|Client|Line:74|AuthenticationTicketMessage
04:03:56|Send|Rebirth.World|Send()|Client|Line:104|AuthenticationTicketAcceptedMessage
04:03:56|Receive|Rebirth.World|ReceiveEvent_Completed()|Client|Line:74|CharactersListRequestMessage
04:03:56|Send|Rebirth.World|Send()|Client|Line:104|AccountCapabilitiesMessage
04:03:56|Send|Rebirth.World|Send()|Client|Line:104|CharactersListMessage
04:04:00|Receive|Rebirth.World|ReceiveEvent_Completed()|Client|Line:74|CharacterNameSuggestionRequestMessage
04:04:00|Send|Rebirth.World|Send()|Client|Line:104|CharacterNameSuggestionSuccessMessage
04:04:01|Receive|Rebirth.World|ReceiveEvent_Completed()|Client|Line:74|BasicStatWithDataMessage
04:04:01|Receive|Rebirth.World|ReceiveEvent_Completed()|Client|Line:74|CharacterCreationRequestMessage
04:04:01|Error|Rebirth.Common|Execute()|DispatcherCore|Line:53|Unknow treatment for : BasicStatWithDataMessage
04:06:57|Infos|Rebirth.Auth|Init()|Starter|Line:28|Starting Auth !
04:06:57|Infos|Rebirth.Auth|Init()|Starter|Line:42|Throw in 0s !
04:06:57|Infos|Rebirth.World|Init()|Starter|Line:41|Starting World !
04:06:58|Send|Rebirth.World|Send()|Client|Line:104|UpdateStatuServerMessage
04:06:58|Receive|Rebirth.Auth|ReceiveEvent_Completed()|WorldClient|Line:53|UpdateStatuServerMessage
04:06:58|Send|Rebirth.World|Send()|Client|Line:104|UpdateStatuServerMessage
04:06:58|Infos|Rebirth.World|Init()|Starter|Line:59|Throw in 0s !
04:06:58|Receive|Rebirth.Auth|ReceiveEvent_Completed()|WorldClient|Line:53|UpdateStatuServerMessage
04:07:05|Send|Rebirth.Auth|Send()|Client|Line:90|ProtocolRequired
04:07:05|Send|Rebirth.Auth|Send()|Client|Line:90|RawDataMessage
04:07:05|Receive|Rebirth.Auth|ReceiveEvent_Completed()|Client|Line:60|IdentificationMessage
04:07:05|Send|Rebirth.Auth|Send()|Client|Line:90|LoginQueueStatusMessage
04:07:05|Send|Rebirth.Auth|Send()|Client|Line:90|IdentificationSuccessMessage
04:07:05|Send|Rebirth.Auth|Send()|Client|Line:90|ServersListMessage
04:07:07|Receive|Rebirth.Auth|ReceiveEvent_Completed()|Client|Line:60|ServerSelectionMessage
04:07:07|Send|Rebirth.Auth|Send()|WorldClient|Line:76|AccountInformationsMessage
04:07:07|Receive|Rebirth.World|ReceiveEvent_Completed()|Client|Line:74|AccountInformationsMessage
04:07:07|Send|Rebirth.Auth|Send()|Client|Line:90|SelectedServerDataMessage
04:07:07|Send|Rebirth.World|Send()|Client|Line:104|HelloGameMessage
04:07:08|Receive|Rebirth.World|ReceiveEvent_Completed()|Client|Line:74|AuthenticationTicketMessage
04:07:08|Send|Rebirth.World|Send()|Client|Line:104|AuthenticationTicketAcceptedMessage
04:07:08|Receive|Rebirth.World|ReceiveEvent_Completed()|Client|Line:74|CharactersListRequestMessage
04:07:08|Send|Rebirth.World|Send()|Client|Line:104|AccountCapabilitiesMessage
04:07:08|Send|Rebirth.World|Send()|Client|Line:104|CharactersListMessage
04:07:11|Receive|Rebirth.World|ReceiveEvent_Completed()|Client|Line:74|CharacterNameSuggestionRequestMessage
04:07:11|Send|Rebirth.World|Send()|Client|Line:104|CharacterNameSuggestionSuccessMessage
04:07:11|Receive|Rebirth.World|ReceiveEvent_Completed()|Client|Line:74|BasicStatWithDataMessage
04:07:11|Receive|Rebirth.World|ReceiveEvent_Completed()|Client|Line:74|CharacterCreationRequestMessage
04:07:11|Error|Rebirth.Common|Execute()|DispatcherCore|Line:53|Unknow treatment for : BasicStatWithDataMessage
04:08:04|Infos|Rebirth.Auth|Init()|Starter|Line:28|Starting Auth !
04:08:05|Infos|Rebirth.Auth|Init()|Starter|Line:42|Throw in 0s !
04:08:05|Infos|Rebirth.World|Init()|Starter|Line:41|Starting World !
04:08:05|Send|Rebirth.World|Send()|Client|Line:104|UpdateStatuServerMessage
04:08:05|Receive|Rebirth.Auth|ReceiveEvent_Completed()|WorldClient|Line:53|UpdateStatuServerMessage
04:08:05|Send|Rebirth.World|Send()|Client|Line:104|UpdateStatuServerMessage
04:08:05|Infos|Rebirth.World|Init()|Starter|Line:59|Throw in 0s !
04:08:05|Receive|Rebirth.Auth|ReceiveEvent_Completed()|WorldClient|Line:53|UpdateStatuServerMessage
04:08:08|Send|Rebirth.Auth|Send()|Client|Line:90|ProtocolRequired
04:08:08|Send|Rebirth.Auth|Send()|Client|Line:90|RawDataMessage
04:08:08|Receive|Rebirth.Auth|ReceiveEvent_Completed()|Client|Line:60|IdentificationMessage
04:08:08|Send|Rebirth.Auth|Send()|Client|Line:90|LoginQueueStatusMessage
04:08:09|Send|Rebirth.Auth|Send()|Client|Line:90|IdentificationSuccessMessage
04:08:09|Send|Rebirth.Auth|Send()|Client|Line:90|ServersListMessage
04:08:18|Receive|Rebirth.Auth|ReceiveEvent_Completed()|Client|Line:60|ServerSelectionMessage
04:08:18|Send|Rebirth.Auth|Send()|WorldClient|Line:76|AccountInformationsMessage
04:08:18|Receive|Rebirth.World|ReceiveEvent_Completed()|Client|Line:74|AccountInformationsMessage
04:08:18|Send|Rebirth.Auth|Send()|Client|Line:90|SelectedServerDataMessage
04:08:19|Send|Rebirth.World|Send()|Client|Line:104|HelloGameMessage
04:08:19|Receive|Rebirth.World|ReceiveEvent_Completed()|Client|Line:74|AuthenticationTicketMessage
04:08:19|Send|Rebirth.World|Send()|Client|Line:104|AuthenticationTicketAcceptedMessage
04:08:19|Receive|Rebirth.World|ReceiveEvent_Completed()|Client|Line:74|CharactersListRequestMessage
04:08:19|Send|Rebirth.World|Send()|Client|Line:104|AccountCapabilitiesMessage
04:08:19|Send|Rebirth.World|Send()|Client|Line:104|CharactersListMessage
04:08:23|Receive|Rebirth.World|ReceiveEvent_Completed()|Client|Line:74|CharacterNameSuggestionRequestMessage
04:08:23|Send|Rebirth.World|Send()|Client|Line:104|CharacterNameSuggestionSuccessMessage
04:08:24|Receive|Rebirth.World|ReceiveEvent_Completed()|Client|Line:74|BasicStatWithDataMessage
04:08:24|Receive|Rebirth.World|ReceiveEvent_Completed()|Client|Line:74|CharacterCreationRequestMessage
04:11:29|Infos|Rebirth.Auth|Init()|Starter|Line:28|Starting Auth !
04:11:29|Infos|Rebirth.Auth|Init()|Starter|Line:42|Throw in 0s !
04:11:29|Infos|Rebirth.World|Init()|Starter|Line:41|Starting World !
04:11:29|Send|Rebirth.World|Send()|Client|Line:104|UpdateStatuServerMessage
04:11:29|Receive|Rebirth.Auth|ReceiveEvent_Completed()|WorldClient|Line:53|UpdateStatuServerMessage
04:11:30|Send|Rebirth.World|Send()|Client|Line:104|UpdateStatuServerMessage
04:11:30|Infos|Rebirth.World|Init()|Starter|Line:59|Throw in 0s !
04:11:30|Receive|Rebirth.Auth|ReceiveEvent_Completed()|WorldClient|Line:53|UpdateStatuServerMessage
04:11:32|Send|Rebirth.Auth|Send()|Client|Line:90|ProtocolRequired
04:11:33|Send|Rebirth.Auth|Send()|Client|Line:90|RawDataMessage
04:11:33|Receive|Rebirth.Auth|ReceiveEvent_Completed()|Client|Line:60|IdentificationMessage
04:11:33|Send|Rebirth.Auth|Send()|Client|Line:90|LoginQueueStatusMessage
04:11:33|Send|Rebirth.Auth|Send()|Client|Line:90|IdentificationSuccessMessage
04:11:33|Send|Rebirth.Auth|Send()|Client|Line:90|ServersListMessage
04:11:35|Receive|Rebirth.Auth|ReceiveEvent_Completed()|Client|Line:60|ServerSelectionMessage
04:11:35|Send|Rebirth.Auth|Send()|WorldClient|Line:76|AccountInformationsMessage
04:11:35|Receive|Rebirth.World|ReceiveEvent_Completed()|Client|Line:74|AccountInformationsMessage
04:11:35|Send|Rebirth.Auth|Send()|Client|Line:90|SelectedServerDataMessage
04:11:35|Send|Rebirth.World|Send()|Client|Line:104|HelloGameMessage
04:11:36|Receive|Rebirth.World|ReceiveEvent_Completed()|Client|Line:74|AuthenticationTicketMessage
04:11:36|Send|Rebirth.World|Send()|Client|Line:104|AuthenticationTicketAcceptedMessage
04:11:36|Receive|Rebirth.World|ReceiveEvent_Completed()|Client|Line:74|CharactersListRequestMessage
04:11:36|Send|Rebirth.World|Send()|Client|Line:104|AccountCapabilitiesMessage
04:11:36|Send|Rebirth.World|Send()|Client|Line:104|CharactersListMessage
04:11:38|Receive|Rebirth.World|ReceiveEvent_Completed()|Client|Line:74|CharacterNameSuggestionRequestMessage
04:11:38|Send|Rebirth.World|Send()|Client|Line:104|CharacterNameSuggestionSuccessMessage
04:11:39|Receive|Rebirth.World|ReceiveEvent_Completed()|Client|Line:74|BasicStatWithDataMessage
04:11:39|Receive|Rebirth.World|ReceiveEvent_Completed()|Client|Line:74|CharacterCreationRequestMessage
04:12:14|Infos|Rebirth.Auth|Init()|Starter|Line:28|Starting Auth !
04:12:14|Infos|Rebirth.Auth|Init()|Starter|Line:42|Throw in 0s !
04:12:14|Infos|Rebirth.World|Init()|Starter|Line:41|Starting World !
04:12:14|Send|Rebirth.World|Send()|Client|Line:104|UpdateStatuServerMessage
04:12:14|Receive|Rebirth.Auth|ReceiveEvent_Completed()|WorldClient|Line:53|UpdateStatuServerMessage
04:12:15|Send|Rebirth.World|Send()|Client|Line:104|UpdateStatuServerMessage
04:12:15|Infos|Rebirth.World|Init()|Starter|Line:59|Throw in 0s !
04:12:15|Receive|Rebirth.Auth|ReceiveEvent_Completed()|WorldClient|Line:53|UpdateStatuServerMessage
04:12:18|Send|Rebirth.Auth|Send()|Client|Line:90|ProtocolRequired
04:12:18|Send|Rebirth.Auth|Send()|Client|Line:90|RawDataMessage
04:12:18|Receive|Rebirth.Auth|ReceiveEvent_Completed()|Client|Line:60|IdentificationMessage
04:12:18|Send|Rebirth.Auth|Send()|Client|Line:90|LoginQueueStatusMessage
04:12:18|Send|Rebirth.Auth|Send()|Client|Line:90|IdentificationSuccessMessage
04:12:18|Send|Rebirth.Auth|Send()|Client|Line:90|ServersListMessage
04:12:21|Receive|Rebirth.Auth|ReceiveEvent_Completed()|Client|Line:60|ServerSelectionMessage
04:12:21|Send|Rebirth.Auth|Send()|WorldClient|Line:76|AccountInformationsMessage
04:12:21|Receive|Rebirth.World|ReceiveEvent_Completed()|Client|Line:74|AccountInformationsMessage
04:12:21|Send|Rebirth.Auth|Send()|Client|Line:90|SelectedServerDataMessage
04:12:21|Send|Rebirth.World|Send()|Client|Line:104|HelloGameMessage
04:12:21|Receive|Rebirth.World|ReceiveEvent_Completed()|Client|Line:74|AuthenticationTicketMessage
04:12:21|Send|Rebirth.World|Send()|Client|Line:104|AuthenticationTicketAcceptedMessage
04:12:21|Receive|Rebirth.World|ReceiveEvent_Completed()|Client|Line:74|CharactersListRequestMessage
04:12:21|Send|Rebirth.World|Send()|Client|Line:104|AccountCapabilitiesMessage
04:12:21|Send|Rebirth.World|Send()|Client|Line:104|CharactersListMessage
04:12:24|Receive|Rebirth.World|ReceiveEvent_Completed()|Client|Line:74|CharacterNameSuggestionRequestMessage
04:12:24|Send|Rebirth.World|Send()|Client|Line:104|CharacterNameSuggestionSuccessMessage
04:12:24|Receive|Rebirth.World|ReceiveEvent_Completed()|Client|Line:74|BasicStatWithDataMessage
04:12:25|Receive|Rebirth.World|ReceiveEvent_Completed()|Client|Line:74|CharacterCreationRequestMessage
04:12:25|Error|Rebirth.Common|Execute()|DispatcherCore|Line:53|Unknow treatment for : BasicStatWithDataMessage
04:14:48|Infos|Rebirth.Auth|Init()|Starter|Line:28|Starting Auth !
04:14:48|Infos|Rebirth.Auth|Init()|Starter|Line:42|Throw in 0s !
04:14:48|Infos|Rebirth.World|Init()|Starter|Line:41|Starting World !
04:14:49|Send|Rebirth.World|Send()|Client|Line:104|UpdateStatuServerMessage
04:14:49|Receive|Rebirth.Auth|ReceiveEvent_Completed()|WorldClient|Line:53|UpdateStatuServerMessage
04:14:49|Send|Rebirth.World|Send()|Client|Line:104|UpdateStatuServerMessage
04:14:49|Infos|Rebirth.World|Init()|Starter|Line:59|Throw in 0s !
04:14:49|Receive|Rebirth.Auth|ReceiveEvent_Completed()|WorldClient|Line:53|UpdateStatuServerMessage
04:14:53|Send|Rebirth.Auth|Send()|Client|Line:90|ProtocolRequired
04:14:53|Send|Rebirth.Auth|Send()|Client|Line:90|RawDataMessage
04:14:53|Receive|Rebirth.Auth|ReceiveEvent_Completed()|Client|Line:60|IdentificationMessage
04:14:53|Send|Rebirth.Auth|Send()|Client|Line:90|LoginQueueStatusMessage
04:14:53|Send|Rebirth.Auth|Send()|Client|Line:90|IdentificationSuccessMessage
04:14:53|Send|Rebirth.Auth|Send()|Client|Line:90|ServersListMessage
04:14:55|Receive|Rebirth.Auth|ReceiveEvent_Completed()|Client|Line:60|ServerSelectionMessage
04:14:55|Send|Rebirth.Auth|Send()|WorldClient|Line:76|AccountInformationsMessage
04:14:55|Receive|Rebirth.World|ReceiveEvent_Completed()|Client|Line:74|AccountInformationsMessage
04:14:56|Send|Rebirth.Auth|Send()|Client|Line:90|SelectedServerDataMessage
04:14:56|Send|Rebirth.World|Send()|Client|Line:104|HelloGameMessage
04:14:56|Receive|Rebirth.World|ReceiveEvent_Completed()|Client|Line:74|AuthenticationTicketMessage
04:14:56|Send|Rebirth.World|Send()|Client|Line:104|AuthenticationTicketAcceptedMessage
04:14:56|Receive|Rebirth.World|ReceiveEvent_Completed()|Client|Line:74|CharactersListRequestMessage
04:15:10|Send|Rebirth.World|Send()|Client|Line:104|AccountCapabilitiesMessage
04:15:39|Infos|Rebirth.Auth|Init()|Starter|Line:28|Starting Auth !
04:15:39|Infos|Rebirth.Auth|Init()|Starter|Line:42|Throw in 0s !
04:15:39|Infos|Rebirth.World|Init()|Starter|Line:41|Starting World !
04:15:39|Send|Rebirth.World|Send()|Client|Line:104|UpdateStatuServerMessage
04:15:39|Receive|Rebirth.Auth|ReceiveEvent_Completed()|WorldClient|Line:53|UpdateStatuServerMessage
04:15:39|Send|Rebirth.World|Send()|Client|Line:104|UpdateStatuServerMessage
04:15:39|Infos|Rebirth.World|Init()|Starter|Line:59|Throw in 0s !
04:15:40|Receive|Rebirth.Auth|ReceiveEvent_Completed()|WorldClient|Line:53|UpdateStatuServerMessage
04:15:42|Send|Rebirth.Auth|Send()|Client|Line:90|ProtocolRequired
04:15:42|Send|Rebirth.Auth|Send()|Client|Line:90|RawDataMessage
04:15:42|Receive|Rebirth.Auth|ReceiveEvent_Completed()|Client|Line:60|IdentificationMessage
04:15:42|Send|Rebirth.Auth|Send()|Client|Line:90|LoginQueueStatusMessage
04:15:42|Send|Rebirth.Auth|Send()|Client|Line:90|IdentificationSuccessMessage
04:15:42|Send|Rebirth.Auth|Send()|Client|Line:90|ServersListMessage
04:15:55|Receive|Rebirth.Auth|ReceiveEvent_Completed()|Client|Line:60|ServerSelectionMessage
04:15:55|Send|Rebirth.Auth|Send()|WorldClient|Line:76|AccountInformationsMessage
04:15:55|Receive|Rebirth.World|ReceiveEvent_Completed()|Client|Line:74|AccountInformationsMessage
04:15:55|Send|Rebirth.Auth|Send()|Client|Line:90|SelectedServerDataMessage
04:15:55|Send|Rebirth.World|Send()|Client|Line:104|HelloGameMessage
04:15:55|Receive|Rebirth.World|ReceiveEvent_Completed()|Client|Line:74|AuthenticationTicketMessage
04:15:55|Send|Rebirth.World|Send()|Client|Line:104|AuthenticationTicketAcceptedMessage
04:15:56|Receive|Rebirth.World|ReceiveEvent_Completed()|Client|Line:74|CharactersListRequestMessage
04:15:56|Send|Rebirth.World|Send()|Client|Line:104|AccountCapabilitiesMessage
04:15:56|Send|Rebirth.World|Send()|Client|Line:104|CharactersListMessage
04:16:00|Receive|Rebirth.World|ReceiveEvent_Completed()|Client|Line:74|CharacterNameSuggestionRequestMessage
04:16:00|Send|Rebirth.World|Send()|Client|Line:104|CharacterNameSuggestionSuccessMessage
04:16:00|Receive|Rebirth.World|ReceiveEvent_Completed()|Client|Line:74|BasicStatWithDataMessage
04:16:00|Receive|Rebirth.World|ReceiveEvent_Completed()|Client|Line:74|CharacterCreationRequestMessage
04:16:00|Error|Rebirth.Common|Execute()|DispatcherCore|Line:53|Unknow treatment for : BasicStatWithDataMessage
04:16:00|Send|Rebirth.World|Send()|Client|Line:104|CreateCharacterMessage
04:16:00|Receive|Rebirth.Auth|ReceiveEvent_Completed()|WorldClient|Line:53|CreateCharacterMessage
04:16:00|Send|Rebirth.World|Send()|Client|Line:104|CharacterCreationResultMessage
04:16:33|Infos|Rebirth.Auth|Init()|Starter|Line:28|Starting Auth !
04:16:34|Infos|Rebirth.Auth|Init()|Starter|Line:42|Throw in 0s !
04:16:34|Infos|Rebirth.World|Init()|Starter|Line:41|Starting World !
04:16:34|Send|Rebirth.World|Send()|Client|Line:104|UpdateStatuServerMessage
04:16:34|Receive|Rebirth.Auth|ReceiveEvent_Completed()|WorldClient|Line:53|UpdateStatuServerMessage
04:17:52|Infos|Rebirth.Auth|Init()|Starter|Line:28|Starting Auth !
04:17:52|Infos|Rebirth.Auth|Init()|Starter|Line:42|Throw in 0s !
04:17:52|Infos|Rebirth.World|Init()|Starter|Line:41|Starting World !
04:17:53|Send|Rebirth.World|Send()|Client|Line:104|UpdateStatuServerMessage
04:17:53|Receive|Rebirth.Auth|ReceiveEvent_Completed()|WorldClient|Line:53|UpdateStatuServerMessage
04:18:05|Send|Rebirth.World|Send()|Client|Line:104|UpdateStatuServerMessage
04:18:05|Infos|Rebirth.World|Init()|Starter|Line:59|Throw in 12s !
04:18:05|Receive|Rebirth.Auth|ReceiveEvent_Completed()|WorldClient|Line:53|UpdateStatuServerMessage
04:18:09|Send|Rebirth.Auth|Send()|Client|Line:90|ProtocolRequired
04:18:09|Send|Rebirth.Auth|Send()|Client|Line:90|RawDataMessage
04:18:10|Receive|Rebirth.Auth|ReceiveEvent_Completed()|Client|Line:60|IdentificationMessage
04:18:10|Send|Rebirth.Auth|Send()|Client|Line:90|LoginQueueStatusMessage
04:18:10|Send|Rebirth.Auth|Send()|Client|Line:90|IdentificationSuccessMessage
04:18:10|Send|Rebirth.Auth|Send()|Client|Line:90|ServersListMessage
04:18:11|Receive|Rebirth.Auth|ReceiveEvent_Completed()|Client|Line:60|ServerSelectionMessage
04:18:11|Send|Rebirth.Auth|Send()|WorldClient|Line:76|AccountInformationsMessage
04:18:11|Receive|Rebirth.World|ReceiveEvent_Completed()|Client|Line:74|AccountInformationsMessage
04:18:11|Send|Rebirth.Auth|Send()|Client|Line:90|SelectedServerDataMessage
04:18:11|Send|Rebirth.World|Send()|Client|Line:104|HelloGameMessage
04:18:11|Receive|Rebirth.World|ReceiveEvent_Completed()|Client|Line:74|AuthenticationTicketMessage
04:18:11|Send|Rebirth.World|Send()|Client|Line:104|AuthenticationTicketAcceptedMessage
04:18:11|Receive|Rebirth.World|ReceiveEvent_Completed()|Client|Line:74|CharactersListRequestMessage
04:18:12|Send|Rebirth.World|Send()|Client|Line:104|AccountCapabilitiesMessage
04:18:12|Send|Rebirth.World|Send()|Client|Line:104|CharactersListMessage
04:18:14|Receive|Rebirth.World|ReceiveEvent_Completed()|Client|Line:74|ReloginTokenRequestMessage
04:18:14|Error|Rebirth.Common|Execute()|DispatcherCore|Line:53|Unknow treatment for : ReloginTokenRequestMessage
04:18:20|Receive|Rebirth.World|ReceiveEvent_Completed()|Client|Line:74|CharacterNameSuggestionRequestMessage
04:18:20|Send|Rebirth.World|Send()|Client|Line:104|CharacterNameSuggestionSuccessMessage
04:18:21|Receive|Rebirth.World|ReceiveEvent_Completed()|Client|Line:74|BasicStatWithDataMessage
04:18:21|Receive|Rebirth.World|ReceiveEvent_Completed()|Client|Line:74|CharacterCreationRequestMessage
04:18:21|Error|Rebirth.Common|Execute()|DispatcherCore|Line:53|Unknow treatment for : BasicStatWithDataMessage
04:18:21|Send|Rebirth.World|Send()|Client|Line:104|CreateCharacterMessage
04:18:21|Receive|Rebirth.Auth|ReceiveEvent_Completed()|WorldClient|Line:53|CreateCharacterMessage
04:18:21|Send|Rebirth.World|Send()|Client|Line:104|CharacterCreationResultMessage
04:19:10|Infos|Rebirth.Auth|Init()|Starter|Line:28|Starting Auth !
04:19:10|Infos|Rebirth.Auth|Init()|Starter|Line:42|Throw in 0s !
04:19:10|Infos|Rebirth.World|Init()|Starter|Line:41|Starting World !
04:19:10|Send|Rebirth.World|Send()|Client|Line:104|UpdateStatuServerMessage
04:19:10|Receive|Rebirth.Auth|ReceiveEvent_Completed()|WorldClient|Line:53|UpdateStatuServerMessage
04:19:11|Send|Rebirth.World|Send()|Client|Line:104|UpdateStatuServerMessage
04:19:11|Infos|Rebirth.World|Init()|Starter|Line:59|Throw in 0s !
04:19:11|Receive|Rebirth.Auth|ReceiveEvent_Completed()|WorldClient|Line:53|UpdateStatuServerMessage
04:19:12|Send|Rebirth.Auth|Send()|Client|Line:90|ProtocolRequired
04:19:12|Send|Rebirth.Auth|Send()|Client|Line:90|RawDataMessage
04:19:12|Receive|Rebirth.Auth|ReceiveEvent_Completed()|Client|Line:60|IdentificationMessage
04:19:12|Send|Rebirth.Auth|Send()|Client|Line:90|LoginQueueStatusMessage
04:19:12|Send|Rebirth.Auth|Send()|Client|Line:90|IdentificationSuccessMessage
04:19:12|Send|Rebirth.Auth|Send()|Client|Line:90|ServersListMessage
04:19:14|Receive|Rebirth.Auth|ReceiveEvent_Completed()|Client|Line:60|ServerSelectionMessage
04:19:14|Send|Rebirth.Auth|Send()|WorldClient|Line:76|AccountInformationsMessage
04:19:14|Receive|Rebirth.World|ReceiveEvent_Completed()|Client|Line:74|AccountInformationsMessage
04:19:14|Send|Rebirth.Auth|Send()|Client|Line:90|SelectedServerDataMessage
04:19:14|Send|Rebirth.World|Send()|Client|Line:104|HelloGameMessage
04:19:14|Receive|Rebirth.World|ReceiveEvent_Completed()|Client|Line:74|AuthenticationTicketMessage
04:19:14|Send|Rebirth.World|Send()|Client|Line:104|AuthenticationTicketAcceptedMessage
04:19:14|Receive|Rebirth.World|ReceiveEvent_Completed()|Client|Line:74|CharactersListRequestMessage
04:19:14|Send|Rebirth.World|Send()|Client|Line:104|AccountCapabilitiesMessage
04:19:14|Send|Rebirth.World|Send()|Client|Line:104|CharactersListMessage
04:26:30|Infos|Rebirth.Auth|Init()|Starter|Line:28|Starting Auth !
04:26:31|Infos|Rebirth.Auth|Init()|Starter|Line:42|Throw in 0s !
04:26:31|Infos|Rebirth.World|Init()|Starter|Line:41|Starting World !
04:26:31|Send|Rebirth.World|Send()|Client|Line:104|UpdateStatuServerMessage
04:26:31|Receive|Rebirth.Auth|ReceiveEvent_Completed()|WorldClient|Line:53|UpdateStatuServerMessage
04:26:31|Send|Rebirth.World|Send()|Client|Line:104|UpdateStatuServerMessage
04:26:31|Infos|Rebirth.World|Init()|Starter|Line:59|Throw in 0s !
04:26:31|Receive|Rebirth.Auth|ReceiveEvent_Completed()|WorldClient|Line:53|UpdateStatuServerMessage
04:26:38|Send|Rebirth.Auth|Send()|Client|Line:90|ProtocolRequired
04:26:38|Send|Rebirth.Auth|Send()|Client|Line:90|RawDataMessage
04:26:38|Receive|Rebirth.Auth|ReceiveEvent_Completed()|Client|Line:60|IdentificationMessage
04:26:38|Send|Rebirth.Auth|Send()|Client|Line:90|LoginQueueStatusMessage
04:26:38|Send|Rebirth.Auth|Send()|Client|Line:90|IdentificationSuccessMessage
04:26:38|Send|Rebirth.Auth|Send()|Client|Line:90|ServersListMessage
04:26:40|Receive|Rebirth.Auth|ReceiveEvent_Completed()|Client|Line:60|ServerSelectionMessage
04:26:40|Send|Rebirth.Auth|Send()|WorldClient|Line:76|AccountInformationsMessage
04:26:40|Receive|Rebirth.World|ReceiveEvent_Completed()|Client|Line:74|AccountInformationsMessage
04:26:41|Send|Rebirth.Auth|Send()|Client|Line:90|SelectedServerDataMessage
04:26:41|Send|Rebirth.World|Send()|Client|Line:104|HelloGameMessage
04:26:41|Receive|Rebirth.World|ReceiveEvent_Completed()|Client|Line:74|AuthenticationTicketMessage
04:26:41|Send|Rebirth.World|Send()|Client|Line:104|AuthenticationTicketAcceptedMessage
04:26:41|Receive|Rebirth.World|ReceiveEvent_Completed()|Client|Line:74|CharactersListRequestMessage
04:26:41|Send|Rebirth.World|Send()|Client|Line:104|AccountCapabilitiesMessage
04:26:41|Send|Rebirth.World|Send()|Client|Line:104|CharactersListMessage
04:26:46|Receive|Rebirth.World|ReceiveEvent_Completed()|Client|Line:74|CharacterNameSuggestionRequestMessage
04:26:46|Send|Rebirth.World|Send()|Client|Line:104|CharacterNameSuggestionSuccessMessage
04:26:47|Receive|Rebirth.World|ReceiveEvent_Completed()|Client|Line:74|BasicStatWithDataMessage
04:26:47|Receive|Rebirth.World|ReceiveEvent_Completed()|Client|Line:74|CharacterCreationRequestMessage
04:26:47|Error|Rebirth.Common|Execute()|DispatcherCore|Line:53|Unknow treatment for : BasicStatWithDataMessage
04:26:47|Send|Rebirth.World|Send()|Client|Line:104|CreateCharacterMessage
04:26:47|Send|Rebirth.World|Send()|Client|Line:104|CharacterCreationResultMessage
04:26:47|Receive|Rebirth.Auth|ReceiveEvent_Completed()|WorldClient|Line:53|CreateCharacterMessage
04:26:58|Send|Rebirth.Auth|Send()|Client|Line:90|ProtocolRequired
04:26:58|Send|Rebirth.Auth|Send()|Client|Line:90|RawDataMessage
04:26:58|Receive|Rebirth.Auth|ReceiveEvent_Completed()|Client|Line:60|IdentificationMessage
04:26:58|Send|Rebirth.Auth|Send()|Client|Line:90|LoginQueueStatusMessage
04:26:58|Send|Rebirth.Auth|Send()|Client|Line:90|IdentificationSuccessMessage
04:26:58|Send|Rebirth.Auth|Send()|Client|Line:90|ServersListMessage
04:26:59|Receive|Rebirth.Auth|ReceiveEvent_Completed()|Client|Line:60|ServerSelectionMessage
04:26:59|Send|Rebirth.Auth|Send()|WorldClient|Line:76|AccountInformationsMessage
04:26:59|Send|Rebirth.Auth|Send()|Client|Line:90|SelectedServerDataMessage
04:26:59|Receive|Rebirth.World|ReceiveEvent_Completed()|Client|Line:74|AccountInformationsMessage
04:27:00|Send|Rebirth.World|Send()|Client|Line:104|HelloGameMessage
04:27:00|Receive|Rebirth.World|ReceiveEvent_Completed()|Client|Line:74|AuthenticationTicketMessage
04:27:00|Send|Rebirth.World|Send()|Client|Line:104|AuthenticationTicketAcceptedMessage
04:27:00|Receive|Rebirth.World|ReceiveEvent_Completed()|Client|Line:74|CharactersListRequestMessage
04:27:00|Send|Rebirth.World|Send()|Client|Line:104|AccountCapabilitiesMessage
04:27:00|Send|Rebirth.World|Send()|Client|Line:104|CharactersListMessage
04:30:31|Infos|Rebirth.Auth|Init()|Starter|Line:28|Starting Auth !
04:30:32|Infos|Rebirth.Auth|Init()|Starter|Line:42|Throw in 0s !
04:30:32|Infos|Rebirth.World|Init()|Starter|Line:41|Starting World !
04:30:32|Send|Rebirth.World|Send()|Client|Line:104|UpdateStatuServerMessage
04:30:32|Receive|Rebirth.Auth|ReceiveEvent_Completed()|WorldClient|Line:53|UpdateStatuServerMessage
04:30:32|Send|Rebirth.World|Send()|Client|Line:104|UpdateStatuServerMessage
04:30:32|Infos|Rebirth.World|Init()|Starter|Line:59|Throw in 0s !
04:30:32|Receive|Rebirth.Auth|ReceiveEvent_Completed()|WorldClient|Line:53|UpdateStatuServerMessage
04:30:35|Send|Rebirth.Auth|Send()|Client|Line:90|ProtocolRequired
04:30:35|Send|Rebirth.Auth|Send()|Client|Line:90|RawDataMessage
04:30:35|Receive|Rebirth.Auth|ReceiveEvent_Completed()|Client|Line:60|IdentificationMessage
04:30:35|Send|Rebirth.Auth|Send()|Client|Line:90|LoginQueueStatusMessage
04:30:35|Send|Rebirth.Auth|Send()|Client|Line:90|IdentificationSuccessMessage
04:30:35|Send|Rebirth.Auth|Send()|Client|Line:90|ServersListMessage
04:30:38|Receive|Rebirth.Auth|ReceiveEvent_Completed()|Client|Line:60|ServerSelectionMessage
04:30:38|Send|Rebirth.Auth|Send()|WorldClient|Line:76|AccountInformationsMessage
04:30:38|Receive|Rebirth.World|ReceiveEvent_Completed()|Client|Line:74|AccountInformationsMessage
04:30:38|Send|Rebirth.Auth|Send()|Client|Line:90|SelectedServerDataMessage
04:30:38|Send|Rebirth.World|Send()|Client|Line:104|HelloGameMessage
04:30:38|Receive|Rebirth.World|ReceiveEvent_Completed()|Client|Line:74|AuthenticationTicketMessage
04:30:38|Send|Rebirth.World|Send()|Client|Line:104|AuthenticationTicketAcceptedMessage
04:30:38|Receive|Rebirth.World|ReceiveEvent_Completed()|Client|Line:74|CharactersListRequestMessage
04:30:38|Send|Rebirth.World|Send()|Client|Line:104|AccountCapabilitiesMessage
04:30:39|Send|Rebirth.World|Send()|Client|Line:104|CharactersListMessage
04:30:41|Receive|Rebirth.World|ReceiveEvent_Completed()|Client|Line:74|CharacterNameSuggestionRequestMessage
04:30:41|Send|Rebirth.World|Send()|Client|Line:104|CharacterNameSuggestionSuccessMessage
04:30:43|Receive|Rebirth.World|ReceiveEvent_Completed()|Client|Line:74|BasicStatWithDataMessage
04:30:43|Receive|Rebirth.World|ReceiveEvent_Completed()|Client|Line:74|CharacterCreationRequestMessage
04:30:43|Error|Rebirth.Common|Execute()|DispatcherCore|Line:53|Unknow treatment for : BasicStatWithDataMessage
04:30:43|Send|Rebirth.World|Send()|Client|Line:104|CreateCharacterMessage
04:30:43|Receive|Rebirth.Auth|ReceiveEvent_Completed()|WorldClient|Line:53|CreateCharacterMessage
04:30:44|Send|Rebirth.World|Send()|Client|Line:104|CharacterCreationResultMessage
04:30:54|Send|Rebirth.Auth|Send()|Client|Line:90|ProtocolRequired
04:30:54|Send|Rebirth.Auth|Send()|Client|Line:90|RawDataMessage
04:30:54|Receive|Rebirth.Auth|ReceiveEvent_Completed()|Client|Line:60|IdentificationMessage
04:30:54|Send|Rebirth.Auth|Send()|Client|Line:90|LoginQueueStatusMessage
04:30:54|Send|Rebirth.Auth|Send()|Client|Line:90|IdentificationSuccessMessage
04:30:54|Send|Rebirth.Auth|Send()|Client|Line:90|ServersListMessage
04:30:56|Receive|Rebirth.Auth|ReceiveEvent_Completed()|Client|Line:60|ServerSelectionMessage
04:30:56|Send|Rebirth.Auth|Send()|WorldClient|Line:76|AccountInformationsMessage
04:30:56|Send|Rebirth.Auth|Send()|Client|Line:90|SelectedServerDataMessage
04:30:56|Receive|Rebirth.World|ReceiveEvent_Completed()|Client|Line:74|AccountInformationsMessage
04:30:56|Send|Rebirth.World|Send()|Client|Line:104|HelloGameMessage
04:30:56|Receive|Rebirth.World|ReceiveEvent_Completed()|Client|Line:74|AuthenticationTicketMessage
04:30:56|Send|Rebirth.World|Send()|Client|Line:104|AuthenticationTicketAcceptedMessage
04:30:56|Receive|Rebirth.World|ReceiveEvent_Completed()|Client|Line:74|CharactersListRequestMessage
04:30:56|Send|Rebirth.World|Send()|Client|Line:104|AccountCapabilitiesMessage
04:30:57|Send|Rebirth.World|Send()|Client|Line:104|CharactersListMessage
04:31:04|Receive|Rebirth.World|ReceiveEvent_Completed()|Client|Line:74|CharacterNameSuggestionRequestMessage
04:31:04|Send|Rebirth.World|Send()|Client|Line:104|CharacterNameSuggestionSuccessMessage
04:31:07|Receive|Rebirth.World|ReceiveEvent_Completed()|Client|Line:74|BasicStatWithDataMessage
04:31:07|Receive|Rebirth.World|ReceiveEvent_Completed()|Client|Line:74|CharacterCreationRequestMessage
04:31:07|Error|Rebirth.Common|Execute()|DispatcherCore|Line:53|Unknow treatment for : BasicStatWithDataMessage
04:31:07|Send|Rebirth.World|Send()|Client|Line:104|CreateCharacterMessage
04:31:07|Send|Rebirth.World|Send()|Client|Line:104|CharacterCreationResultMessage
04:31:07|Receive|Rebirth.Auth|ReceiveEvent_Completed()|WorldClient|Line:53|CreateCharacterMessage
04:31:23|Send|Rebirth.Auth|Send()|Client|Line:90|ProtocolRequired
04:31:23|Send|Rebirth.Auth|Send()|Client|Line:90|RawDataMessage
04:31:24|Receive|Rebirth.Auth|ReceiveEvent_Completed()|Client|Line:60|IdentificationMessage
04:31:24|Send|Rebirth.Auth|Send()|Client|Line:90|LoginQueueStatusMessage
04:31:24|Send|Rebirth.Auth|Send()|Client|Line:90|IdentificationSuccessMessage
04:31:24|Send|Rebirth.Auth|Send()|Client|Line:90|ServersListMessage
04:31:25|Receive|Rebirth.Auth|ReceiveEvent_Completed()|Client|Line:60|ServerSelectionMessage
04:31:25|Send|Rebirth.Auth|Send()|WorldClient|Line:76|AccountInformationsMessage
04:31:25|Send|Rebirth.Auth|Send()|Client|Line:90|SelectedServerDataMessage
04:31:25|Receive|Rebirth.World|ReceiveEvent_Completed()|Client|Line:74|AccountInformationsMessage
04:31:32|Send|Rebirth.Auth|Send()|Client|Line:90|ProtocolRequired
04:31:32|Send|Rebirth.Auth|Send()|Client|Line:90|RawDataMessage
04:33:23|Infos|Rebirth.Auth|Init()|Starter|Line:28|Starting Auth !
04:33:24|Infos|Rebirth.Auth|Init()|Starter|Line:42|Throw in 0s !
04:33:24|Infos|Rebirth.World|Init()|Starter|Line:41|Starting World !
04:33:24|Send|Rebirth.World|Send()|Client|Line:104|UpdateStatuServerMessage
04:33:24|Receive|Rebirth.Auth|ReceiveEvent_Completed()|WorldClient|Line:53|UpdateStatuServerMessage
04:33:24|Send|Rebirth.World|Send()|Client|Line:104|UpdateStatuServerMessage
04:33:24|Infos|Rebirth.World|Init()|Starter|Line:59|Throw in 0s !
04:33:24|Receive|Rebirth.Auth|ReceiveEvent_Completed()|WorldClient|Line:53|UpdateStatuServerMessage
04:33:25|Send|Rebirth.Auth|Send()|Client|Line:90|ProtocolRequired
04:33:25|Send|Rebirth.Auth|Send()|Client|Line:90|RawDataMessage
04:33:25|Receive|Rebirth.Auth|ReceiveEvent_Completed()|Client|Line:60|IdentificationMessage
04:33:25|Send|Rebirth.Auth|Send()|Client|Line:90|LoginQueueStatusMessage
04:33:25|Send|Rebirth.Auth|Send()|Client|Line:90|IdentificationSuccessMessage
04:33:25|Send|Rebirth.Auth|Send()|Client|Line:90|ServersListMessage
04:33:26|Receive|Rebirth.Auth|ReceiveEvent_Completed()|Client|Line:60|ServerSelectionMessage
04:33:26|Send|Rebirth.Auth|Send()|WorldClient|Line:76|AccountInformationsMessage
04:33:26|Receive|Rebirth.World|ReceiveEvent_Completed()|Client|Line:74|AccountInformationsMessage
04:33:26|Send|Rebirth.Auth|Send()|Client|Line:90|SelectedServerDataMessage
04:33:26|Send|Rebirth.World|Send()|Client|Line:104|HelloGameMessage
04:33:26|Receive|Rebirth.World|ReceiveEvent_Completed()|Client|Line:74|AuthenticationTicketMessage
04:33:26|Send|Rebirth.World|Send()|Client|Line:104|AuthenticationTicketAcceptedMessage
04:33:27|Receive|Rebirth.World|ReceiveEvent_Completed()|Client|Line:74|CharactersListRequestMessage
04:33:27|Send|Rebirth.World|Send()|Client|Line:104|AccountCapabilitiesMessage
04:33:27|Send|Rebirth.World|Send()|Client|Line:104|CharactersListMessage
04:41:22|Infos|Rebirth.Auth|Init()|Starter|Line:28|Starting Auth !
04:41:23|Infos|Rebirth.Auth|Init()|Starter|Line:42|Throw in 0s !
04:41:23|Infos|Rebirth.World|Init()|Starter|Line:41|Starting World !
04:41:23|Send|Rebirth.World|Send()|Client|Line:104|UpdateStatuServerMessage
04:41:23|Receive|Rebirth.Auth|ReceiveEvent_Completed()|WorldClient|Line:53|UpdateStatuServerMessage
04:41:23|Send|Rebirth.World|Send()|Client|Line:104|UpdateStatuServerMessage
04:41:23|Infos|Rebirth.World|Init()|Starter|Line:59|Throw in 0s !
04:41:23|Receive|Rebirth.Auth|ReceiveEvent_Completed()|WorldClient|Line:53|UpdateStatuServerMessage
04:41:26|Send|Rebirth.Auth|Send()|Client|Line:90|ProtocolRequired
04:41:27|Send|Rebirth.Auth|Send()|Client|Line:90|RawDataMessage
04:41:27|Receive|Rebirth.Auth|ReceiveEvent_Completed()|Client|Line:60|IdentificationMessage
04:41:27|Send|Rebirth.Auth|Send()|Client|Line:90|LoginQueueStatusMessage
04:41:27|Send|Rebirth.Auth|Send()|Client|Line:90|IdentificationSuccessMessage
04:41:27|Send|Rebirth.Auth|Send()|Client|Line:90|ServersListMessage
04:41:28|Receive|Rebirth.Auth|ReceiveEvent_Completed()|Client|Line:60|ServerSelectionMessage
04:41:28|Send|Rebirth.Auth|Send()|WorldClient|Line:76|AccountInformationsMessage
04:41:29|Receive|Rebirth.World|ReceiveEvent_Completed()|Client|Line:74|AccountInformationsMessage
04:41:29|Send|Rebirth.Auth|Send()|Client|Line:90|SelectedServerDataMessage
04:41:29|Send|Rebirth.World|Send()|Client|Line:104|HelloGameMessage
04:41:29|Receive|Rebirth.World|ReceiveEvent_Completed()|Client|Line:74|AuthenticationTicketMessage
04:41:29|Send|Rebirth.World|Send()|Client|Line:104|AuthenticationTicketAcceptedMessage
04:41:29|Receive|Rebirth.World|ReceiveEvent_Completed()|Client|Line:74|CharactersListRequestMessage
04:41:29|Send|Rebirth.World|Send()|Client|Line:104|AccountCapabilitiesMessage
04:41:29|Send|Rebirth.World|Send()|Client|Line:104|CharactersListMessage
04:41:44|Receive|Rebirth.World|ReceiveEvent_Completed()|Client|Line:74|CharacterNameSuggestionRequestMessage
04:41:44|Send|Rebirth.World|Send()|Client|Line:104|CharacterNameSuggestionSuccessMessage
04:41:49|Receive|Rebirth.World|ReceiveEvent_Completed()|Client|Line:74|BasicStatWithDataMessage
04:41:49|Receive|Rebirth.World|ReceiveEvent_Completed()|Client|Line:74|CharacterCreationRequestMessage
04:41:49|Error|Rebirth.Common|Execute()|DispatcherCore|Line:53|Unknow treatment for : BasicStatWithDataMessage
04:41:49|Send|Rebirth.World|Send()|Client|Line:104|CreateCharacterMessage
04:41:49|Send|Rebirth.World|Send()|Client|Line:104|CharacterCreationResultMessage
04:41:49|Receive|Rebirth.Auth|ReceiveEvent_Completed()|WorldClient|Line:53|CreateCharacterMessage
04:41:49|Send|Rebirth.World|Send()|Client|Line:104|BasicNoOperationMessage
04:41:49|Send|Rebirth.World|Send()|Client|Line:104|CharactersListMessage
04:41:50|Receive|Rebirth.World|ReceiveEvent_Completed()|Client|Line:74|CharacterSelectionMessage
05:20:07|Infos|Rebirth.Auth|Init()|Starter|Line:28|Starting Auth !
05:20:08|Infos|Rebirth.Auth|Init()|Starter|Line:42|Throw in 0s !
05:20:08|Infos|Rebirth.World|Init()|Starter|Line:41|Starting World !
05:20:08|Send|Rebirth.World|Send()|Client|Line:115|UpdateStatuServerMessage
05:20:08|Receive|Rebirth.Auth|ReceiveEvent_Completed()|WorldClient|Line:53|UpdateStatuServerMessage
05:20:08|Send|Rebirth.World|Send()|Client|Line:115|UpdateStatuServerMessage
05:20:08|Infos|Rebirth.World|Init()|Starter|Line:59|Throw in 0s !
05:20:08|Receive|Rebirth.Auth|ReceiveEvent_Completed()|WorldClient|Line:53|UpdateStatuServerMessage
05:20:12|Send|Rebirth.Auth|Send()|Client|Line:90|ProtocolRequired
05:20:12|Send|Rebirth.Auth|Send()|Client|Line:90|RawDataMessage
05:20:12|Receive|Rebirth.Auth|ReceiveEvent_Completed()|Client|Line:60|IdentificationMessage
05:20:13|Send|Rebirth.Auth|Send()|Client|Line:90|LoginQueueStatusMessage
05:20:13|Send|Rebirth.Auth|Send()|Client|Line:90|IdentificationSuccessMessage
05:20:13|Send|Rebirth.Auth|Send()|Client|Line:90|ServersListMessage
05:20:14|Receive|Rebirth.Auth|ReceiveEvent_Completed()|Client|Line:60|ServerSelectionMessage
05:20:14|Send|Rebirth.Auth|Send()|WorldClient|Line:76|AccountInformationsMessage
05:20:14|Receive|Rebirth.World|ReceiveEvent_Completed()|Client|Line:76|AccountInformationsMessage
05:20:14|Send|Rebirth.Auth|Send()|Client|Line:90|SelectedServerDataMessage
05:20:14|Send|Rebirth.World|Send()|Client|Line:115|HelloGameMessage
05:20:14|Receive|Rebirth.World|ReceiveEvent_Completed()|Client|Line:76|AuthenticationTicketMessage
05:20:14|Send|Rebirth.World|Send()|Client|Line:115|AuthenticationTicketAcceptedMessage
05:20:14|Receive|Rebirth.World|ReceiveEvent_Completed()|Client|Line:76|CharactersListRequestMessage
05:20:14|Send|Rebirth.World|Send()|Client|Line:115|AccountCapabilitiesMessage
05:20:14|Send|Rebirth.World|Send()|Client|Line:115|CharactersListMessage
05:20:20|Infos|Rebirth.World|Disconnect()|Client|Line:91|NickName : test disconnected !
